#
# There is insufficient memory for the Java Runtime Environment to continue.
# Native memory allocation (mmap) failed to map 65536 bytes for Failed to commit metaspace.
# Possible reasons:
#   The system is out of physical RAM or swap space
#   The process is running with CompressedOops enabled, and the Java Heap may be blocking the growth of the native heap
# Possible solutions:
#   Reduce memory load on the system
#   Increase physical memory or swap space
#   Check if swap backing store is full
#   Decrease Java heap size (-Xmx/-Xms)
#   Decrease number of Java threads
#   Decrease Java thread stack sizes (-Xss)
#   Set larger code cache with -XX:ReservedCodeCacheSize=
#   JVM is running with Zero Based Compressed Oops mode in which the Java heap is
#     placed in the first 32GB address space. The Java Heap base address is the
#     maximum limit for the native heap growth. Please use -XX:HeapBaseMinAddress
#     to set the Java Heap base and to place the Java Heap above 32GB virtual address.
# This output file may be truncated or incomplete.
#
#  Out of Memory Error (virtualSpaceNode.cpp:110), pid=11912, tid=5212
#
# JRE version: Java(TM) SE Runtime Environment (17.0.12+8) (build 17.0.12+8-LTS-286)
# Java VM: Java HotSpot(TM) 64-Bit Server VM (17.0.12+8-LTS-286, mixed mode, emulated-client, sharing, tiered, compressed oops, compressed class ptrs, g1 gc, windows-amd64)
# No core dump will be written. Minidumps are not enabled by default on client versions of Windows
#

---------------  S U M M A R Y ------------

Command Line: -agentlib:jdwp=transport=dt_socket,address=127.0.0.1:57433,suspend=y,server=n -agentpath:C:\Users\wjy\AppData\Local\Temp\idea_libasyncProfiler_dll_temp_folder\libasyncProfiler.dll=version,jfr,event=wall,interval=10ms,cstack=no,file=C:\Users\wjy\IdeaSnapshots\CommentApplication_2024_12_25_115219.jfr,dbghelppath=C:\Users\wjy\AppData\Local\Temp\idea_dbghelp_dll_temp_folder\dbghelp.dll,log=C:\Users\wjy\AppData\Local\Temp\CommentApplication_2024_12_25_115219.jfr.log.txt,logLevel=DEBUG -XX:TieredStopAtLevel=1 -Dspring.output.ansi.enabled=always -Dcom.sun.management.jmxremote -Dspring.jmx.enabled=true -Dspring.liveBeansView.mbeanDomain -Dspring.application.admin.enabled=true -Dmanagement.endpoints.jmx.exposure.include=* -javaagent:C:\Users\wjy\AppData\Local\JetBrains\IntelliJIdea2024.3\captureAgent\debugger-agent.jar -Dkotlinx.coroutines.debug.enable.creation.stack.trace=false -Ddebugger.agent.enable.coroutines=true -Dkotlinx.coroutines.debug.enable.flows.stack.trace=true -Dkotlinx.coroutines.debug.enable.mutable.state.flows.stack.trace=true -Dfile.encoding=UTF-8 cn.edu.xmu.oomall.comment.CommentApplication

Host: AMD Ryzen 7 5800H with Radeon Graphics         , 16 cores, 15G,  Windows 11 , 64 bit Build 22621 (10.0.22621.4391)
Time: Wed Dec 25 11:52:28 2024  Windows 11 , 64 bit Build 22621 (10.0.22621.4391) elapsed time: 8.101357 seconds (0d 0h 0m 8s)

---------------  T H R E A D  ---------------

Current thread (0x000001daedb66420):  JavaThread "main" [_thread_in_vm, id=5212, stack(0x0000002103d00000,0x0000002103e00000)]

Stack: [0x0000002103d00000,0x0000002103e00000]
Native frames: (J=compiled Java code, j=interpreted, Vv=VM code, C=native code)
V  [jvm.dll+0x67a04a]
V  [jvm.dll+0x7da4ed]
V  [jvm.dll+0x7dbe33]
V  [jvm.dll+0x7dc4a3]
V  [jvm.dll+0x24508f]
V  [jvm.dll+0x7d60bb]
V  [jvm.dll+0x6206c6]
V  [jvm.dll+0x1bed07]
V  [jvm.dll+0x623022]
V  [jvm.dll+0x621086]
V  [jvm.dll+0x23a7d6]
V  [jvm.dll+0x1e8e87]
V  [jvm.dll+0x1dea41]
V  [jvm.dll+0x53f78c]
V  [jvm.dll+0x7553b8]
V  [jvm.dll+0x7554a4]
V  [jvm.dll+0x40d1af]
V  [jvm.dll+0x413c39]
C  [java.dll+0x17ec]

Java frames: (J=compiled Java code, j=interpreted, Vv=VM code)
J 966  java.lang.ClassLoader.defineClass1(Ljava/lang/ClassLoader;Ljava/lang/String;[BIILjava/security/ProtectionDomain;Ljava/lang/String;)Ljava/lang/Class; java.base@17.0.12 (0 bytes) @ 0x000001daf5fe7363 [0x000001daf5fe72a0+0x00000000000000c3]
J 1079 c1 java.lang.ClassLoader.defineClass(Ljava/lang/String;[BIILjava/security/ProtectionDomain;)Ljava/lang/Class; java.base@17.0.12 (43 bytes) @ 0x000001daf60b65a4 [0x000001daf60b6460+0x0000000000000144]
J 969 c1 jdk.internal.loader.BuiltinClassLoader.defineClass(Ljava/lang/String;Ljdk/internal/loader/Resource;)Ljava/lang/Class; java.base@17.0.12 (121 bytes) @ 0x000001daf607fc2c [0x000001daf607f720+0x000000000000050c]
J 968 c1 jdk.internal.loader.BuiltinClassLoader.findClassOnClassPathOrNull(Ljava/lang/String;)Ljava/lang/Class; java.base@17.0.12 (64 bytes) @ 0x000001daf6080e1c [0x000001daf6080b20+0x00000000000002fc]
J 749 c1 jdk.internal.loader.BuiltinClassLoader.loadClassOrNull(Ljava/lang/String;Z)Ljava/lang/Class; java.base@17.0.12 (143 bytes) @ 0x000001daf5f8645c [0x000001daf5f85f80+0x00000000000004dc]
J 895 c1 jdk.internal.loader.ClassLoaders$AppClassLoader.loadClass(Ljava/lang/String;Z)Ljava/lang/Class; java.base@17.0.12 (40 bytes) @ 0x000001daf5fc893c [0x000001daf5fc8800+0x000000000000013c]
J 894 c1 java.lang.ClassLoader.loadClass(Ljava/lang/String;)Ljava/lang/Class; java.base@17.0.12 (7 bytes) @ 0x000001daf5fc7afc [0x000001daf5fc7aa0+0x000000000000005c]
v  ~StubRoutines::call_stub
j  org.hibernate.dialect.Database.<clinit>()V+0
v  ~StubRoutines::call_stub
j  org.hibernate.engine.jdbc.dialect.internal.StandardDialectResolver.resolveDialect(Lorg/hibernate/engine/jdbc/dialect/spi/DialectResolutionInfo;)Lorg/hibernate/dialect/Dialect;+0
j  org.hibernate.engine.jdbc.dialect.internal.DialectResolverSet.resolveDialect(Lorg/hibernate/engine/jdbc/dialect/spi/DialectResolutionInfo;)Lorg/hibernate/dialect/Dialect;+31
j  org.hibernate.engine.jdbc.dialect.internal.DialectFactoryImpl.determineDialect(Lorg/hibernate/engine/jdbc/dialect/spi/DialectResolutionInfoSource;)Lorg/hibernate/dialect/Dialect;+26
j  org.hibernate.engine.jdbc.dialect.internal.DialectFactoryImpl.buildDialect(Ljava/util/Map;Lorg/hibernate/engine/jdbc/dialect/spi/DialectResolutionInfoSource;)Lorg/hibernate/dialect/Dialect;+19
j  org.hibernate.engine.jdbc.env.internal.JdbcEnvironmentInitiator$1.execute(Ljava/sql/Connection;)Lorg/hibernate/engine/jdbc/env/internal/JdbcEnvironmentImpl;+172
j  org.hibernate.engine.jdbc.env.internal.JdbcEnvironmentInitiator$1.execute(Ljava/sql/Connection;)Ljava/lang/Object;+2
j  org.hibernate.jdbc.WorkExecutor.executeReturningWork(Lorg/hibernate/jdbc/ReturningWork;Ljava/sql/Connection;)Ljava/lang/Object;+2
j  org.hibernate.jdbc.AbstractReturningWork.accept(Lorg/hibernate/jdbc/WorkExecutor;Ljava/sql/Connection;)Ljava/lang/Object;+3
j  org.hibernate.resource.transaction.backend.jdbc.internal.JdbcIsolationDelegate.delegateWork(Lorg/hibernate/jdbc/WorkExecutorVisitable;Z)Ljava/lang/Object;+47
j  org.hibernate.engine.jdbc.env.internal.JdbcEnvironmentInitiator.getJdbcEnvironmentUsingJdbcMetadata(Ljava/util/Map;Lorg/hibernate/service/spi/ServiceRegistryImplementor;Lorg/hibernate/engine/jdbc/dialect/spi/DialectFactory;Ljava/lang/String;Ljava/lang/Integer;Ljava/lang/Integer;Ljava/lang/String;)Lorg/hibernate/engine/jdbc/env/internal/JdbcEnvironmentImpl;+109
j  org.hibernate.engine.jdbc.env.internal.JdbcEnvironmentInitiator.initiateService(Ljava/util/Map;Lorg/hibernate/service/spi/ServiceRegistryImplementor;)Lorg/hibernate/engine/jdbc/env/spi/JdbcEnvironment;+123
j  org.hibernate.engine.jdbc.env.internal.JdbcEnvironmentInitiator.initiateService(Ljava/util/Map;Lorg/hibernate/service/spi/ServiceRegistryImplementor;)Lorg/hibernate/service/Service;+3
j  org.hibernate.boot.registry.internal.StandardServiceRegistryImpl.initiateService(Lorg/hibernate/service/spi/ServiceInitiator;)Lorg/hibernate/service/Service;+9
j  org.hibernate.service.internal.AbstractServiceRegistryImpl.createService(Lorg/hibernate/service/spi/ServiceBinding;)Lorg/hibernate/service/Service;+26
j  org.hibernate.service.internal.AbstractServiceRegistryImpl.initializeService(Lorg/hibernate/service/spi/ServiceBinding;)Lorg/hibernate/service/Service;+30
j  org.hibernate.service.internal.AbstractServiceRegistryImpl.getService(Ljava/lang/Class;)Lorg/hibernate/service/Service;+112
j  org.hibernate.boot.model.relational.Database.<init>(Lorg/hibernate/boot/spi/MetadataBuildingOptions;)V+10
j  org.hibernate.boot.internal.InFlightMetadataCollectorImpl.getDatabase()Lorg/hibernate/boot/model/relational/Database;+16
j  org.hibernate.boot.internal.InFlightMetadataCollectorImpl.<init>(Lorg/hibernate/boot/spi/BootstrapContext;Lorg/hibernate/boot/spi/MetadataBuildingOptions;)V+390
j  org.hibernate.boot.model.process.spi.MetadataBuildingProcess.complete(Lorg/hibernate/boot/model/process/spi/ManagedResources;Lorg/hibernate/boot/spi/BootstrapContext;Lorg/hibernate/boot/spi/MetadataBuildingOptions;)Lorg/hibernate/boot/spi/MetadataImplementor;+6
j  org.hibernate.jpa.boot.internal.EntityManagerFactoryBuilderImpl.metadata()Lorg/hibernate/boot/spi/MetadataImplementor;+30
j  org.hibernate.jpa.boot.internal.EntityManagerFactoryBuilderImpl.build()Ljakarta/persistence/EntityManagerFactory;+3
j  org.springframework.orm.jpa.vendor.SpringHibernateJpaPersistenceProvider.createContainerEntityManagerFactory(Ljakarta/persistence/spi/PersistenceUnitInfo;Ljava/util/Map;)Ljakarta/persistence/EntityManagerFactory;+59
j  org.springframework.orm.jpa.LocalContainerEntityManagerFactoryBean.createNativeEntityManagerFactory()Ljakarta/persistence/EntityManagerFactory;+111
j  org.springframework.orm.jpa.AbstractEntityManagerFactoryBean.buildNativeEntityManagerFactory()Ljakarta/persistence/EntityManagerFactory;+1
j  org.springframework.orm.jpa.AbstractEntityManagerFactoryBean.afterPropertiesSet()V+192
j  org.springframework.orm.jpa.LocalContainerEntityManagerFactoryBean.afterPropertiesSet()V+84
j  org.springframework.beans.factory.support.AbstractAutowireCapableBeanFactory.invokeInitMethods(Ljava/lang/String;Ljava/lang/Object;Lorg/springframework/beans/factory/support/RootBeanDefinition;)V+56
j  org.springframework.beans.factory.support.AbstractAutowireCapableBeanFactory.initializeBean(Ljava/lang/String;Ljava/lang/Object;Lorg/springframework/beans/factory/support/RootBeanDefinition;)Ljava/lang/Object;+34
j  org.springframework.beans.factory.support.AbstractAutowireCapableBeanFactory.doCreateBean(Ljava/lang/String;Lorg/springframework/beans/factory/support/RootBeanDefinition;[Ljava/lang/Object;)Ljava/lang/Object;+228
j  org.springframework.beans.factory.support.AbstractAutowireCapableBeanFactory.createBean(Ljava/lang/String;Lorg/springframework/beans/factory/support/RootBeanDefinition;[Ljava/lang/Object;)Ljava/lang/Object;+153
j  org.springframework.beans.factory.support.AbstractBeanFactory.lambda$doGetBean$0(Ljava/lang/String;Lorg/springframework/beans/factory/support/RootBeanDefinition;[Ljava/lang/Object;)Ljava/lang/Object;+4
j  org.springframework.beans.factory.support.AbstractBeanFactory$$Lambda$460+0x000001da87293ef0.getObject()Ljava/lang/Object;+16
j  org.springframework.beans.factory.support.DefaultSingletonBeanRegistry.getSingleton(Ljava/lang/String;Lorg/springframework/beans/factory/ObjectFactory;)Ljava/lang/Object;+114
J 4341 c1 org.springframework.beans.factory.support.AbstractBeanFactory.doGetBean(Ljava/lang/String;Ljava/lang/Class;[Ljava/lang/Object;Z)Ljava/lang/Object; (787 bytes) @ 0x000001daf6996d94 [0x000001daf6996720+0x0000000000000674]
J 4137 c1 org.springframework.beans.factory.support.AbstractBeanFactory.getBean(Ljava/lang/String;Ljava/lang/Class;)Ljava/lang/Object; (9 bytes) @ 0x000001daf692b504 [0x000001daf692b4a0+0x0000000000000064]
j  org.springframework.context.support.AbstractApplicationContext.finishBeanFactoryInitialization(Lorg/springframework/beans/factory/config/ConfigurableListableBeanFactory;)V+109
j  org.springframework.context.support.AbstractApplicationContext.refresh()V+94
j  org.springframework.boot.web.servlet.context.ServletWebServerApplicationContext.refresh()V+1
j  org.springframework.boot.SpringApplication.refresh(Lorg/springframework/context/ConfigurableApplicationContext;)V+1
j  org.springframework.boot.SpringApplication.refreshContext(Lorg/springframework/context/ConfigurableApplicationContext;)V+16
j  org.springframework.boot.SpringApplication.run([Ljava/lang/String;)Lorg/springframework/context/ConfigurableApplicationContext;+110
j  org.springframework.boot.SpringApplication.run([Ljava/lang/Class;[Ljava/lang/String;)Lorg/springframework/context/ConfigurableApplicationContext;+9
j  org.springframework.boot.SpringApplication.run(Ljava/lang/Class;[Ljava/lang/String;)Lorg/springframework/context/ConfigurableApplicationContext;+9
j  cn.edu.xmu.oomall.comment.CommentApplication.main([Ljava/lang/String;)V+3
v  ~StubRoutines::call_stub

---------------  P R O C E S S  ---------------

Threads class SMR info:
_java_thread_list=0x000001dad20ad690, length=50, elements={
0x000001daedb66420, 0x000001daffadf1f0, 0x000001daffadfe70, 0x000001daffb02930,
0x000001daffb05380, 0x000001daffb05c50, 0x000001daffb068f0, 0x000001daffb1dad0,
0x000001daffb1f7c0, 0x000001daed7060f0, 0x000001daffce6210, 0x000001daffd3c820,
0x000001daffd4fa60, 0x000001daffd5b170, 0x000001dacb58fdd0, 0x000001dacbd397e0,
0x000001dacbe015a0, 0x000001dacbe08300, 0x000001dacbe09860, 0x000001dacbe09d80,
0x000001dacbe5d310, 0x000001dacc287ba0, 0x000001dacc2bf850, 0x000001dacc2bee30,
0x000001dacd5ef310, 0x000001dacd5f0c60, 0x000001dacd5ebb60, 0x000001dacd423ab0,
0x000001dace24b320, 0x000001dace2494c0, 0x000001dace248590, 0x000001dace24d180,
0x000001dace24a900, 0x000001dace247150, 0x000001dace24ead0, 0x000001dace24e0b0,
0x000001dace24b830, 0x000001dace248080, 0x000001dacc2c0c90, 0x000001dacf02d5b0,
0x000001dacf02cb90, 0x000001dacf02c680, 0x000001dacf02d0a0, 0x000001dacf02b240,
0x000001dacf031c90, 0x000001dad068e3d0, 0x000001dacc629590, 0x000001dacc62aee0,
0x000001dacc627c40, 0x000001dacc6262f0
}

Java Threads: ( => current thread )
=>0x000001daedb66420 JavaThread "main" [_thread_in_vm, id=5212, stack(0x0000002103d00000,0x0000002103e00000)]
  0x000001daffadf1f0 JavaThread "Reference Handler" daemon [_thread_blocked, id=9512, stack(0x0000002104400000,0x0000002104500000)]
  0x000001daffadfe70 JavaThread "Finalizer" daemon [_thread_blocked, id=13756, stack(0x0000002104500000,0x0000002104600000)]
  0x000001daffb02930 JavaThread "Signal Dispatcher" daemon [_thread_blocked, id=11528, stack(0x0000002104600000,0x0000002104700000)]
  0x000001daffb05380 JavaThread "Attach Listener" daemon [_thread_blocked, id=20684, stack(0x0000002104700000,0x0000002104800000)]
  0x000001daffb05c50 JavaThread "Service Thread" daemon [_thread_blocked, id=25188, stack(0x0000002104800000,0x0000002104900000)]
  0x000001daffb068f0 JavaThread "Monitor Deflation Thread" daemon [_thread_blocked, id=20856, stack(0x0000002104900000,0x0000002104a00000)]
  0x000001daffb1dad0 JavaThread "C1 CompilerThread0" daemon [_thread_blocked, id=17700, stack(0x0000002104a00000,0x0000002104b00000)]
  0x000001daffb1f7c0 JavaThread "Sweeper thread" daemon [_thread_blocked, id=12128, stack(0x0000002104b00000,0x0000002104c00000)]
  0x000001daed7060f0 JavaThread "Common-Cleaner" daemon [_thread_blocked, id=2736, stack(0x0000002104c00000,0x0000002104d00000)]
  0x000001daffce6210 JavaThread "C1 CompilerThread1" daemon [_thread_blocked, id=25048, stack(0x0000002104d00000,0x0000002104e00000)]
  0x000001daffd3c820 JavaThread "JDWP Transport Listener: dt_socket" daemon [_thread_blocked, id=13696, stack(0x0000002105000000,0x0000002105100000)]
  0x000001daffd4fa60 JavaThread "JDWP Event Helper Thread" daemon [_thread_blocked, id=24916, stack(0x0000002105100000,0x0000002105200000)]
  0x000001daffd5b170 JavaThread "JDWP Command Reader" daemon [_thread_in_native, id=11048, stack(0x0000002105200000,0x0000002105300000)]
  0x000001dacb58fdd0 JavaThread "C1 CompilerThread2" daemon [_thread_blocked, id=8840, stack(0x0000002104e00000,0x0000002104f00000)]
  0x000001dacbd397e0 JavaThread "C1 CompilerThread3" daemon [_thread_blocked, id=25288, stack(0x0000002105700000,0x0000002105800000)]
  0x000001dacbe015a0 JavaThread "C1 CompilerThread4" daemon [_thread_blocked, id=6392, stack(0x0000002105800000,0x0000002105900000)]
  0x000001dacbe08300 JavaThread "C1 CompilerThread5" daemon [_thread_blocked, id=23112, stack(0x0000002105900000,0x0000002105a00000)]
  0x000001dacbe09860 JavaThread "C1 CompilerThread6" daemon [_thread_blocked, id=7976, stack(0x0000002105a00000,0x0000002105b00000)]
  0x000001dacbe09d80 JavaThread "C1 CompilerThread7" daemon [_thread_blocked, id=14308, stack(0x0000002105b00000,0x0000002105c00000)]
  0x000001dacbe5d310 JavaThread "Notification Thread" daemon [_thread_blocked, id=9904, stack(0x0000002105c00000,0x0000002105d00000)]
  0x000001dacc287ba0 JavaThread "RMI TCP Accept-0" daemon [_thread_in_native, id=20140, stack(0x0000002106400000,0x0000002106500000)]
  0x000001dacc2bf850 JavaThread "RMI TCP Connection(1)-10.125.245.210" daemon [_thread_in_native, id=21136, stack(0x0000002106600000,0x0000002106700000)]
  0x000001dacc2bee30 JavaThread "RMI Scheduler(0)" daemon [_thread_blocked, id=11368, stack(0x0000002106700000,0x0000002106800000)]
  0x000001dacd5ef310 JavaThread "com.alibaba.nacos.client.auth.ram.identify.watcher.0" daemon [_thread_blocked, id=2800, stack(0x0000002106b00000,0x0000002106c00000)]
  0x000001dacd5f0c60 JavaThread "com.alibaba.nacos.client.Worker.0" daemon [_thread_blocked, id=12848, stack(0x0000002106800000,0x0000002106900000)]
  0x000001dacd5ebb60 JavaThread "com.alibaba.nacos.client.Worker.1" daemon [_thread_blocked, id=19696, stack(0x0000002106c00000,0x0000002106d00000)]
  0x000001dacd423ab0 JavaThread "com.alibaba.nacos.client.Worker.2" daemon [_thread_blocked, id=3784, stack(0x0000002106d00000,0x0000002106e00000)]
  0x000001dace24b320 JavaThread "nacos.publisher-com.alibaba.nacos.common.notify.SlowEvent" daemon [_thread_blocked, id=4540, stack(0x0000002106e00000,0x0000002106f00000)]
  0x000001dace2494c0 JavaThread "com.alibaba.nacos.client.remote.worker.0" daemon [_thread_blocked, id=3304, stack(0x0000002106f00000,0x0000002107000000)]
  0x000001dace248590 JavaThread "com.alibaba.nacos.client.remote.worker.1" daemon [_thread_blocked, id=21340, stack(0x0000002107000000,0x0000002107100000)]
  0x000001dace24d180 JavaThread "grpc-nio-worker-ELG-1-1" daemon [_thread_in_native, id=3888, stack(0x0000002107100000,0x0000002107200000)]
  0x000001dace24a900 JavaThread "grpc-default-executor-0" daemon [_thread_blocked, id=16944, stack(0x0000002107200000,0x0000002107300000)]
  0x000001dace247150 JavaThread "nacos-grpc-client-executor-127.0.0.1-0" daemon [_thread_blocked, id=12460, stack(0x0000002107300000,0x0000002107400000)]
  0x000001dace24ead0 JavaThread "nacos-grpc-client-executor-127.0.0.1-1" daemon [_thread_blocked, id=24760, stack(0x0000002107400000,0x0000002107500000)]
  0x000001dace24e0b0 JavaThread "grpc-nio-worker-ELG-1-2" daemon [_thread_in_native, id=21440, stack(0x0000002107500000,0x0000002107600000)]
  0x000001dace24b830 JavaThread "nacos-grpc-client-executor-127.0.0.1-2" daemon [_thread_blocked, id=15144, stack(0x0000002107700000,0x0000002107800000)]
  0x000001dace248080 JavaThread "nacos-grpc-client-executor-127.0.0.1-3" daemon [_thread_blocked, id=18468, stack(0x0000002107800000,0x0000002107900000)]
  0x000001dacc2c0c90 JavaThread "nacos-grpc-client-executor-127.0.0.1-4" daemon [_thread_blocked, id=2640, stack(0x0000002107900000,0x0000002107a00000)]
  0x000001dacf02d5b0 JavaThread "nacos-grpc-client-executor-127.0.0.1-5" daemon [_thread_blocked, id=9064, stack(0x0000002107a00000,0x0000002107b00000)]
  0x000001dacf02cb90 JavaThread "nacos-grpc-client-executor-127.0.0.1-6" daemon [_thread_blocked, id=9284, stack(0x0000002107b00000,0x0000002107c00000)]
  0x000001dacf02c680 JavaThread "nacos.publisher-com.alibaba.nacos.common.ability.AbstractAbilityControlManager$AbilityUpdateEvent" daemon [_thread_blocked, id=17404, stack(0x0000002107c00000,0x0000002107d00000)]
  0x000001dacf02d0a0 JavaThread "nacos-grpc-client-executor-127.0.0.1-7" daemon [_thread_blocked, id=24956, stack(0x0000002107d00000,0x0000002107e00000)]
  0x000001dacf02b240 JavaThread "nacos-grpc-client-executor-127.0.0.1-8" daemon [_thread_blocked, id=23160, stack(0x0000002107e00000,0x0000002107f00000)]
  0x000001dacf031c90 JavaThread "Catalina-utility-1" [_thread_blocked, id=17176, stack(0x0000002107f00000,0x0000002108000000)]
  0x000001dad068e3d0 JavaThread "Catalina-utility-2" [_thread_blocked, id=5776, stack(0x0000002108000000,0x0000002108100000)]
  0x000001dacc629590 JavaThread "container-0" [_thread_blocked, id=19352, stack(0x0000002108100000,0x0000002108200000)]
  0x000001dacc62aee0 JavaThread "mysql-cj-abandoned-connection-cleanup" daemon [_thread_blocked, id=6560, stack(0x0000002108200000,0x0000002108300000)]
  0x000001dacc627c40 JavaThread "Druid-ConnectionPool-Create-1332873101" daemon [_thread_blocked, id=20496, stack(0x0000002108300000,0x0000002108400000)]
  0x000001dacc6262f0 JavaThread "Druid-ConnectionPool-Destroy-1332873101" daemon [_thread_blocked, id=18280, stack(0x0000002108400000,0x0000002108500000)]

Other Threads:
  0x000001daed70e540 VMThread "VM Thread" [stack: 0x0000002104300000,0x0000002104400000] [id=23148]
  0x000001dacc1a0e40 WatcherThread [stack: 0x0000002106500000,0x0000002106600000] [id=1864]
  0x000001daed610200 GCTaskThread "GC Thread#0" [stack: 0x0000002103e00000,0x0000002103f00000] [id=24488]
  0x000001dacbc9afb0 GCTaskThread "GC Thread#1" [stack: 0x0000002104f00000,0x0000002105000000] [id=19960]
  0x000001dacbc9b270 GCTaskThread "GC Thread#2" [stack: 0x0000002105300000,0x0000002105400000] [id=8560]
  0x000001dacbc9b940 GCTaskThread "GC Thread#3" [stack: 0x0000002105400000,0x0000002105500000] [id=4212]
  0x000001dacbc9bc00 GCTaskThread "GC Thread#4" [stack: 0x0000002105500000,0x0000002105600000] [id=4016]
  0x000001dacbcc0510 GCTaskThread "GC Thread#5" [stack: 0x0000002105600000,0x0000002105700000] [id=1100]
  0x000001dacc070260 GCTaskThread "GC Thread#6" [stack: 0x0000002105d00000,0x0000002105e00000] [id=10464]
  0x000001dacc0707e0 GCTaskThread "GC Thread#7" [stack: 0x0000002105e00000,0x0000002105f00000] [id=11436]
  0x000001dacc070aa0 GCTaskThread "GC Thread#8" [stack: 0x0000002105f00000,0x0000002106000000] [id=1880]
  0x000001dacc06ffa0 GCTaskThread "GC Thread#9" [stack: 0x0000002106000000,0x0000002106100000] [id=18288]
  0x000001dacc06f760 GCTaskThread "GC Thread#10" [stack: 0x0000002106100000,0x0000002106200000] [id=23120]
  0x000001dacc070520 GCTaskThread "GC Thread#11" [stack: 0x0000002106200000,0x0000002106300000] [id=19848]
  0x000001dacc06fce0 GCTaskThread "GC Thread#12" [stack: 0x0000002106300000,0x0000002106400000] [id=11512]
  0x000001daed620830 ConcurrentGCThread "G1 Main Marker" [stack: 0x0000002103f00000,0x0000002104000000] [id=14204]
  0x000001daed621140 ConcurrentGCThread "G1 Conc#0" [stack: 0x0000002104000000,0x0000002104100000] [id=23564]
  0x000001dacc1ca920 ConcurrentGCThread "G1 Conc#1" [stack: 0x0000002106900000,0x0000002106a00000] [id=3336]
  0x000001dacc1ca0e0 ConcurrentGCThread "G1 Conc#2" [stack: 0x0000002106a00000,0x0000002106b00000] [id=20052]
  0x000001daff9b0090 ConcurrentGCThread "G1 Refine#0" [stack: 0x0000002104100000,0x0000002104200000] [id=19844]
  0x000001daff9b09c0 ConcurrentGCThread "G1 Service" [stack: 0x0000002104200000,0x0000002104300000] [id=16180]

Threads with active compile tasks:

VM state: not at safepoint (normal execution)

VM Mutex/Monitor currently owned by a thread:  ([mutex/lock_event])
[0x000001daed55d5d0] Metaspace_lock - owner thread: 0x000001daedb66420

Heap address: 0x000000070a400000, size: 3932 MB, Compressed Oops mode: Zero based, Oop shift amount: 3

CDS archive(s) mapped at: [0x000001da86000000-0x000001da86bd0000-0x000001da86bd0000), size 12386304, SharedBaseAddress: 0x000001da86000000, ArchiveRelocationMode: 1.
Compressed class space mapped at: 0x000001da87000000-0x000001dac7000000, reserved size: 1073741824
Narrow klass base: 0x000001da86000000, Narrow klass shift: 0, Narrow klass range: 0x100000000

GC Precious Log:
 CPUs: 16 total, 16 available
 Memory: 15724M
 Large Page Support: Disabled
 NUMA Support: Disabled
 Compressed Oops: Enabled (Zero based)
 Heap Region Size: 2M
 Heap Min Capacity: 8M
 Heap Initial Capacity: 246M
 Heap Max Capacity: 3932M
 Pre-touch: Disabled
 Parallel Workers: 13
 Concurrent Workers: 3
 Concurrent Refinement Workers: 13
 Periodic GC: Disabled

Heap:
 garbage-first heap   total 135168K, used 101753K [0x000000070a400000, 0x0000000800000000)
  region size 2048K, 34 young (69632K), 2 survivors (4096K)
 Metaspace       used 73814K, committed 74304K, reserved 1114112K
  class space    used 9983K, committed 10240K, reserved 1048576K

Heap Regions: E=young(eden), S=young(survivor), O=old, HS=humongous(starts), HC=humongous(continues), CS=collection set, F=free, OA=open archive, CA=closed archive, TAMS=top-at-mark-start (previous, next)
|   0|0x000000070a400000, 0x000000070a600000, 0x000000070a600000|100%| O|  |TAMS 0x000000070a600000, 0x000000070a400000| Untracked 
|   1|0x000000070a600000, 0x000000070a800000, 0x000000070a800000|100%| O|  |TAMS 0x000000070a800000, 0x000000070a600000| Untracked 
|   2|0x000000070a800000, 0x000000070aa00000, 0x000000070aa00000|100%| O|  |TAMS 0x000000070aa00000, 0x000000070a800000| Untracked 
|   3|0x000000070aa00000, 0x000000070ac00000, 0x000000070ac00000|100%| O|  |TAMS 0x000000070ac00000, 0x000000070aa00000| Untracked 
|   4|0x000000070ac00000, 0x000000070ae00000, 0x000000070ae00000|100%| O|  |TAMS 0x000000070ae00000, 0x000000070ac00000| Untracked 
|   5|0x000000070ae00000, 0x000000070b000000, 0x000000070b000000|100%| O|  |TAMS 0x000000070b000000, 0x000000070ae00000| Untracked 
|   6|0x000000070b000000, 0x000000070b200000, 0x000000070b200000|100%| O|  |TAMS 0x000000070b200000, 0x000000070b000000| Untracked 
|   7|0x000000070b200000, 0x000000070b400000, 0x000000070b400000|100%| O|  |TAMS 0x000000070b400000, 0x000000070b200000| Untracked 
|   8|0x000000070b400000, 0x000000070b600000, 0x000000070b600000|100%| O|  |TAMS 0x000000070b600000, 0x000000070b400000| Untracked 
|   9|0x000000070b600000, 0x000000070b800000, 0x000000070b800000|100%| O|  |TAMS 0x000000070b800000, 0x000000070b600000| Untracked 
|  10|0x000000070b800000, 0x000000070ba00000, 0x000000070ba00000|100%| O|  |TAMS 0x000000070ba00000, 0x000000070b800000| Untracked 
|  11|0x000000070ba00000, 0x000000070bc00000, 0x000000070bc00000|100%| O|  |TAMS 0x000000070bc00000, 0x000000070ba00000| Untracked 
|  12|0x000000070bc00000, 0x000000070be00000, 0x000000070be00000|100%| O|  |TAMS 0x000000070be00000, 0x000000070bc00000| Untracked 
|  13|0x000000070be00000, 0x000000070c000000, 0x000000070c000000|100%| O|  |TAMS 0x000000070c000000, 0x000000070be00000| Untracked 
|  14|0x000000070c000000, 0x000000070c200000, 0x000000070c200000|100%| O|  |TAMS 0x000000070c200000, 0x000000070c000000| Untracked 
|  15|0x000000070c200000, 0x000000070c400000, 0x000000070c400000|100%| O|  |TAMS 0x000000070c400000, 0x000000070c200000| Untracked 
|  16|0x000000070c400000, 0x000000070c5df000, 0x000000070c600000| 93%| O|  |TAMS 0x000000070c5df000, 0x000000070c400000| Untracked 
|  17|0x000000070c600000, 0x000000070c600000, 0x000000070c800000|  0%| F|  |TAMS 0x000000070c600000, 0x000000070c600000| Untracked 
|  18|0x000000070c800000, 0x000000070c800000, 0x000000070ca00000|  0%| F|  |TAMS 0x000000070c800000, 0x000000070c800000| Untracked 
|  19|0x000000070ca00000, 0x000000070ca00000, 0x000000070cc00000|  0%| F|  |TAMS 0x000000070ca00000, 0x000000070ca00000| Untracked 
|  20|0x000000070cc00000, 0x000000070cc00000, 0x000000070ce00000|  0%| F|  |TAMS 0x000000070cc00000, 0x000000070cc00000| Untracked 
|  21|0x000000070ce00000, 0x000000070ce00000, 0x000000070d000000|  0%| F|  |TAMS 0x000000070ce00000, 0x000000070ce00000| Untracked 
|  22|0x000000070d000000, 0x000000070d000000, 0x000000070d200000|  0%| F|  |TAMS 0x000000070d000000, 0x000000070d000000| Untracked 
|  23|0x000000070d200000, 0x000000070d200000, 0x000000070d400000|  0%| F|  |TAMS 0x000000070d200000, 0x000000070d200000| Untracked 
|  24|0x000000070d400000, 0x000000070d400000, 0x000000070d600000|  0%| F|  |TAMS 0x000000070d400000, 0x000000070d400000| Untracked 
|  25|0x000000070d600000, 0x000000070d600000, 0x000000070d800000|  0%| F|  |TAMS 0x000000070d600000, 0x000000070d600000| Untracked 
|  26|0x000000070d800000, 0x000000070d800000, 0x000000070da00000|  0%| F|  |TAMS 0x000000070d800000, 0x000000070d800000| Untracked 
|  27|0x000000070da00000, 0x000000070da00000, 0x000000070dc00000|  0%| F|  |TAMS 0x000000070da00000, 0x000000070da00000| Untracked 
|  28|0x000000070dc00000, 0x000000070dc00000, 0x000000070de00000|  0%| F|  |TAMS 0x000000070dc00000, 0x000000070dc00000| Untracked 
|  29|0x000000070de00000, 0x000000070de00000, 0x000000070e000000|  0%| F|  |TAMS 0x000000070de00000, 0x000000070de00000| Untracked 
|  30|0x000000070e000000, 0x000000070e000000, 0x000000070e200000|  0%| F|  |TAMS 0x000000070e000000, 0x000000070e000000| Untracked 
|  31|0x000000070e200000, 0x000000070e200000, 0x000000070e400000|  0%| F|  |TAMS 0x000000070e200000, 0x000000070e200000| Untracked 
|  32|0x000000070e400000, 0x000000070e600000, 0x000000070e600000|100%| E|  |TAMS 0x000000070e400000, 0x000000070e400000| Complete 
|  33|0x000000070e600000, 0x000000070e800000, 0x000000070e800000|100%| E|CS|TAMS 0x000000070e600000, 0x000000070e600000| Complete 
|  34|0x000000070e800000, 0x000000070ea00000, 0x000000070ea00000|100%| E|CS|TAMS 0x000000070e800000, 0x000000070e800000| Complete 
|  35|0x000000070ea00000, 0x000000070ec00000, 0x000000070ec00000|100%| E|CS|TAMS 0x000000070ea00000, 0x000000070ea00000| Complete 
|  36|0x000000070ec00000, 0x000000070ee00000, 0x000000070ee00000|100%| E|CS|TAMS 0x000000070ec00000, 0x000000070ec00000| Complete 
|  37|0x000000070ee00000, 0x000000070f000000, 0x000000070f000000|100%| E|CS|TAMS 0x000000070ee00000, 0x000000070ee00000| Complete 
|  38|0x000000070f000000, 0x000000070f200000, 0x000000070f200000|100%| E|CS|TAMS 0x000000070f000000, 0x000000070f000000| Complete 
|  39|0x000000070f200000, 0x000000070f400000, 0x000000070f400000|100%| E|CS|TAMS 0x000000070f200000, 0x000000070f200000| Complete 
|  40|0x000000070f400000, 0x000000070f600000, 0x000000070f600000|100%| E|CS|TAMS 0x000000070f400000, 0x000000070f400000| Complete 
|  41|0x000000070f600000, 0x000000070f800000, 0x000000070f800000|100%| E|CS|TAMS 0x000000070f600000, 0x000000070f600000| Complete 
|  42|0x000000070f800000, 0x000000070fa00000, 0x000000070fa00000|100%| E|CS|TAMS 0x000000070f800000, 0x000000070f800000| Complete 
|  43|0x000000070fa00000, 0x000000070fc00000, 0x000000070fc00000|100%| E|CS|TAMS 0x000000070fa00000, 0x000000070fa00000| Complete 
|  44|0x000000070fc00000, 0x000000070fe00000, 0x000000070fe00000|100%| E|CS|TAMS 0x000000070fc00000, 0x000000070fc00000| Complete 
|  45|0x000000070fe00000, 0x0000000710000000, 0x0000000710000000|100%| E|CS|TAMS 0x000000070fe00000, 0x000000070fe00000| Complete 
|  46|0x0000000710000000, 0x0000000710200000, 0x0000000710200000|100%| E|CS|TAMS 0x0000000710000000, 0x0000000710000000| Complete 
|  47|0x0000000710200000, 0x0000000710400000, 0x0000000710400000|100%| E|CS|TAMS 0x0000000710200000, 0x0000000710200000| Complete 
|  48|0x0000000710400000, 0x0000000710600000, 0x0000000710600000|100%| E|CS|TAMS 0x0000000710400000, 0x0000000710400000| Complete 
|  49|0x0000000710600000, 0x0000000710800000, 0x0000000710800000|100%| E|CS|TAMS 0x0000000710600000, 0x0000000710600000| Complete 
|  50|0x0000000710800000, 0x0000000710a00000, 0x0000000710a00000|100%| E|CS|TAMS 0x0000000710800000, 0x0000000710800000| Complete 
|  51|0x0000000710a00000, 0x0000000710c00000, 0x0000000710c00000|100%| E|CS|TAMS 0x0000000710a00000, 0x0000000710a00000| Complete 
|  52|0x0000000710c00000, 0x0000000710e00000, 0x0000000710e00000|100%| E|CS|TAMS 0x0000000710c00000, 0x0000000710c00000| Complete 
|  53|0x0000000710e00000, 0x0000000711000000, 0x0000000711000000|100%| E|CS|TAMS 0x0000000710e00000, 0x0000000710e00000| Complete 
|  54|0x0000000711000000, 0x0000000711200000, 0x0000000711200000|100%| E|CS|TAMS 0x0000000711000000, 0x0000000711000000| Complete 
|  55|0x0000000711200000, 0x0000000711400000, 0x0000000711400000|100%| E|CS|TAMS 0x0000000711200000, 0x0000000711200000| Complete 
|  56|0x0000000711400000, 0x0000000711600000, 0x0000000711600000|100%| E|CS|TAMS 0x0000000711400000, 0x0000000711400000| Complete 
|  57|0x0000000711600000, 0x0000000711800000, 0x0000000711800000|100%| E|CS|TAMS 0x0000000711600000, 0x0000000711600000| Complete 
|  58|0x0000000711800000, 0x0000000711a00000, 0x0000000711a00000|100%| E|CS|TAMS 0x0000000711800000, 0x0000000711800000| Complete 
|  59|0x0000000711a00000, 0x0000000711c00000, 0x0000000711c00000|100%| E|CS|TAMS 0x0000000711a00000, 0x0000000711a00000| Complete 
|  60|0x0000000711c00000, 0x0000000711d7f480, 0x0000000711e00000| 74%| S|CS|TAMS 0x0000000711c00000, 0x0000000711c00000| Complete 
|  94|0x0000000716000000, 0x0000000716200000, 0x0000000716200000|100%| S|CS|TAMS 0x0000000716000000, 0x0000000716000000| Complete 
|  95|0x0000000716200000, 0x0000000716400000, 0x0000000716400000|100%| E|CS|TAMS 0x0000000716200000, 0x0000000716200000| Complete 
|  96|0x0000000716400000, 0x0000000716600000, 0x0000000716600000|100%| E|CS|TAMS 0x0000000716400000, 0x0000000716400000| Complete 
|  97|0x0000000716600000, 0x0000000716800000, 0x0000000716800000|100%| E|CS|TAMS 0x0000000716600000, 0x0000000716600000| Complete 
| 122|0x0000000719800000, 0x0000000719a00000, 0x0000000719a00000|100%| E|CS|TAMS 0x0000000719800000, 0x0000000719800000| Complete 

Card table byte_map: [0x000001daf9e30000,0x000001dafa5e0000] _byte_map_base: 0x000001daf65de000

Marking Bits (Prev, Next): (CMBitMap*) 0x000001daed610760, (CMBitMap*) 0x000001daed610720
 Prev Bits: [0x000001da80000000, 0x000001da83d70000)
 Next Bits: [0x000001dafad90000, 0x000001dafeb00000)

Polling page: 0x000001daebab0000

Metaspace:

Usage:
  Non-class:     62.33 MB used.
      Class:      9.75 MB used.
       Both:     72.08 MB used.

Virtual space:
  Non-class space:       64.00 MB reserved,      62.56 MB ( 98%) committed,  1 nodes.
      Class space:        1.00 GB reserved,      10.00 MB ( <1%) committed,  1 nodes.
             Both:        1.06 GB reserved,      72.56 MB (  7%) committed. 

Chunk freelists:
   Non-Class:  880.00 KB
       Class:  5.98 MB
        Both:  6.84 MB

MaxMetaspaceSize: unlimited
CompressedClassSpaceSize: 1.00 GB
Initial GC threshold: 21.00 MB
Current GC threshold: 98.69 MB
CDS: on
MetaspaceReclaimPolicy: balanced
 - commit_granule_bytes: 65536.
 - commit_granule_words: 8192.
 - virtual_space_node_default_size: 8388608.
 - enlarge_chunks_in_place: 1.
 - new_chunks_are_fully_committed: 0.
 - uncommit_free_chunks: 1.
 - use_allocation_guard: 0.
 - handle_deallocations: 1.


Internal statistics:

num_allocs_failed_limit: 9.
num_arena_births: 690.
num_arena_deaths: 0.
num_vsnodes_births: 2.
num_vsnodes_deaths: 0.
num_space_committed: 1161.
num_space_uncommitted: 0.
num_chunks_returned_to_freelist: 9.
num_chunks_taken_from_freelist: 3101.
num_chunk_merges: 9.
num_chunk_splits: 2360.
num_chunks_enlarged: 1941.
num_inconsistent_stats: 0.

CodeCache: size=49152Kb used=18105Kb max_used=18105Kb free=31046Kb
 bounds [0x000001daf5be0000, 0x000001daf6d90000, 0x000001daf8be0000]
 total_blobs=6920 nmethods=6228 adapters=611
 compilation: enabled
              stopped_count=0, restarted_count=0
 full_count=0

Compilation events (20 events):
Event: 8.096 Thread 0x000001dacbe09d80 nmethod 6339 0x000001daf6d83f90 code [0x000001daf6d84120, 0x000001daf6d841f8]
Event: 8.096 Thread 0x000001daffce6210 6327       1       com.mysql.cj.protocol.a.MultiPacketReader::readMessage (10 bytes)
Event: 8.096 Thread 0x000001daffb1dad0 6328       1       com.mysql.cj.protocol.a.MultiPacketReader::readMessage (154 bytes)
Event: 8.096 Thread 0x000001dacbe09d80 6329       1       com.mysql.cj.protocol.a.TimeTrackingPacketReader::readMessage (10 bytes)
Event: 8.096 Thread 0x000001dacbe09860 nmethod 6340 0x000001daf6d84290 code [0x000001daf6d84420, 0x000001daf6d844f8]
Event: 8.096 Thread 0x000001dacbd397e0 nmethod 6341 0x000001daf6d84590 code [0x000001daf6d84720, 0x000001daf6d847f8]
Event: 8.096 Thread 0x000001dacbe015a0 nmethod 6342 0x000001daf6d84890 code [0x000001daf6d84a20, 0x000001daf6d84af8]
Event: 8.096 Thread 0x000001dacbe09860 6330       1       com.mysql.cj.protocol.a.TimeTrackingPacketReader::readMessage (24 bytes)
Event: 8.096 Thread 0x000001dacbd397e0 6331       1       com.mysql.cj.protocol.a.NativePacketPayload::<init> (37 bytes)
Event: 8.096 Thread 0x000001dacbe015a0 6332       1       com.mysql.cj.protocol.a.NativePacketPayload::readBytes (68 bytes)
Event: 8.096 Thread 0x000001daffce6210 nmethod 6327 0x000001daf6d86c90 code [0x000001daf6d86e20, 0x000001daf6d86f68]
Event: 8.096 Thread 0x000001daffce6210 6333       1       com.mysql.cj.protocol.a.NativePacketPayload::isResultSetOKPacket (39 bytes)
Event: 8.097 Thread 0x000001dacbe09d80 nmethod 6329 0x000001daf6d87090 code [0x000001daf6d87240, 0x000001daf6d873e8]
Event: 8.097 Thread 0x000001dacbe09860 nmethod 6330 0x000001daf6d87590 code [0x000001daf6d87720, 0x000001daf6d87888]
Event: 8.097 Thread 0x000001dacbe08300 nmethod 6322 0x000001daf6d84b90 code [0x000001daf6d84e40, 0x000001daf6d85ae8]
Event: 8.097 Thread 0x000001dacbd397e0 nmethod 6331 0x000001daf6d87a10 code [0x000001daf6d87ba0, 0x000001daf6d87d98]
Event: 8.097 Thread 0x000001daffce6210 nmethod 6333 0x000001daf6d88610 code [0x000001daf6d887a0, 0x000001daf6d888d8]
Event: 8.097 Thread 0x000001dacbe015a0 nmethod 6332 0x000001daf6d87f90 code [0x000001daf6d88140, 0x000001daf6d883e8]
Event: 8.097 Thread 0x000001daffb1dad0 nmethod 6328 0x000001daf6d88a10 code [0x000001daf6d88c80, 0x000001daf6d893b8]
Event: 8.097 Thread 0x000001dacb58fdd0 nmethod 6310 0x000001daf6d89d10 code [0x000001daf6d8a240, 0x000001daf6d8b9d8]

GC Heap History (20 events):
Event: 3.637 GC heap before
{Heap before GC invocations=7 (full 0):
 garbage-first heap   total 75776K, used 49433K [0x000000070a400000, 0x0000000800000000)
  region size 2048K, 15 young (30720K), 1 survivors (2048K)
 Metaspace       used 30651K, committed 30976K, reserved 1114112K
  class space    used 4207K, committed 4352K, reserved 1048576K
}
Event: 3.640 GC heap after
{Heap after GC invocations=8 (full 0):
 garbage-first heap   total 75776K, used 21274K [0x000000070a400000, 0x0000000800000000)
  region size 2048K, 1 young (2048K), 1 survivors (2048K)
 Metaspace       used 30651K, committed 30976K, reserved 1114112K
  class space    used 4207K, committed 4352K, reserved 1048576K
}
Event: 4.225 GC heap before
{Heap before GC invocations=8 (full 0):
 garbage-first heap   total 75776K, used 49946K [0x000000070a400000, 0x0000000800000000)
  region size 2048K, 16 young (32768K), 1 survivors (2048K)
 Metaspace       used 35666K, committed 36032K, reserved 1114112K
  class space    used 4756K, committed 4928K, reserved 1048576K
}
Event: 4.228 GC heap after
{Heap after GC invocations=9 (full 0):
 garbage-first heap   total 75776K, used 21710K [0x000000070a400000, 0x0000000800000000)
  region size 2048K, 1 young (2048K), 1 survivors (2048K)
 Metaspace       used 35666K, committed 36032K, reserved 1114112K
  class space    used 4756K, committed 4928K, reserved 1048576K
}
Event: 4.235 GC heap before
{Heap before GC invocations=9 (full 0):
 garbage-first heap   total 75776K, used 21710K [0x000000070a400000, 0x0000000800000000)
  region size 2048K, 2 young (4096K), 1 survivors (2048K)
 Metaspace       used 35766K, committed 36096K, reserved 1114112K
  class space    used 4770K, committed 4928K, reserved 1048576K
}
Event: 4.237 GC heap after
{Heap after GC invocations=10 (full 0):
 garbage-first heap   total 75776K, used 21839K [0x000000070a400000, 0x0000000800000000)
  region size 2048K, 1 young (2048K), 1 survivors (2048K)
 Metaspace       used 35766K, committed 36096K, reserved 1114112K
  class space    used 4770K, committed 4928K, reserved 1048576K
}
Event: 4.705 GC heap before
{Heap before GC invocations=11 (full 0):
 garbage-first heap   total 75776K, used 54607K [0x000000070a400000, 0x0000000800000000)
  region size 2048K, 18 young (36864K), 1 survivors (2048K)
 Metaspace       used 39798K, committed 40128K, reserved 1114112K
  class space    used 5352K, committed 5504K, reserved 1048576K
}
Event: 4.710 GC heap after
{Heap after GC invocations=12 (full 0):
 garbage-first heap   total 135168K, used 24242K [0x000000070a400000, 0x0000000800000000)
  region size 2048K, 3 young (6144K), 3 survivors (6144K)
 Metaspace       used 39798K, committed 40128K, reserved 1114112K
  class space    used 5352K, committed 5504K, reserved 1048576K
}
Event: 5.267 GC heap before
{Heap before GC invocations=12 (full 0):
 garbage-first heap   total 135168K, used 95922K [0x000000070a400000, 0x0000000800000000)
  region size 2048K, 39 young (79872K), 3 survivors (6144K)
 Metaspace       used 43209K, committed 43584K, reserved 1114112K
  class space    used 5731K, committed 5888K, reserved 1048576K
}
Event: 5.272 GC heap after
{Heap after GC invocations=13 (full 0):
 garbage-first heap   total 135168K, used 27818K [0x000000070a400000, 0x0000000800000000)
  region size 2048K, 4 young (8192K), 4 survivors (8192K)
 Metaspace       used 43209K, committed 43584K, reserved 1114112K
  class space    used 5731K, committed 5888K, reserved 1048576K
}
Event: 5.923 GC heap before
{Heap before GC invocations=13 (full 0):
 garbage-first heap   total 135168K, used 99498K [0x000000070a400000, 0x0000000800000000)
  region size 2048K, 39 young (79872K), 4 survivors (8192K)
 Metaspace       used 49678K, committed 50112K, reserved 1114112K
  class space    used 6796K, committed 6976K, reserved 1048576K
}
Event: 5.930 GC heap after
{Heap after GC invocations=14 (full 0):
 garbage-first heap   total 135168K, used 31865K [0x000000070a400000, 0x0000000800000000)
  region size 2048K, 4 young (8192K), 4 survivors (8192K)
 Metaspace       used 49678K, committed 50112K, reserved 1114112K
  class space    used 6796K, committed 6976K, reserved 1048576K
}
Event: 6.507 GC heap before
{Heap before GC invocations=14 (full 0):
 garbage-first heap   total 135168K, used 103545K [0x000000070a400000, 0x0000000800000000)
  region size 2048K, 39 young (79872K), 4 survivors (8192K)
 Metaspace       used 55633K, committed 56064K, reserved 1114112K
  class space    used 7565K, committed 7744K, reserved 1048576K
}
Event: 6.514 GC heap after
{Heap after GC invocations=15 (full 0):
 garbage-first heap   total 135168K, used 34947K [0x000000070a400000, 0x0000000800000000)
  region size 2048K, 4 young (8192K), 4 survivors (8192K)
 Metaspace       used 55633K, committed 56064K, reserved 1114112K
  class space    used 7565K, committed 7744K, reserved 1048576K
}
Event: 6.938 GC heap before
{Heap before GC invocations=15 (full 0):
 garbage-first heap   total 135168K, used 104579K [0x000000070a400000, 0x0000000800000000)
  region size 2048K, 38 young (77824K), 4 survivors (8192K)
 Metaspace       used 59599K, committed 60096K, reserved 1114112K
  class space    used 8032K, committed 8256K, reserved 1048576K
}
Event: 6.942 GC heap after
{Heap after GC invocations=16 (full 0):
 garbage-first heap   total 135168K, used 37639K [0x000000070a400000, 0x0000000800000000)
  region size 2048K, 4 young (8192K), 4 survivors (8192K)
 Metaspace       used 59599K, committed 60096K, reserved 1114112K
  class space    used 8032K, committed 8256K, reserved 1048576K
}
Event: 7.074 GC heap before
{Heap before GC invocations=16 (full 0):
 garbage-first heap   total 135168K, used 105223K [0x000000070a400000, 0x0000000800000000)
  region size 2048K, 37 young (75776K), 4 survivors (8192K)
 Metaspace       used 59642K, committed 60096K, reserved 1114112K
  class space    used 8041K, committed 8256K, reserved 1048576K
}
Event: 7.076 GC heap after
{Heap after GC invocations=17 (full 0):
 garbage-first heap   total 135168K, used 38451K [0x000000070a400000, 0x0000000800000000)
  region size 2048K, 2 young (4096K), 2 survivors (4096K)
 Metaspace       used 59642K, committed 60096K, reserved 1114112K
  class space    used 8041K, committed 8256K, reserved 1048576K
}
Event: 7.123 GC heap before
{Heap before GC invocations=17 (full 0):
 garbage-first heap   total 135168K, used 44595K [0x000000070a400000, 0x0000000800000000)
  region size 2048K, 6 young (12288K), 2 survivors (4096K)
 Metaspace       used 59933K, committed 60416K, reserved 1114112K
  class space    used 8097K, committed 8320K, reserved 1048576K
}
Event: 7.125 GC heap after
{Heap after GC invocations=18 (full 0):
 garbage-first heap   total 135168K, used 38265K [0x000000070a400000, 0x0000000800000000)
  region size 2048K, 2 young (4096K), 2 survivors (4096K)
 Metaspace       used 59933K, committed 60416K, reserved 1114112K
  class space    used 8097K, committed 8320K, reserved 1048576K
}

Deoptimization events (20 events):
Event: 8.070 Thread 0x000001daedb66420 DEOPT PACKING pc=0x000001daf6390adc sp=0x0000002103dfd2d0
Event: 8.070 Thread 0x000001daedb66420 DEOPT UNPACKING pc=0x000001daf5c32b43 sp=0x0000002103dfc7c0 mode 1
Event: 8.070 Thread 0x000001daedb66420 DEOPT PACKING pc=0x000001daf5fc89e4 sp=0x0000002103dfc7f0
Event: 8.070 Thread 0x000001daedb66420 DEOPT UNPACKING pc=0x000001daf5c32b43 sp=0x0000002103dfbc88 mode 1
Event: 8.070 Thread 0x000001daedb66420 DEOPT PACKING pc=0x000001daf5fc7afc sp=0x0000002103dfc8c0
Event: 8.070 Thread 0x000001daedb66420 DEOPT UNPACKING pc=0x000001daf5c32b43 sp=0x0000002103dfbd78 mode 1
Event: 8.070 Thread 0x000001daedb66420 DEOPT PACKING pc=0x000001daf6390adc sp=0x0000002103dfd2d0
Event: 8.070 Thread 0x000001daedb66420 DEOPT UNPACKING pc=0x000001daf5c32b43 sp=0x0000002103dfc7c0 mode 1
Event: 8.070 Thread 0x000001daedb66420 DEOPT PACKING pc=0x000001daf5fc89e4 sp=0x0000002103dfc890
Event: 8.070 Thread 0x000001daedb66420 DEOPT UNPACKING pc=0x000001daf5c32b43 sp=0x0000002103dfbd28 mode 1
Event: 8.070 Thread 0x000001daedb66420 DEOPT PACKING pc=0x000001daf5fc7afc sp=0x0000002103dfc960
Event: 8.070 Thread 0x000001daedb66420 DEOPT UNPACKING pc=0x000001daf5c32b43 sp=0x0000002103dfbe18 mode 1
Event: 8.070 Thread 0x000001daedb66420 DEOPT PACKING pc=0x000001daf6390adc sp=0x0000002103dfd370
Event: 8.070 Thread 0x000001daedb66420 DEOPT UNPACKING pc=0x000001daf5c32b43 sp=0x0000002103dfc860 mode 1
Event: 8.071 Thread 0x000001daedb66420 DEOPT PACKING pc=0x000001daf5fc89e4 sp=0x0000002103dfc890
Event: 8.071 Thread 0x000001daedb66420 DEOPT UNPACKING pc=0x000001daf5c32b43 sp=0x0000002103dfbd28 mode 1
Event: 8.071 Thread 0x000001daedb66420 DEOPT PACKING pc=0x000001daf5fc7afc sp=0x0000002103dfc960
Event: 8.071 Thread 0x000001daedb66420 DEOPT UNPACKING pc=0x000001daf5c32b43 sp=0x0000002103dfbe18 mode 1
Event: 8.071 Thread 0x000001daedb66420 DEOPT PACKING pc=0x000001daf6390adc sp=0x0000002103dfd370
Event: 8.071 Thread 0x000001daedb66420 DEOPT UNPACKING pc=0x000001daf5c32b43 sp=0x0000002103dfc860 mode 1

Classes unloaded (0 events):
No events

Classes redefined (1 events):
Event: 1.369 Thread 0x000001daed70e540 redefined class name=java.lang.Throwable, count=1

Internal exceptions (20 events):
Event: 6.642 Thread 0x000001daedb66420 Exception <a 'java/lang/NoSuchMethodError'{0x00000007112f1818}: 'java.lang.Object java.lang.invoke.DirectMethodHandle$Holder.invokeSpecial(java.lang.Object, java.lang.Object, long, java.lang.Object, java.lang.Object, java.lang.Object, java.lang.Object, java.lang.Object, java.lang.Object)'> (0x00000007112f1818) 
thrown [s\open\src\hotspot\share\interpreter\linkResolver.cpp, line 759]
Event: 6.643 Thread 0x000001daedb66420 Exception <a 'java/lang/NoSuchMethodError'{0x00000007112f63a0}: 'java.lang.Object java.lang.invoke.DelegatingMethodHandle$Holder.reinvoke_L(java.lang.Object, long, java.lang.Object, java.lang.Object, java.lang.Object, java.lang.Object, java.lang.Object, java.lang.Object)'> (0x00000007112f63a0) 
thrown [s\open\src\hotspot\share\interpreter\linkResolver.cpp, line 759]
Event: 6.674 Thread 0x000001daedb66420 Exception <a 'java/io/FileNotFoundException'{0x0000000711136b78}> (0x0000000711136b78) 
thrown [s\open\src\hotspot\share\prims\jni.cpp, line 516]
Event: 6.674 Thread 0x000001daedb66420 Exception <a 'java/io/FileNotFoundException'{0x0000000711137f78}> (0x0000000711137f78) 
thrown [s\open\src\hotspot\share\prims\jni.cpp, line 516]
Event: 6.688 Thread 0x000001daedb66420 Exception <a 'java/io/FileNotFoundException'{0x0000000710d467c8}> (0x0000000710d467c8) 
thrown [s\open\src\hotspot\share\prims\jni.cpp, line 516]
Event: 6.698 Thread 0x000001daedb66420 Exception <a 'java/lang/NoSuchMethodError'{0x0000000710a27740}: 'int java.lang.invoke.DirectMethodHandle$Holder.invokeInterface(java.lang.Object, java.lang.Object, java.lang.Object, java.lang.Object)'> (0x0000000710a27740) 
thrown [s\open\src\hotspot\share\interpreter\linkResolver.cpp, line 759]
Event: 6.738 Thread 0x000001daedb66420 Exception <a 'java/lang/NoSuchMethodError'{0x0000000710478098}: 'java.lang.Object java.lang.invoke.DirectMethodHandle$Holder.invokeStaticInit(java.lang.Object, java.lang.Object, java.lang.Object, java.lang.Object)'> (0x0000000710478098) 
thrown [s\open\src\hotspot\share\interpreter\linkResolver.cpp, line 759]
Event: 6.739 Thread 0x000001daedb66420 Exception <a 'java/lang/IncompatibleClassChangeError'{0x000000071048fbc0}: Found class java.lang.Object, but interface was expected> (0x000000071048fbc0) 
thrown [s\open\src\hotspot\share\interpreter\linkResolver.cpp, line 826]
Event: 6.739 Thread 0x000001daedb66420 Exception <a 'java/lang/IncompatibleClassChangeError'{0x000000071049f4c8}: Found class java.lang.Object, but interface was expected> (0x000000071049f4c8) 
thrown [s\open\src\hotspot\share\interpreter\linkResolver.cpp, line 826]
Event: 6.741 Thread 0x000001daedb66420 Exception <a 'java/lang/IncompatibleClassChangeError'{0x00000007104d41d8}: Found class java.lang.Object, but interface was expected> (0x00000007104d41d8) 
thrown [s\open\src\hotspot\share\interpreter\linkResolver.cpp, line 826]
Event: 6.801 Thread 0x000001dacc2bf850 Exception <a 'java/lang/reflect/InvocationTargetException'{0x000000070f62c600}> (0x000000070f62c600) 
thrown [s\open\src\hotspot\share\runtime\reflection.cpp, line 1121]
Event: 6.867 Thread 0x000001daedb66420 Exception <a 'java/lang/NoSuchMethodError'{0x000000070efdf898}: 'long java.lang.invoke.DirectMethodHandle$Holder.invokeVirtual(java.lang.Object, java.lang.Object)'> (0x000000070efdf898) 
thrown [s\open\src\hotspot\share\interpreter\linkResolver.cpp, line 759]
Event: 6.927 Thread 0x000001daedb66420 Exception <a 'java/lang/NoSuchMethodError'{0x000000070e4a6a30}: 'void java.lang.invoke.DirectMethodHandle$Holder.invokeVirtual(java.lang.Object, java.lang.Object, long)'> (0x000000070e4a6a30) 
thrown [s\open\src\hotspot\share\interpreter\linkResolver.cpp, line 759]
Event: 7.105 Thread 0x000001daedb66420 Exception <a 'sun/nio/fs/WindowsException'{0x00000007164834a8}> (0x00000007164834a8) 
thrown [s\open\src\hotspot\share\prims\jni.cpp, line 516]
Event: 7.108 Thread 0x000001daedb66420 Exception <a 'sun/nio/fs/WindowsException'{0x00000007164e9fe8}> (0x00000007164e9fe8) 
thrown [s\open\src\hotspot\share\prims\jni.cpp, line 516]
Event: 7.111 Thread 0x000001daedb66420 Exception <a 'sun/nio/fs/WindowsException'{0x0000000716529978}> (0x0000000716529978) 
thrown [s\open\src\hotspot\share\prims\jni.cpp, line 516]
Event: 7.296 Thread 0x000001dacc627c40 Exception <a 'sun/nio/fs/WindowsException'{0x00000007114aee00}> (0x00000007114aee00) 
thrown [s\open\src\hotspot\share\prims\jni.cpp, line 516]
Event: 7.304 Thread 0x000001dacc627c40 Exception <a 'java/lang/NoSuchMethodError'{0x00000007114f46c8}: 'int java.lang.invoke.DirectMethodHandle$Holder.invokeStaticInit(java.lang.Object, java.lang.Object, java.lang.Object, java.lang.Object)'> (0x00000007114f46c8) 
thrown [s\open\src\hotspot\share\interpreter\linkResolver.cpp, line 759]
Event: 7.305 Thread 0x000001dacc2bf850 Exception <a 'java/lang/reflect/InvocationTargetException'{0x0000000711541db8}> (0x0000000711541db8) 
thrown [s\open\src\hotspot\share\runtime\reflection.cpp, line 1121]
Event: 7.809 Thread 0x000001dacc2bf850 Exception <a 'java/lang/reflect/InvocationTargetException'{0x000000070fb43760}> (0x000000070fb43760) 
thrown [s\open\src\hotspot\share\runtime\reflection.cpp, line 1121]

VM Operations (20 events):
Event: 6.872 Executing VM operation: HandshakeAllThreads
Event: 6.872 Executing VM operation: HandshakeAllThreads done
Event: 6.938 Executing VM operation: G1CollectForAllocation
Event: 6.942 Executing VM operation: G1CollectForAllocation done
Event: 7.065 Executing VM operation: HandshakeAllThreads
Event: 7.065 Executing VM operation: HandshakeAllThreads done
Event: 7.073 Executing VM operation: G1CollectForAllocation
Event: 7.076 Executing VM operation: G1CollectForAllocation done
Event: 7.123 Executing VM operation: CollectForMetadataAllocation
Event: 7.125 Executing VM operation: CollectForMetadataAllocation done
Event: 7.138 Executing VM operation: G1Concurrent
Event: 7.142 Executing VM operation: G1Concurrent done
Event: 7.146 Executing VM operation: G1Concurrent
Event: 7.150 Executing VM operation: G1Concurrent done
Event: 7.278 Executing VM operation: HandshakeAllThreads
Event: 7.278 Executing VM operation: HandshakeAllThreads done
Event: 7.297 Executing VM operation: HandshakeAllThreads
Event: 7.297 Executing VM operation: HandshakeAllThreads done
Event: 7.301 Executing VM operation: HandshakeAllThreads
Event: 7.301 Executing VM operation: HandshakeAllThreads done

Events (20 events):
Event: 8.098 loading class org/hibernate/dialect/Database$5
Event: 8.098 loading class org/hibernate/dialect/Database$5 done
Event: 8.098 loading class org/hibernate/dialect/Database$6
Event: 8.098 loading class org/hibernate/dialect/Database$6 done
Event: 8.098 loading class org/hibernate/dialect/Database$7
Event: 8.098 loading class org/hibernate/dialect/Database$7 done
Event: 8.098 loading class org/hibernate/dialect/Database$8
Event: 8.098 loading class org/hibernate/dialect/Database$8 done
Event: 8.099 loading class org/hibernate/dialect/Database$9
Event: 8.099 loading class org/hibernate/dialect/Database$9 done
Event: 8.099 loading class org/hibernate/dialect/Database$10
Event: 8.099 loading class org/hibernate/dialect/Database$10 done
Event: 8.099 loading class org/hibernate/dialect/Database$11
Event: 8.099 loading class org/hibernate/dialect/Database$11 done
Event: 8.099 loading class org/hibernate/dialect/Database$12
Event: 8.099 loading class org/hibernate/dialect/Database$12 done
Event: 8.099 loading class org/hibernate/dialect/Database$13
Event: 8.099 loading class org/hibernate/dialect/Database$13 done
Event: 8.099 loading class org/hibernate/dialect/DB2Dialect
Event: 8.099 loading class org/hibernate/dialect/DB2Dialect done


Dynamic libraries:
0x00007ff6e0490000 - 0x00007ff6e04a0000 	C:\Program Files\Java\jdk-17\bin\java.exe
0x00007ff8f7070000 - 0x00007ff8f7287000 	C:\WINDOWS\SYSTEM32\ntdll.dll
0x00007ff8f5bc0000 - 0x00007ff8f5c84000 	C:\WINDOWS\System32\KERNEL32.DLL
0x00007ff8f49b0000 - 0x00007ff8f4d6a000 	C:\WINDOWS\System32\KERNELBASE.dll
0x00007ff8f45d0000 - 0x00007ff8f46e1000 	C:\WINDOWS\System32\ucrtbase.dll
0x00007ff8ebde0000 - 0x00007ff8ebdf9000 	C:\Program Files\Java\jdk-17\bin\jli.dll
0x00007ff8e3110000 - 0x00007ff8e312b000 	C:\Program Files\Java\jdk-17\bin\VCRUNTIME140.dll
0x00007ff8f4e50000 - 0x00007ff8f4f02000 	C:\WINDOWS\System32\ADVAPI32.dll
0x00007ff8f61b0000 - 0x00007ff8f6257000 	C:\WINDOWS\System32\msvcrt.dll
0x00007ff8f6b90000 - 0x00007ff8f6c37000 	C:\WINDOWS\System32\sechost.dll
0x00007ff8f4980000 - 0x00007ff8f49a8000 	C:\WINDOWS\System32\bcrypt.dll
0x00007ff8f55f0000 - 0x00007ff8f5704000 	C:\WINDOWS\System32\RPCRT4.dll
0x00007ff8f5c90000 - 0x00007ff8f5e3e000 	C:\WINDOWS\System32\USER32.dll
0x00007ff8f4830000 - 0x00007ff8f4856000 	C:\WINDOWS\System32\win32u.dll
0x00007ff8e0f30000 - 0x00007ff8e11c2000 	C:\WINDOWS\WinSxS\amd64_microsoft.windows.common-controls_6595b64144ccf1df_6.0.22621.4541_none_2710d1c57384c085\COMCTL32.dll
0x00007ff8f6170000 - 0x00007ff8f6199000 	C:\WINDOWS\System32\GDI32.dll
0x00007ff8f4340000 - 0x00007ff8f445b000 	C:\WINDOWS\System32\gdi32full.dll
0x00007ff8f48e0000 - 0x00007ff8f497a000 	C:\WINDOWS\System32\msvcp_win.dll
0x00007ff8eb770000 - 0x00007ff8eb77a000 	C:\WINDOWS\SYSTEM32\VERSION.dll
0x00007ff8f6080000 - 0x00007ff8f60b1000 	C:\WINDOWS\System32\IMM32.DLL
0x00007ff8ec1b0000 - 0x00007ff8ec1bc000 	C:\Program Files\Java\jdk-17\bin\vcruntime140_1.dll
0x00007ff8dd2d0000 - 0x00007ff8dd35e000 	C:\Program Files\Java\jdk-17\bin\msvcp140.dll
0x00007ff898890000 - 0x00007ff899470000 	C:\Program Files\Java\jdk-17\bin\server\jvm.dll
0x00007ff8f6b00000 - 0x00007ff8f6b08000 	C:\WINDOWS\System32\PSAPI.DLL
0x00007ff8d1730000 - 0x00007ff8d1739000 	C:\WINDOWS\SYSTEM32\WSOCK32.dll
0x00007ff8f1440000 - 0x00007ff8f1474000 	C:\WINDOWS\SYSTEM32\WINMM.dll
0x00007ff8f6b10000 - 0x00007ff8f6b81000 	C:\WINDOWS\System32\WS2_32.dll
0x00007ff8f3300000 - 0x00007ff8f3318000 	C:\WINDOWS\SYSTEM32\kernel.appcore.dll
0x00007ff8ec100000 - 0x00007ff8ec10a000 	C:\Program Files\Java\jdk-17\bin\jimage.dll
0x00007ff8f1e30000 - 0x00007ff8f2062000 	C:\WINDOWS\SYSTEM32\DBGHELP.DLL
0x00007ff8f6ca0000 - 0x00007ff8f702f000 	C:\WINDOWS\System32\combase.dll
0x00007ff8f4d70000 - 0x00007ff8f4e47000 	C:\WINDOWS\System32\OLEAUT32.dll
0x00007ff8e9190000 - 0x00007ff8e91c2000 	C:\WINDOWS\SYSTEM32\dbgcore.DLL
0x00007ff8f4860000 - 0x00007ff8f48db000 	C:\WINDOWS\System32\bcryptPrimitives.dll
0x00007ff8d8780000 - 0x00007ff8d87bb000 	C:\Program Files\Java\jdk-17\bin\jdwp.dll
0x00007ff8a0c10000 - 0x00007ff8a0e1e000 	C:\Users\wjy\AppData\Local\Temp\idea_libasyncProfiler_dll_temp_folder\libasyncProfiler.dll
0x00007ff8ee220000 - 0x00007ff8ee22e000 	C:\Program Files\Java\jdk-17\bin\instrument.dll
0x00007ff8dd700000 - 0x00007ff8dd725000 	C:\Program Files\Java\jdk-17\bin\java.dll
0x00007ff8dc2f0000 - 0x00007ff8dc308000 	C:\Program Files\Java\jdk-17\bin\zip.dll
0x00007ff8ab4e0000 - 0x00007ff8ab5b7000 	C:\Program Files\Java\jdk-17\bin\jsvml.dll
0x00007ff8f6280000 - 0x00007ff8f6af8000 	C:\WINDOWS\System32\SHELL32.dll
0x00007ff8f21f0000 - 0x00007ff8f2af8000 	C:\WINDOWS\SYSTEM32\windows.storage.dll
0x00007ff8f20b0000 - 0x00007ff8f21ef000 	C:\WINDOWS\SYSTEM32\wintypes.dll
0x00007ff8f5ef0000 - 0x00007ff8f5fea000 	C:\WINDOWS\System32\SHCORE.dll
0x00007ff8f5e40000 - 0x00007ff8f5e9e000 	C:\WINDOWS\System32\shlwapi.dll
0x00007ff8f4270000 - 0x00007ff8f429b000 	C:\WINDOWS\SYSTEM32\profapi.dll
0x00007ff8ee1d0000 - 0x00007ff8ee1dc000 	C:\Program Files\Java\jdk-17\bin\dt_socket.dll
0x00007ff8f2d60000 - 0x00007ff8f2d8d000 	C:\WINDOWS\SYSTEM32\IPHLPAPI.DLL
0x00007ff8f3770000 - 0x00007ff8f37d9000 	C:\WINDOWS\system32\mswsock.dll
0x00007ff8dd2b0000 - 0x00007ff8dd2c9000 	C:\Program Files\Java\jdk-17\bin\net.dll
0x00007ff8eece0000 - 0x00007ff8eee16000 	C:\WINDOWS\SYSTEM32\WINHTTP.dll
0x00007ff8dd250000 - 0x00007ff8dd266000 	C:\Program Files\Java\jdk-17\bin\nio.dll
0x00007ff8e8d20000 - 0x00007ff8e8d6b000 	C:\Program Files (x86)\Sangfor\SSL\ClientComponent3\SangforNspX64.dll
0x00007ff8f5440000 - 0x00007ff8f55e5000 	C:\WINDOWS\System32\ole32.dll
0x00007ff8f2d90000 - 0x00007ff8f2e92000 	C:\WINDOWS\SYSTEM32\DNSAPI.dll
0x00007ff8f6270000 - 0x00007ff8f6279000 	C:\WINDOWS\System32\NSI.dll
0x000000006efe0000 - 0x000000006f006000 	C:\Program Files\Bonjour\mdnsNSP.dll
0x00007ff8ebea0000 - 0x00007ff8ebeaa000 	C:\Windows\System32\rasadhlp.dll
0x00007ff8ed2b0000 - 0x00007ff8ed333000 	C:\WINDOWS\System32\fwpuclnt.dll
0x00007ff8dd190000 - 0x00007ff8dd19a000 	C:\Program Files\Java\jdk-17\bin\management.dll
0x00007ff8dd170000 - 0x00007ff8dd17b000 	C:\Program Files\Java\jdk-17\bin\management_ext.dll
0x00007ff8f3a10000 - 0x00007ff8f3a2b000 	C:\WINDOWS\SYSTEM32\CRYPTSP.dll
0x00007ff8f3260000 - 0x00007ff8f3295000 	C:\WINDOWS\system32\rsaenh.dll
0x00007ff8f3810000 - 0x00007ff8f3838000 	C:\WINDOWS\SYSTEM32\USERENV.dll
0x00007ff8f3970000 - 0x00007ff8f397c000 	C:\WINDOWS\SYSTEM32\CRYPTBASE.dll
0x00007ff8eebf0000 - 0x00007ff8eec09000 	C:\WINDOWS\SYSTEM32\dhcpcsvc6.DLL
0x00007ff8eebd0000 - 0x00007ff8eebef000 	C:\WINDOWS\SYSTEM32\dhcpcsvc.DLL
0x00007ff8d06f0000 - 0x00007ff8d0707000 	C:\WINDOWS\system32\napinsp.dll
0x00007ff8d06a0000 - 0x00007ff8d06bb000 	C:\WINDOWS\system32\pnrpnsp.dll
0x00007ff8d0580000 - 0x00007ff8d0591000 	C:\WINDOWS\System32\winrnr.dll
0x00007ff8ed340000 - 0x00007ff8ed355000 	C:\WINDOWS\system32\wshbth.dll
0x00007ff8d0550000 - 0x00007ff8d0577000 	C:\WINDOWS\system32\nlansp_c.dll
0x00007ff8dd2a0000 - 0x00007ff8dd2ae000 	C:\Program Files\Java\jdk-17\bin\sunmscapi.dll
0x00007ff8f4460000 - 0x00007ff8f45c6000 	C:\WINDOWS\System32\CRYPT32.dll
0x00007ff8f3bb0000 - 0x00007ff8f3bdd000 	C:\WINDOWS\SYSTEM32\ncrypt.dll
0x00007ff8f3b50000 - 0x00007ff8f3b87000 	C:\WINDOWS\SYSTEM32\NTASN1.dll
0x00007ff894cd0000 - 0x00007ff894cd8000 	C:\WINDOWS\system32\wshunix.dll
0x00007ff8dc2e0000 - 0x00007ff8dc2f0000 	C:\Program Files\Java\jdk-17\bin\verify.dll

dbghelp: loaded successfully - version: 4.0.5 - missing functions: none
symbol engine: initialized successfully - sym options: 0x614 - pdb path: .;C:\Program Files\Java\jdk-17\bin;C:\WINDOWS\SYSTEM32;C:\WINDOWS\WinSxS\amd64_microsoft.windows.common-controls_6595b64144ccf1df_6.0.22621.4541_none_2710d1c57384c085;C:\Program Files\Java\jdk-17\bin\server;C:\Users\wjy\AppData\Local\Temp\idea_libasyncProfiler_dll_temp_folder;C:\Program Files (x86)\Sangfor\SSL\ClientComponent3;C:\Program Files\Bonjour

VM Arguments:
jvm_args: -agentlib:jdwp=transport=dt_socket,address=127.0.0.1:57433,suspend=y,server=n -agentpath:C:\Users\wjy\AppData\Local\Temp\idea_libasyncProfiler_dll_temp_folder\libasyncProfiler.dll=version,jfr,event=wall,interval=10ms,cstack=no,file=C:\Users\wjy\IdeaSnapshots\CommentApplication_2024_12_25_115219.jfr,dbghelppath=C:\Users\wjy\AppData\Local\Temp\idea_dbghelp_dll_temp_folder\dbghelp.dll,log=C:\Users\wjy\AppData\Local\Temp\CommentApplication_2024_12_25_115219.jfr.log.txt,logLevel=DEBUG -XX:TieredStopAtLevel=1 -Dspring.output.ansi.enabled=always -Dcom.sun.management.jmxremote -Dspring.jmx.enabled=true -Dspring.liveBeansView.mbeanDomain -Dspring.application.admin.enabled=true -Dmanagement.endpoints.jmx.exposure.include=* -javaagent:C:\Users\wjy\AppData\Local\JetBrains\IntelliJIdea2024.3\captureAgent\debugger-agent.jar -Dkotlinx.coroutines.debug.enable.creation.stack.trace=false -Ddebugger.agent.enable.coroutines=true -Dkotlinx.coroutines.debug.enable.flows.stack.trace=true -Dkotlinx.coroutines.debug.enable.mutable.state.flows.stack.trace=true -Dfile.encoding=UTF-8 
java_command: cn.edu.xmu.oomall.comment.CommentApplication
java_class_path (initial): C:\Users\wjy\Desktop\clone\comment\target\classes;C:\Users\wjy\Desktop\clone\core\target\classes;D:\BaiduNetdiskDownload\apache-maven-3.8.1\.m2\com\auth0\java-jwt\4.4.0\java-jwt-4.4.0.jar;D:\BaiduNetdiskDownload\apache-maven-3.8.1\.m2\com\fasterxml\jackson\core\jackson-databind\2.17.3\jackson-databind-2.17.3.jar;D:\BaiduNetdiskDownload\apache-maven-3.8.1\.m2\com\fasterxml\jackson\core\jackson-annotations\2.17.3\jackson-annotations-2.17.3.jar;D:\BaiduNetdiskDownload\apache-maven-3.8.1\.m2\com\github\pagehelper\pagehelper-spring-boot-starter\2.1.0\pagehelper-spring-boot-starter-2.1.0.jar;D:\BaiduNetdiskDownload\apache-maven-3.8.1\.m2\org\mybatis\spring\boot\mybatis-spring-boot-starter\3.0.3\mybatis-spring-boot-starter-3.0.3.jar;D:\BaiduNetdiskDownload\apache-maven-3.8.1\.m2\org\mybatis\spring\boot\mybatis-spring-boot-autoconfigure\3.0.3\mybatis-spring-boot-autoconfigure-3.0.3.jar;D:\BaiduNetdiskDownload\apache-maven-3.8.1\.m2\org\mybatis\mybatis\3.5.14\mybatis-3.5.14.jar;D:\BaiduNetdiskDownload\apache-maven-3.8.1\.m2\org\mybatis\mybatis-spring\3.0.3\mybatis-spring-3.0.3.jar;D:\BaiduNetdiskDownload\apache-maven-3.8.1\.m2\com\github\pagehelper\pagehelper-spring-boot-autoconfigure\2.1.0\pagehelper-spring-boot-autoconfigure-2.1.0.jar;D:\BaiduNetdiskDownload\apache-maven-3.8.1\.m2\com\github\pagehelper\pagehelper\6.1.0\pagehelper-6.1.0.jar;D:\BaiduNetdiskDownload\apache-maven-3.8.1\.m2\com\github\jsqlparser\jsqlparser\4.7\jsqlparser-4.7.jar;D:\BaiduNetdiskDownload\apache-maven-3.8.1\.m2\org\springframework\cloud\spring-cloud-starter-loadbalancer\4.1.5\spring-cloud-starter-loadbalancer-4.1.5.jar;D:\BaiduNetdiskDownload\apache-maven-3.8.1\.m2\org\springframework\cloud\spring-cloud-loadbalancer\4.1.5\spring-cloud-loadbalancer-4.1.5.jar;D:\BaiduNetdiskDownload\apache-maven-3.8.1\.m2\io\projectreactor\addons\reactor-extra\3.5.2\reactor-extra-3.5.2.jar;D:\BaiduNetdiskDownload\apache-maven-3.8.1\.m2\org\springframework\boot\spring-boot-starter-cache\3
Launcher Type: SUN_STANDARD

[Global flags]
     intx CICompilerCount                          = 12                                        {product} {ergonomic}
     uint ConcGCThreads                            = 3                                         {product} {ergonomic}
     uint G1ConcRefinementThreads                  = 13                                        {product} {ergonomic}
   size_t G1HeapRegionSize                         = 2097152                                   {product} {ergonomic}
    uintx GCDrainStackTargetSize                   = 64                                        {product} {ergonomic}
   size_t InitialHeapSize                          = 257949696                                 {product} {ergonomic}
     bool ManagementServer                         = true                                      {product} {command line}
   size_t MarkStackSize                            = 4194304                                   {product} {ergonomic}
   size_t MaxHeapSize                              = 4123000832                                {product} {ergonomic}
   size_t MaxNewSize                               = 2472542208                                {product} {ergonomic}
   size_t MinHeapDeltaBytes                        = 2097152                                   {product} {ergonomic}
   size_t MinHeapSize                              = 8388608                                   {product} {ergonomic}
    uintx NonProfiledCodeHeapSize                  = 0                                      {pd product} {ergonomic}
     bool ProfileInterpreter                       = false                                  {pd product} {command line}
    uintx ProfiledCodeHeapSize                     = 0                                      {pd product} {ergonomic}
   size_t SoftMaxHeapSize                          = 4123000832                             {manageable} {ergonomic}
     intx TieredStopAtLevel                        = 1                                         {product} {command line}
     bool UseCompressedClassPointers               = true                           {product lp64_product} {ergonomic}
     bool UseCompressedOops                        = true                           {product lp64_product} {ergonomic}
     bool UseG1GC                                  = true                                      {product} {ergonomic}
     bool UseLargePagesIndividualAllocation        = false                                  {pd product} {ergonomic}

Logging:
Log output configuration:
 #0: stdout all=warning uptime,level,tags
 #1: stderr all=off uptime,level,tags

Environment Variables:
JAVA_HOME=C:\Program Files\Java\jdk-17
PATH=C:\Program Files\Common Files\Oracle\Java\javapath;D:\BaiduNetdiskDownload\nodejs;D:\BaiduNetdiskDownload\jdk1.8\bin;D:\bin\;C:\Windows\system32;C:\Windows;C:\Windows\System32\Wbem;C:\Windows\System32\WindowsPowerShell\v1.0\;C:\Windows\System32\OpenSSH\;C:\Program Files (x86)\NVIDIA Corporation\PhysX\Common;C:\WINDOWS\system32;C:\WINDOWS;C:\WINDOWS\System32\Wbem;C:\WINDOWS\System32\WindowsPowerShell\v1.0\;C:\WINDOWS\System32\OpenSSH\;C:\Program Files\dotnet\;D:\Git\cmd;D:\BaiduNetdiskDownload\apache-maven-3.8.1\bin;C:\Program Files (x86)\Windows Kits\10\Windows Performance Toolkit\;D:\360downloads\SQL 2019\150\Tools\Binn\;D:\360downloads\SQL SERVER 2019\150\Tools\Binn\;D:\360downloads\SQL SERVER 2019\150\DTS\Binn\;D:\360downloads\SQL SERVER 2019\Client SDK\ODBC\170\Tools\Binn\;D:\360downloads\SQL 2019\150\DTS\Binn\;D:\360downloads\SQL 2019\160\DTS\Binn\;D:\360downloads\SQL SERVER 2019\130\DTS\Binn\;D:\360downloads\SQL SERVER 2019\140\DTS\Binn\;D:\360downloads\SQL SERVER 2019\160\DTS\Binn\;C:\MinGW\bin;C:\Program Files\nodejs\;C:\Program Files\Java\jdk-17\bin;C:\Program Files\Java\jdk-17\jre\bin;D:\Anaconda;D:\Anaconda\Library\mingw-w64\bin;D:\Anaconda\Library\usr\bin;D:\Anaconda\Library\bin;D:\Anaconda\Scripts;C:\Users\wjy\AppData\Local\Programs\Python\Python311\Scripts\;C:\Users\wjy\AppData\Local\Programs\Python\Python311\;C:\Users\wjy\AppData\Local\Microsoft\WindowsApps;C:\Users\wjy\.dotnet\tools;D:\Microsoft VS Code\bin;D:\SQL\Program Files\MySQL\MySQL Server 8.4\bin;C:\Users\wjy\AppData\Roaming\npm
USERNAME=wjy
OS=Windows_NT
PROCESSOR_IDENTIFIER=AMD64 Family 25 Model 80 Stepping 0, AuthenticAMD



---------------  S Y S T E M  ---------------

OS:
 Windows 11 , 64 bit Build 22621 (10.0.22621.4391)
OS uptime: 0 days 1:48 hours
Hyper-V role detected

CPU: total 16 (initial active 16) (16 cores per cpu, 2 threads per core) family 25 model 80 stepping 0 microcode 0x0, cx8, cmov, fxsr, ht, mmx, 3dnowpref, sse, sse2, sse3, ssse3, sse4a, sse4.1, sse4.2, popcnt, lzcnt, tsc, tscinvbit, avx, avx2, aes, erms, clmul, bmi1, bmi2, adx, sha, fma, vzeroupper, clflush, clflushopt, hv

Memory: 4k page, system-wide physical 15724M (3145M free)
TotalPageFile size 19820M (AvailPageFile size 3M)
current process WorkingSet (physical memory assigned to process): 371M, peak: 371M
current process commit charge ("private bytes"): 437M, peak: 437M

vm_info: Java HotSpot(TM) 64-Bit Server VM (17.0.12+8-LTS-286) for windows-amd64 JRE (17.0.12+8-LTS-286), built on Jun  5 2024 06:46:59 by "mach5one" with MS VC++ 17.6 (VS2022)

END.
