#
# There is insufficient memory for the Java Runtime Environment to continue.
# Native memory allocation (mmap) failed to map 65536 bytes. Error detail: Failed to commit metaspace.
# Possible reasons:
#   The system is out of physical RAM or swap space
#   This process is running with CompressedOops enabled, and the Java Heap may be blocking the growth of the native heap
# Possible solutions:
#   Reduce memory load on the system
#   Increase physical memory or swap space
#   Check if swap backing store is full
#   Decrease Java heap size (-Xmx/-Xms)
#   Decrease number of Java threads
#   Decrease Java thread stack sizes (-Xss)
#   Set larger code cache with -XX:ReservedCodeCacheSize=
#   JVM is running with Zero Based Compressed Oops mode in which the Java heap is
#     placed in the first 32GB address space. The Java Heap base address is the
#     maximum limit for the native heap growth. Please use -XX:HeapBaseMinAddress
#     to set the Java Heap base and to place the Java Heap above 32GB virtual address.
# This output file may be truncated or incomplete.
#
#  Out of Memory Error (virtualSpaceNode.cpp:113), pid=14756, tid=22188
#
# JRE version: OpenJDK Runtime Environment JBR-21.0.5+8-631.16-jcef (21.0.5+8) (build 21.0.5+8-b631.16)
# Java VM: OpenJDK 64-Bit Server VM JBR-21.0.5+8-631.16-jcef (21.0.5+8-b631.16, mixed mode, sharing, tiered, compressed oops, compressed class ptrs, g1 gc, windows-amd64)
# No core dump will be written. Minidumps are not enabled by default on client versions of Windows
#

---------------  S U M M A R Y ------------

Command Line: git4idea.http.GitAskPassApp Username for 'https://github.com': 

Host: AMD Ryzen 7 5800H with Radeon Graphics         , 16 cores, 15G,  Windows 11 , 64 bit Build 22621 (10.0.22621.4391)
Time: Wed Dec 25 12:03:43 2024  Windows 11 , 64 bit Build 22621 (10.0.22621.4391) elapsed time: 0.172629 seconds (0d 0h 0m 0s)

---------------  T H R E A D  ---------------

Current thread (0x000002e16658e830):  JavaThread "C1 CompilerThread1" daemon [_thread_in_vm, id=22188, stack(0x000000f3af200000,0x000000f3af300000) (1024K)]


Current CompileTask:
C1:172  431       3       java.lang.invoke.VarHandleGuards::guard_LI_I (78 bytes)

Stack: [0x000000f3af200000,0x000000f3af300000]
Native frames: (J=compiled Java code, j=interpreted, Vv=VM code, C=native code)
V  [jvm.dll+0x6e52b9]
V  [jvm.dll+0x8c3633]
V  [jvm.dll+0x8c5b8e]
V  [jvm.dll+0x8c6273]
V  [jvm.dll+0x288f46]
V  [jvm.dll+0x8be47e]
V  [jvm.dll+0x686805]
V  [jvm.dll+0x68686a]
V  [jvm.dll+0x689086]
V  [jvm.dll+0x688f52]
V  [jvm.dll+0x6871be]
V  [jvm.dll+0x6987da]
V  [jvm.dll+0x691762]
V  [jvm.dll+0x1f8e70]
V  [jvm.dll+0x1f9058]
V  [jvm.dll+0x16a196]
V  [jvm.dll+0x169fe6]
V  [jvm.dll+0x161589]
V  [jvm.dll+0x163b21]
V  [jvm.dll+0x161e24]
V  [jvm.dll+0x16ab44]
V  [jvm.dll+0x169fe6]
V  [jvm.dll+0x161589]
V  [jvm.dll+0x163b21]
V  [jvm.dll+0x161e24]
V  [jvm.dll+0x15b930]
V  [jvm.dll+0x16bd36]
V  [jvm.dll+0x156d20]
V  [jvm.dll+0x1570a3]
V  [jvm.dll+0x157366]
V  [jvm.dll+0x1566df]
V  [jvm.dll+0x158501]
V  [jvm.dll+0x25f5dc]
V  [jvm.dll+0x25db26]
V  [jvm.dll+0x3ff5e6]
V  [jvm.dll+0x86b248]
V  [jvm.dll+0x6e3abd]
C  [ucrtbase.dll+0x29333]
C  [KERNEL32.DLL+0x1259d]
C  [ntdll.dll+0x5af38]


---------------  P R O C E S S  ---------------

Threads class SMR info:
_java_thread_list=0x000002e166844290, length=12, elements={
0x000002e1490cf940, 0x000002e166558d20, 0x000002e166559a30, 0x000002e16655bf10,
0x000002e16655c960, 0x000002e16655d3b0, 0x000002e166567f50, 0x000002e166572450,
0x000002e166575630, 0x000002e16658e830, 0x000002e1668682a0, 0x000002e16686aee0
}

Java Threads: ( => current thread )
  0x000002e1490cf940 JavaThread "main"                              [_thread_in_vm, id=16460, stack(0x000000f3ae200000,0x000000f3ae300000) (1024K)]
  0x000002e166558d20 JavaThread "Reference Handler"          daemon [_thread_blocked, id=26040, stack(0x000000f3aea00000,0x000000f3aeb00000) (1024K)]
  0x000002e166559a30 JavaThread "Finalizer"                  daemon [_thread_blocked, id=25764, stack(0x000000f3aeb00000,0x000000f3aec00000) (1024K)]
  0x000002e16655bf10 JavaThread "Signal Dispatcher"          daemon [_thread_blocked, id=26072, stack(0x000000f3aec00000,0x000000f3aed00000) (1024K)]
  0x000002e16655c960 JavaThread "Attach Listener"            daemon [_thread_blocked, id=16896, stack(0x000000f3aed00000,0x000000f3aee00000) (1024K)]
  0x000002e16655d3b0 JavaThread "Service Thread"             daemon [_thread_blocked, id=25972, stack(0x000000f3aee00000,0x000000f3aef00000) (1024K)]
  0x000002e166567f50 JavaThread "Monitor Deflation Thread"   daemon [_thread_blocked, id=792, stack(0x000000f3aef00000,0x000000f3af000000) (1024K)]
  0x000002e166572450 JavaThread "C2 CompilerThread0"         daemon [_thread_blocked, id=21072, stack(0x000000f3af000000,0x000000f3af100000) (1024K)]
  0x000002e166575630 JavaThread "C1 CompilerThread0"         daemon [_thread_blocked, id=26068, stack(0x000000f3af100000,0x000000f3af200000) (1024K)]
=>0x000002e16658e830 JavaThread "C1 CompilerThread1"         daemon [_thread_in_vm, id=22188, stack(0x000000f3af200000,0x000000f3af300000) (1024K)]
  0x000002e1668682a0 JavaThread "Notification Thread"        daemon [_thread_blocked, id=13932, stack(0x000000f3af300000,0x000000f3af400000) (1024K)]
  0x000002e16686aee0 JavaThread "Common-Cleaner"             daemon [_thread_blocked, id=26060, stack(0x000000f3af400000,0x000000f3af500000) (1024K)]
Total: 12

Other Threads:
  0x000002e16653a0d0 VMThread "VM Thread"                           [id=2520, stack(0x000000f3ae900000,0x000000f3aea00000) (1024K)]
  0x000002e166527930 WatcherThread "VM Periodic Task Thread"        [id=12364, stack(0x000000f3ae800000,0x000000f3ae900000) (1024K)]
  0x000002e1491319e0 WorkerThread "GC Thread#0"                     [id=25180, stack(0x000000f3ae300000,0x000000f3ae400000) (1024K)]
  0x000002e149142130 ConcurrentGCThread "G1 Main Marker"            [id=25716, stack(0x000000f3ae400000,0x000000f3ae500000) (1024K)]
  0x000002e149144b40 WorkerThread "G1 Conc#0"                       [id=100, stack(0x000000f3ae500000,0x000000f3ae600000) (1024K)]
  0x000002e1663f9c80 ConcurrentGCThread "G1 Refine#0"               [id=21112, stack(0x000000f3ae600000,0x000000f3ae700000) (1024K)]
  0x000002e1663fa4a0 ConcurrentGCThread "G1 Service"                [id=6912, stack(0x000000f3ae700000,0x000000f3ae800000) (1024K)]
Total: 7

Threads with active compile tasks:
C1 CompilerThread1  202  431       3       java.lang.invoke.VarHandleGuards::guard_LI_I (78 bytes)
Total: 1

VM state: not at safepoint (normal execution)

VM Mutex/Monitor currently owned by a thread:  ([mutex/lock_event])
[0x00007ff8982ec830] Metaspace_lock - owner thread: 0x000002e16658e830

Heap address: 0x000000070a400000, size: 3932 MB, Compressed Oops mode: Zero based, Oop shift amount: 3

CDS archive(s) mapped at: [0x000002e100000000-0x000002e100d00000-0x000002e100d00000), size 13631488, SharedBaseAddress: 0x000002e100000000, ArchiveRelocationMode: 1.
Compressed class space mapped at: 0x000002e101000000-0x000002e141000000, reserved size: 1073741824
Narrow klass base: 0x000002e100000000, Narrow klass shift: 0, Narrow klass range: 0x100000000

GC Precious Log:
 CardTable entry size: 512
 Card Set container configuration: InlinePtr #cards 4 size 8 Array Of Cards #cards 16 size 48 Howl #buckets 8 coarsen threshold 3686 Howl Bitmap #cards 512 size 80 coarsen threshold 460 Card regions per heap region 1 cards per card region 4096
 CPUs: 16 total, 16 available
 Memory: 15724M
 Large Page Support: Disabled
 NUMA Support: Disabled
 Compressed Oops: Enabled (Zero based)
 Heap Region Size: 2M
 Heap Min Capacity: 8M
 Heap Initial Capacity: 246M
 Heap Max Capacity: 3932M
 Pre-touch: Disabled
 Parallel Workers: 13
 Concurrent Workers: 3
 Concurrent Refinement Workers: 13
 Periodic GC: Disabled

Heap:
 garbage-first heap   total 251904K, used 4096K [0x000000070a400000, 0x0000000800000000)
  region size 2048K, 3 young (6144K), 0 survivors (0K)
 Metaspace       used 2652K, committed 2816K, reserved 1114112K
  class space    used 277K, committed 384K, reserved 1048576K

Heap Regions: E=young(eden), S=young(survivor), O=old, HS=humongous(starts), HC=humongous(continues), CS=collection set, F=free, TAMS=top-at-mark-start, PB=parsable bottom
|   0|0x000000070a400000, 0x000000070a400000, 0x000000070a600000|  0%| F|  |TAMS 0x000000070a400000| PB 0x000000070a400000| Untracked 
|   1|0x000000070a600000, 0x000000070a600000, 0x000000070a800000|  0%| F|  |TAMS 0x000000070a600000| PB 0x000000070a600000| Untracked 
|   2|0x000000070a800000, 0x000000070a800000, 0x000000070aa00000|  0%| F|  |TAMS 0x000000070a800000| PB 0x000000070a800000| Untracked 
|   3|0x000000070aa00000, 0x000000070aa00000, 0x000000070ac00000|  0%| F|  |TAMS 0x000000070aa00000| PB 0x000000070aa00000| Untracked 
|   4|0x000000070ac00000, 0x000000070ac00000, 0x000000070ae00000|  0%| F|  |TAMS 0x000000070ac00000| PB 0x000000070ac00000| Untracked 
|   5|0x000000070ae00000, 0x000000070ae00000, 0x000000070b000000|  0%| F|  |TAMS 0x000000070ae00000| PB 0x000000070ae00000| Untracked 
|   6|0x000000070b000000, 0x000000070b000000, 0x000000070b200000|  0%| F|  |TAMS 0x000000070b000000| PB 0x000000070b000000| Untracked 
|   7|0x000000070b200000, 0x000000070b200000, 0x000000070b400000|  0%| F|  |TAMS 0x000000070b200000| PB 0x000000070b200000| Untracked 
|   8|0x000000070b400000, 0x000000070b400000, 0x000000070b600000|  0%| F|  |TAMS 0x000000070b400000| PB 0x000000070b400000| Untracked 
|   9|0x000000070b600000, 0x000000070b600000, 0x000000070b800000|  0%| F|  |TAMS 0x000000070b600000| PB 0x000000070b600000| Untracked 
|  10|0x000000070b800000, 0x000000070b800000, 0x000000070ba00000|  0%| F|  |TAMS 0x000000070b800000| PB 0x000000070b800000| Untracked 
|  11|0x000000070ba00000, 0x000000070ba00000, 0x000000070bc00000|  0%| F|  |TAMS 0x000000070ba00000| PB 0x000000070ba00000| Untracked 
|  12|0x000000070bc00000, 0x000000070bc00000, 0x000000070be00000|  0%| F|  |TAMS 0x000000070bc00000| PB 0x000000070bc00000| Untracked 
|  13|0x000000070be00000, 0x000000070be00000, 0x000000070c000000|  0%| F|  |TAMS 0x000000070be00000| PB 0x000000070be00000| Untracked 
|  14|0x000000070c000000, 0x000000070c000000, 0x000000070c200000|  0%| F|  |TAMS 0x000000070c000000| PB 0x000000070c000000| Untracked 
|  15|0x000000070c200000, 0x000000070c200000, 0x000000070c400000|  0%| F|  |TAMS 0x000000070c200000| PB 0x000000070c200000| Untracked 
|  16|0x000000070c400000, 0x000000070c400000, 0x000000070c600000|  0%| F|  |TAMS 0x000000070c400000| PB 0x000000070c400000| Untracked 
|  17|0x000000070c600000, 0x000000070c600000, 0x000000070c800000|  0%| F|  |TAMS 0x000000070c600000| PB 0x000000070c600000| Untracked 
|  18|0x000000070c800000, 0x000000070c800000, 0x000000070ca00000|  0%| F|  |TAMS 0x000000070c800000| PB 0x000000070c800000| Untracked 
|  19|0x000000070ca00000, 0x000000070ca00000, 0x000000070cc00000|  0%| F|  |TAMS 0x000000070ca00000| PB 0x000000070ca00000| Untracked 
|  20|0x000000070cc00000, 0x000000070cc00000, 0x000000070ce00000|  0%| F|  |TAMS 0x000000070cc00000| PB 0x000000070cc00000| Untracked 
|  21|0x000000070ce00000, 0x000000070ce00000, 0x000000070d000000|  0%| F|  |TAMS 0x000000070ce00000| PB 0x000000070ce00000| Untracked 
|  22|0x000000070d000000, 0x000000070d000000, 0x000000070d200000|  0%| F|  |TAMS 0x000000070d000000| PB 0x000000070d000000| Untracked 
|  23|0x000000070d200000, 0x000000070d200000, 0x000000070d400000|  0%| F|  |TAMS 0x000000070d200000| PB 0x000000070d200000| Untracked 
|  24|0x000000070d400000, 0x000000070d400000, 0x000000070d600000|  0%| F|  |TAMS 0x000000070d400000| PB 0x000000070d400000| Untracked 
|  25|0x000000070d600000, 0x000000070d600000, 0x000000070d800000|  0%| F|  |TAMS 0x000000070d600000| PB 0x000000070d600000| Untracked 
|  26|0x000000070d800000, 0x000000070d800000, 0x000000070da00000|  0%| F|  |TAMS 0x000000070d800000| PB 0x000000070d800000| Untracked 
|  27|0x000000070da00000, 0x000000070da00000, 0x000000070dc00000|  0%| F|  |TAMS 0x000000070da00000| PB 0x000000070da00000| Untracked 
|  28|0x000000070dc00000, 0x000000070dc00000, 0x000000070de00000|  0%| F|  |TAMS 0x000000070dc00000| PB 0x000000070dc00000| Untracked 
|  29|0x000000070de00000, 0x000000070de00000, 0x000000070e000000|  0%| F|  |TAMS 0x000000070de00000| PB 0x000000070de00000| Untracked 
|  30|0x000000070e000000, 0x000000070e000000, 0x000000070e200000|  0%| F|  |TAMS 0x000000070e000000| PB 0x000000070e000000| Untracked 
|  31|0x000000070e200000, 0x000000070e200000, 0x000000070e400000|  0%| F|  |TAMS 0x000000070e200000| PB 0x000000070e200000| Untracked 
|  32|0x000000070e400000, 0x000000070e400000, 0x000000070e600000|  0%| F|  |TAMS 0x000000070e400000| PB 0x000000070e400000| Untracked 
|  33|0x000000070e600000, 0x000000070e600000, 0x000000070e800000|  0%| F|  |TAMS 0x000000070e600000| PB 0x000000070e600000| Untracked 
|  34|0x000000070e800000, 0x000000070e800000, 0x000000070ea00000|  0%| F|  |TAMS 0x000000070e800000| PB 0x000000070e800000| Untracked 
|  35|0x000000070ea00000, 0x000000070ea00000, 0x000000070ec00000|  0%| F|  |TAMS 0x000000070ea00000| PB 0x000000070ea00000| Untracked 
|  36|0x000000070ec00000, 0x000000070ec00000, 0x000000070ee00000|  0%| F|  |TAMS 0x000000070ec00000| PB 0x000000070ec00000| Untracked 
|  37|0x000000070ee00000, 0x000000070ee00000, 0x000000070f000000|  0%| F|  |TAMS 0x000000070ee00000| PB 0x000000070ee00000| Untracked 
|  38|0x000000070f000000, 0x000000070f000000, 0x000000070f200000|  0%| F|  |TAMS 0x000000070f000000| PB 0x000000070f000000| Untracked 
|  39|0x000000070f200000, 0x000000070f200000, 0x000000070f400000|  0%| F|  |TAMS 0x000000070f200000| PB 0x000000070f200000| Untracked 
|  40|0x000000070f400000, 0x000000070f400000, 0x000000070f600000|  0%| F|  |TAMS 0x000000070f400000| PB 0x000000070f400000| Untracked 
|  41|0x000000070f600000, 0x000000070f600000, 0x000000070f800000|  0%| F|  |TAMS 0x000000070f600000| PB 0x000000070f600000| Untracked 
|  42|0x000000070f800000, 0x000000070f800000, 0x000000070fa00000|  0%| F|  |TAMS 0x000000070f800000| PB 0x000000070f800000| Untracked 
|  43|0x000000070fa00000, 0x000000070fa00000, 0x000000070fc00000|  0%| F|  |TAMS 0x000000070fa00000| PB 0x000000070fa00000| Untracked 
|  44|0x000000070fc00000, 0x000000070fc00000, 0x000000070fe00000|  0%| F|  |TAMS 0x000000070fc00000| PB 0x000000070fc00000| Untracked 
|  45|0x000000070fe00000, 0x000000070fe00000, 0x0000000710000000|  0%| F|  |TAMS 0x000000070fe00000| PB 0x000000070fe00000| Untracked 
|  46|0x0000000710000000, 0x0000000710000000, 0x0000000710200000|  0%| F|  |TAMS 0x0000000710000000| PB 0x0000000710000000| Untracked 
|  47|0x0000000710200000, 0x0000000710200000, 0x0000000710400000|  0%| F|  |TAMS 0x0000000710200000| PB 0x0000000710200000| Untracked 
|  48|0x0000000710400000, 0x0000000710400000, 0x0000000710600000|  0%| F|  |TAMS 0x0000000710400000| PB 0x0000000710400000| Untracked 
|  49|0x0000000710600000, 0x0000000710600000, 0x0000000710800000|  0%| F|  |TAMS 0x0000000710600000| PB 0x0000000710600000| Untracked 
|  50|0x0000000710800000, 0x0000000710800000, 0x0000000710a00000|  0%| F|  |TAMS 0x0000000710800000| PB 0x0000000710800000| Untracked 
|  51|0x0000000710a00000, 0x0000000710a00000, 0x0000000710c00000|  0%| F|  |TAMS 0x0000000710a00000| PB 0x0000000710a00000| Untracked 
|  52|0x0000000710c00000, 0x0000000710c00000, 0x0000000710e00000|  0%| F|  |TAMS 0x0000000710c00000| PB 0x0000000710c00000| Untracked 
|  53|0x0000000710e00000, 0x0000000710e00000, 0x0000000711000000|  0%| F|  |TAMS 0x0000000710e00000| PB 0x0000000710e00000| Untracked 
|  54|0x0000000711000000, 0x0000000711000000, 0x0000000711200000|  0%| F|  |TAMS 0x0000000711000000| PB 0x0000000711000000| Untracked 
|  55|0x0000000711200000, 0x0000000711200000, 0x0000000711400000|  0%| F|  |TAMS 0x0000000711200000| PB 0x0000000711200000| Untracked 
|  56|0x0000000711400000, 0x0000000711400000, 0x0000000711600000|  0%| F|  |TAMS 0x0000000711400000| PB 0x0000000711400000| Untracked 
|  57|0x0000000711600000, 0x0000000711600000, 0x0000000711800000|  0%| F|  |TAMS 0x0000000711600000| PB 0x0000000711600000| Untracked 
|  58|0x0000000711800000, 0x0000000711800000, 0x0000000711a00000|  0%| F|  |TAMS 0x0000000711800000| PB 0x0000000711800000| Untracked 
|  59|0x0000000711a00000, 0x0000000711a00000, 0x0000000711c00000|  0%| F|  |TAMS 0x0000000711a00000| PB 0x0000000711a00000| Untracked 
|  60|0x0000000711c00000, 0x0000000711c00000, 0x0000000711e00000|  0%| F|  |TAMS 0x0000000711c00000| PB 0x0000000711c00000| Untracked 
|  61|0x0000000711e00000, 0x0000000711e00000, 0x0000000712000000|  0%| F|  |TAMS 0x0000000711e00000| PB 0x0000000711e00000| Untracked 
|  62|0x0000000712000000, 0x0000000712000000, 0x0000000712200000|  0%| F|  |TAMS 0x0000000712000000| PB 0x0000000712000000| Untracked 
|  63|0x0000000712200000, 0x0000000712200000, 0x0000000712400000|  0%| F|  |TAMS 0x0000000712200000| PB 0x0000000712200000| Untracked 
|  64|0x0000000712400000, 0x0000000712400000, 0x0000000712600000|  0%| F|  |TAMS 0x0000000712400000| PB 0x0000000712400000| Untracked 
|  65|0x0000000712600000, 0x0000000712600000, 0x0000000712800000|  0%| F|  |TAMS 0x0000000712600000| PB 0x0000000712600000| Untracked 
|  66|0x0000000712800000, 0x0000000712800000, 0x0000000712a00000|  0%| F|  |TAMS 0x0000000712800000| PB 0x0000000712800000| Untracked 
|  67|0x0000000712a00000, 0x0000000712a00000, 0x0000000712c00000|  0%| F|  |TAMS 0x0000000712a00000| PB 0x0000000712a00000| Untracked 
|  68|0x0000000712c00000, 0x0000000712c00000, 0x0000000712e00000|  0%| F|  |TAMS 0x0000000712c00000| PB 0x0000000712c00000| Untracked 
|  69|0x0000000712e00000, 0x0000000712e00000, 0x0000000713000000|  0%| F|  |TAMS 0x0000000712e00000| PB 0x0000000712e00000| Untracked 
|  70|0x0000000713000000, 0x0000000713000000, 0x0000000713200000|  0%| F|  |TAMS 0x0000000713000000| PB 0x0000000713000000| Untracked 
|  71|0x0000000713200000, 0x0000000713200000, 0x0000000713400000|  0%| F|  |TAMS 0x0000000713200000| PB 0x0000000713200000| Untracked 
|  72|0x0000000713400000, 0x0000000713400000, 0x0000000713600000|  0%| F|  |TAMS 0x0000000713400000| PB 0x0000000713400000| Untracked 
|  73|0x0000000713600000, 0x0000000713600000, 0x0000000713800000|  0%| F|  |TAMS 0x0000000713600000| PB 0x0000000713600000| Untracked 
|  74|0x0000000713800000, 0x0000000713800000, 0x0000000713a00000|  0%| F|  |TAMS 0x0000000713800000| PB 0x0000000713800000| Untracked 
|  75|0x0000000713a00000, 0x0000000713a00000, 0x0000000713c00000|  0%| F|  |TAMS 0x0000000713a00000| PB 0x0000000713a00000| Untracked 
|  76|0x0000000713c00000, 0x0000000713c00000, 0x0000000713e00000|  0%| F|  |TAMS 0x0000000713c00000| PB 0x0000000713c00000| Untracked 
|  77|0x0000000713e00000, 0x0000000713e00000, 0x0000000714000000|  0%| F|  |TAMS 0x0000000713e00000| PB 0x0000000713e00000| Untracked 
|  78|0x0000000714000000, 0x0000000714000000, 0x0000000714200000|  0%| F|  |TAMS 0x0000000714000000| PB 0x0000000714000000| Untracked 
|  79|0x0000000714200000, 0x0000000714200000, 0x0000000714400000|  0%| F|  |TAMS 0x0000000714200000| PB 0x0000000714200000| Untracked 
|  80|0x0000000714400000, 0x0000000714400000, 0x0000000714600000|  0%| F|  |TAMS 0x0000000714400000| PB 0x0000000714400000| Untracked 
|  81|0x0000000714600000, 0x0000000714600000, 0x0000000714800000|  0%| F|  |TAMS 0x0000000714600000| PB 0x0000000714600000| Untracked 
|  82|0x0000000714800000, 0x0000000714800000, 0x0000000714a00000|  0%| F|  |TAMS 0x0000000714800000| PB 0x0000000714800000| Untracked 
|  83|0x0000000714a00000, 0x0000000714a00000, 0x0000000714c00000|  0%| F|  |TAMS 0x0000000714a00000| PB 0x0000000714a00000| Untracked 
|  84|0x0000000714c00000, 0x0000000714c00000, 0x0000000714e00000|  0%| F|  |TAMS 0x0000000714c00000| PB 0x0000000714c00000| Untracked 
|  85|0x0000000714e00000, 0x0000000714e00000, 0x0000000715000000|  0%| F|  |TAMS 0x0000000714e00000| PB 0x0000000714e00000| Untracked 
|  86|0x0000000715000000, 0x0000000715000000, 0x0000000715200000|  0%| F|  |TAMS 0x0000000715000000| PB 0x0000000715000000| Untracked 
|  87|0x0000000715200000, 0x0000000715200000, 0x0000000715400000|  0%| F|  |TAMS 0x0000000715200000| PB 0x0000000715200000| Untracked 
|  88|0x0000000715400000, 0x0000000715400000, 0x0000000715600000|  0%| F|  |TAMS 0x0000000715400000| PB 0x0000000715400000| Untracked 
|  89|0x0000000715600000, 0x0000000715600000, 0x0000000715800000|  0%| F|  |TAMS 0x0000000715600000| PB 0x0000000715600000| Untracked 
|  90|0x0000000715800000, 0x0000000715800000, 0x0000000715a00000|  0%| F|  |TAMS 0x0000000715800000| PB 0x0000000715800000| Untracked 
|  91|0x0000000715a00000, 0x0000000715a00000, 0x0000000715c00000|  0%| F|  |TAMS 0x0000000715a00000| PB 0x0000000715a00000| Untracked 
|  92|0x0000000715c00000, 0x0000000715c00000, 0x0000000715e00000|  0%| F|  |TAMS 0x0000000715c00000| PB 0x0000000715c00000| Untracked 
|  93|0x0000000715e00000, 0x0000000715e00000, 0x0000000716000000|  0%| F|  |TAMS 0x0000000715e00000| PB 0x0000000715e00000| Untracked 
|  94|0x0000000716000000, 0x0000000716000000, 0x0000000716200000|  0%| F|  |TAMS 0x0000000716000000| PB 0x0000000716000000| Untracked 
|  95|0x0000000716200000, 0x0000000716200000, 0x0000000716400000|  0%| F|  |TAMS 0x0000000716200000| PB 0x0000000716200000| Untracked 
|  96|0x0000000716400000, 0x0000000716400000, 0x0000000716600000|  0%| F|  |TAMS 0x0000000716400000| PB 0x0000000716400000| Untracked 
|  97|0x0000000716600000, 0x0000000716600000, 0x0000000716800000|  0%| F|  |TAMS 0x0000000716600000| PB 0x0000000716600000| Untracked 
|  98|0x0000000716800000, 0x0000000716800000, 0x0000000716a00000|  0%| F|  |TAMS 0x0000000716800000| PB 0x0000000716800000| Untracked 
|  99|0x0000000716a00000, 0x0000000716a00000, 0x0000000716c00000|  0%| F|  |TAMS 0x0000000716a00000| PB 0x0000000716a00000| Untracked 
| 100|0x0000000716c00000, 0x0000000716c00000, 0x0000000716e00000|  0%| F|  |TAMS 0x0000000716c00000| PB 0x0000000716c00000| Untracked 
| 101|0x0000000716e00000, 0x0000000716e00000, 0x0000000717000000|  0%| F|  |TAMS 0x0000000716e00000| PB 0x0000000716e00000| Untracked 
| 102|0x0000000717000000, 0x0000000717000000, 0x0000000717200000|  0%| F|  |TAMS 0x0000000717000000| PB 0x0000000717000000| Untracked 
| 103|0x0000000717200000, 0x0000000717200000, 0x0000000717400000|  0%| F|  |TAMS 0x0000000717200000| PB 0x0000000717200000| Untracked 
| 104|0x0000000717400000, 0x0000000717400000, 0x0000000717600000|  0%| F|  |TAMS 0x0000000717400000| PB 0x0000000717400000| Untracked 
| 105|0x0000000717600000, 0x0000000717600000, 0x0000000717800000|  0%| F|  |TAMS 0x0000000717600000| PB 0x0000000717600000| Untracked 
| 106|0x0000000717800000, 0x0000000717800000, 0x0000000717a00000|  0%| F|  |TAMS 0x0000000717800000| PB 0x0000000717800000| Untracked 
| 107|0x0000000717a00000, 0x0000000717a00000, 0x0000000717c00000|  0%| F|  |TAMS 0x0000000717a00000| PB 0x0000000717a00000| Untracked 
| 108|0x0000000717c00000, 0x0000000717c00000, 0x0000000717e00000|  0%| F|  |TAMS 0x0000000717c00000| PB 0x0000000717c00000| Untracked 
| 109|0x0000000717e00000, 0x0000000717e00000, 0x0000000718000000|  0%| F|  |TAMS 0x0000000717e00000| PB 0x0000000717e00000| Untracked 
| 110|0x0000000718000000, 0x0000000718000000, 0x0000000718200000|  0%| F|  |TAMS 0x0000000718000000| PB 0x0000000718000000| Untracked 
| 111|0x0000000718200000, 0x0000000718200000, 0x0000000718400000|  0%| F|  |TAMS 0x0000000718200000| PB 0x0000000718200000| Untracked 
| 112|0x0000000718400000, 0x0000000718400000, 0x0000000718600000|  0%| F|  |TAMS 0x0000000718400000| PB 0x0000000718400000| Untracked 
| 113|0x0000000718600000, 0x0000000718600000, 0x0000000718800000|  0%| F|  |TAMS 0x0000000718600000| PB 0x0000000718600000| Untracked 
| 114|0x0000000718800000, 0x0000000718800000, 0x0000000718a00000|  0%| F|  |TAMS 0x0000000718800000| PB 0x0000000718800000| Untracked 
| 115|0x0000000718a00000, 0x0000000718a00000, 0x0000000718c00000|  0%| F|  |TAMS 0x0000000718a00000| PB 0x0000000718a00000| Untracked 
| 116|0x0000000718c00000, 0x0000000718c00000, 0x0000000718e00000|  0%| F|  |TAMS 0x0000000718c00000| PB 0x0000000718c00000| Untracked 
| 117|0x0000000718e00000, 0x0000000718e00000, 0x0000000719000000|  0%| F|  |TAMS 0x0000000718e00000| PB 0x0000000718e00000| Untracked 
| 118|0x0000000719000000, 0x0000000719000000, 0x0000000719200000|  0%| F|  |TAMS 0x0000000719000000| PB 0x0000000719000000| Untracked 
| 119|0x0000000719200000, 0x0000000719200000, 0x0000000719400000|  0%| F|  |TAMS 0x0000000719200000| PB 0x0000000719200000| Untracked 
| 120|0x0000000719400000, 0x00000007195552c0, 0x0000000719600000| 66%| E|  |TAMS 0x0000000719400000| PB 0x0000000719400000| Complete 
| 121|0x0000000719600000, 0x0000000719800000, 0x0000000719800000|100%| E|CS|TAMS 0x0000000719600000| PB 0x0000000719600000| Complete 
| 122|0x0000000719800000, 0x0000000719a00000, 0x0000000719a00000|100%| E|CS|TAMS 0x0000000719800000| PB 0x0000000719800000| Complete 

Card table byte_map: [0x000002e15efc0000,0x000002e15f770000] _byte_map_base: 0x000002e15b76e000

Marking Bits: (CMBitMap*) 0x000002e1491320e0
 Bits: [0x000002e15f770000, 0x000002e1634e0000)

Polling page: 0x000002e149190000

Metaspace:

Usage:
  Non-class:      2.32 MB used.
      Class:    277.49 KB used.
       Both:      2.59 MB used.

Virtual space:
  Non-class space:       64.00 MB reserved,       2.38 MB (  4%) committed,  1 nodes.
      Class space:        1.00 GB reserved,     384.00 KB ( <1%) committed,  1 nodes.
             Both:        1.06 GB reserved,       2.75 MB ( <1%) committed. 

Chunk freelists:
   Non-Class:  11.91 MB
       Class:  15.61 MB
        Both:  27.52 MB

MaxMetaspaceSize: unlimited
CompressedClassSpaceSize: 1.00 GB
Initial GC threshold: 21.00 MB
Current GC threshold: 21.00 MB
CDS: on
 - commit_granule_bytes: 65536.
 - commit_granule_words: 8192.
 - virtual_space_node_default_size: 8388608.
 - enlarge_chunks_in_place: 1.
 - use_allocation_guard: 0.


Internal statistics:

num_allocs_failed_limit: 0.
num_arena_births: 18.
num_arena_deaths: 0.
num_vsnodes_births: 2.
num_vsnodes_deaths: 0.
num_space_committed: 44.
num_space_uncommitted: 0.
num_chunks_returned_to_freelist: 0.
num_chunks_taken_from_freelist: 27.
num_chunk_merges: 0.
num_chunk_splits: 18.
num_chunks_enlarged: 14.
num_inconsistent_stats: 0.

CodeHeap 'non-profiled nmethods': size=119168Kb used=110Kb max_used=110Kb free=119057Kb
 bounds [0x000002e1563d0000, 0x000002e156640000, 0x000002e15d830000]
CodeHeap 'profiled nmethods': size=119104Kb used=629Kb max_used=629Kb free=118474Kb
 bounds [0x000002e14e830000, 0x000002e14eaa0000, 0x000002e155c80000]
CodeHeap 'non-nmethods': size=7488Kb used=1913Kb max_used=1927Kb free=5574Kb
 bounds [0x000002e155c80000, 0x000002e155ef0000, 0x000002e1563d0000]
 total_blobs=892 nmethods=435 adapters=361
 compilation: enabled
              stopped_count=0, restarted_count=0
 full_count=0

Compilation events (20 events):
Event: 0.166 Thread 0x000002e166575630  421       3       jdk.internal.org.objectweb.asm.ByteVector::putByte (39 bytes)
Event: 0.166 Thread 0x000002e166575630 nmethod 421 0x000002e14e8c8b90 code [0x000002e14e8c8d40, 0x000002e14e8c8f28]
Event: 0.171 Thread 0x000002e16658e830  425       3       java.lang.Integer::rotateLeft (9 bytes)
Event: 0.171 Thread 0x000002e16658e830 nmethod 425 0x000002e14e8c9090 code [0x000002e14e8c9220, 0x000002e14e8c9320]
Event: 0.171 Thread 0x000002e166572450  426       4       java.lang.Integer::rotateLeft (9 bytes)
Event: 0.171 Thread 0x000002e16658e830  427       3       java.lang.StringCoding::countPositives (33 bytes)
Event: 0.171 Thread 0x000002e166575630  428       3       jdk.internal.misc.Unsafe::getIntUnaligned (83 bytes)
Event: 0.171 Thread 0x000002e166572450 nmethod 426 0x000002e1563eb790 code [0x000002e1563eb900, 0x000002e1563eb970]
Event: 0.171 Thread 0x000002e16658e830 nmethod 427 0x000002e14e8c9390 code [0x000002e14e8c9540, 0x000002e14e8c9760]
Event: 0.171 Thread 0x000002e16658e830  429       3       jdk.internal.misc.Unsafe::getIntUnaligned (12 bytes)
Event: 0.171 Thread 0x000002e16658e830 nmethod 429 0x000002e14e8c9890 code [0x000002e14e8c9a40, 0x000002e14e8c9c98]
Event: 0.171 Thread 0x000002e16658e830  430       3       jdk.internal.misc.Unsafe::convEndian (16 bytes)
Event: 0.171 Thread 0x000002e166575630 nmethod 428 0x000002e14e8c9d90 code [0x000002e14e8c9f80, 0x000002e14e8ca408]
Event: 0.171 Thread 0x000002e166575630  435       3       java.lang.invoke.VarHandleByteArrayAsInts$ArrayHandle::get (36 bytes)
Event: 0.171 Thread 0x000002e16658e830 nmethod 430 0x000002e14e8ca590 code [0x000002e14e8ca740, 0x000002e14e8ca900]
Event: 0.171 Thread 0x000002e16658e830  436       3       java.lang.invoke.VarHandleByteArrayAsInts$ArrayHandle::index (12 bytes)
Event: 0.171 Thread 0x000002e16658e830 nmethod 436 0x000002e14e8ca990 code [0x000002e14e8cab40, 0x000002e14e8cac88]
Event: 0.171 Thread 0x000002e16658e830  431       3       java.lang.invoke.VarHandleGuards::guard_LI_I (78 bytes)
Event: 0.171 Thread 0x000002e166575630 nmethod 435 0x000002e14e8cad90 code [0x000002e14e8caf60, 0x000002e14e8cb388]
Event: 0.171 Thread 0x000002e166575630  432       3       java.lang.invoke.VarHandle::checkAccessModeThenIsDirect (29 bytes)

GC Heap History (0 events):
No events

Dll operation events (2 events):
Event: 0.009 Loaded shared library D:\BaiduNetdiskDownload\IntelliJ IDEA 2024.3\jbr\bin\java.dll
Event: 0.032 Loaded shared library D:\BaiduNetdiskDownload\IntelliJ IDEA 2024.3\jbr\bin\zip.dll

Deoptimization events (4 events):
Event: 0.131 Thread 0x000002e1490cf940 Uncommon trap: trap_request=0xffffff45 fr.pc=0x000002e1563e3714 relative=0x0000000000000074
Event: 0.131 Thread 0x000002e1490cf940 Uncommon trap: reason=unstable_if action=reinterpret pc=0x000002e1563e3714 method=java.lang.CharacterDataLatin1.toLowerCase(I)I @ 16 c2
Event: 0.131 Thread 0x000002e1490cf940 DEOPT PACKING pc=0x000002e1563e3714 sp=0x000000f3ae2fb0f0
Event: 0.131 Thread 0x000002e1490cf940 DEOPT UNPACKING pc=0x000002e155cd46a2 sp=0x000000f3ae2fb080 mode 2

Classes loaded (20 events):
Event: 0.165 Loading class sun/security/provider/AbstractDrbg
Event: 0.165 Loading class sun/security/provider/AbstractDrbg done
Event: 0.165 Loading class sun/security/provider/AbstractHashDrbg done
Event: 0.165 Loading class sun/security/provider/HashDrbg done
Event: 0.165 Loading class sun/security/provider/EntropySource
Event: 0.165 Loading class sun/security/provider/EntropySource done
Event: 0.166 Loading class java/security/DrbgParameters$NextBytes
Event: 0.166 Loading class java/security/DrbgParameters$NextBytes done
Event: 0.166 Loading class sun/security/provider/AbstractDrbg$SeederHolder
Event: 0.166 Loading class sun/security/provider/AbstractDrbg$SeederHolder done
Event: 0.166 Loading class sun/security/provider/SeedGenerator
Event: 0.166 Loading class sun/security/provider/SeedGenerator done
Event: 0.166 Loading class sun/security/provider/NativeSeedGenerator
Event: 0.166 Loading class sun/security/provider/NativeSeedGenerator done
Event: 0.170 Loading class sun/security/provider/SeedGenerator$1
Event: 0.170 Loading class sun/security/provider/SeedGenerator$1 done
Event: 0.170 Loading class sun/security/provider/ByteArrayAccess
Event: 0.170 Loading class sun/security/provider/ByteArrayAccess done
Event: 0.170 Loading class sun/security/provider/ByteArrayAccess$BE
Event: 0.170 Loading class sun/security/provider/ByteArrayAccess$BE done

Classes unloaded (0 events):
No events

Classes redefined (0 events):
No events

Internal exceptions (2 events):
Event: 0.130 Thread 0x000002e1490cf940 Exception <a 'sun/nio/fs/WindowsException'{0x000000071946fbf8}> (0x000000071946fbf8) 
thrown [s\src\hotspot\share\prims\jni.cpp, line 535]
Event: 0.166 Thread 0x000002e1490cf940 Exception <a 'java/lang/NoSuchMethodError'{0x000000071954c910}: 'java.lang.Object java.lang.invoke.DirectMethodHandle$Holder.invokeStaticInit(java.lang.Object, int, int, int, int)'> (0x000000071954c910) 
thrown [s\src\hotspot\share\interpreter\linkResolver.cpp, line 784]

ZGC Phase Switch (0 events):
No events

VM Operations (4 events):
Event: 0.065 Executing VM operation: HandshakeAllThreads (Deoptimize)
Event: 0.065 Executing VM operation: HandshakeAllThreads (Deoptimize) done
Event: 0.070 Executing VM operation: HandshakeAllThreads (Deoptimize)
Event: 0.070 Executing VM operation: HandshakeAllThreads (Deoptimize) done

Memory protections (0 events):
No events

Nmethod flushes (0 events):
No events

Events (16 events):
Event: 0.022 Thread 0x000002e1490cf940 Thread added: 0x000002e1490cf940
Event: 0.041 Thread 0x000002e1490cf940 Thread added: 0x000002e166558d20
Event: 0.041 Thread 0x000002e1490cf940 Thread added: 0x000002e166559a30
Event: 0.041 Thread 0x000002e1490cf940 Thread added: 0x000002e16655bf10
Event: 0.041 Thread 0x000002e1490cf940 Thread added: 0x000002e16655c960
Event: 0.042 Thread 0x000002e1490cf940 Thread added: 0x000002e16655d3b0
Event: 0.042 Thread 0x000002e1490cf940 Thread added: 0x000002e166567f50
Event: 0.042 Thread 0x000002e1490cf940 Thread added: 0x000002e166572450
Event: 0.042 Thread 0x000002e1490cf940 Thread added: 0x000002e166575630
Event: 0.050 Thread 0x000002e166575630 Thread added: 0x000002e16658e830
Event: 0.053 Thread 0x000002e1490cf940 Thread added: 0x000002e1668682a0
Event: 0.055 Thread 0x000002e1490cf940 Thread added: 0x000002e16686aee0
Event: 0.058 Loaded shared library D:\BaiduNetdiskDownload\IntelliJ IDEA 2024.3\jbr\bin\net.dll
Event: 0.060 Loaded shared library D:\BaiduNetdiskDownload\IntelliJ IDEA 2024.3\jbr\bin\nio.dll
Event: 0.062 Loaded shared library D:\BaiduNetdiskDownload\IntelliJ IDEA 2024.3\jbr\bin\zip.dll
Event: 0.100 Loaded shared library D:\BaiduNetdiskDownload\IntelliJ IDEA 2024.3\jbr\bin\jimage.dll


Dynamic libraries:
0x00007ff7258f0000 - 0x00007ff7258fa000 	D:\BaiduNetdiskDownload\IntelliJ IDEA 2024.3\jbr\bin\java.exe
0x00007ff8f7070000 - 0x00007ff8f7287000 	C:\WINDOWS\SYSTEM32\ntdll.dll
0x00007ff8f5bc0000 - 0x00007ff8f5c84000 	C:\WINDOWS\System32\KERNEL32.DLL
0x00007ff8f49b0000 - 0x00007ff8f4d6a000 	C:\WINDOWS\System32\KERNELBASE.dll
0x00007ff8f45d0000 - 0x00007ff8f46e1000 	C:\WINDOWS\System32\ucrtbase.dll
0x00007ff8ee7f0000 - 0x00007ff8ee80b000 	D:\BaiduNetdiskDownload\IntelliJ IDEA 2024.3\jbr\bin\VCRUNTIME140.dll
0x00007ff8cf560000 - 0x00007ff8cf578000 	D:\BaiduNetdiskDownload\IntelliJ IDEA 2024.3\jbr\bin\jli.dll
0x00007ff8f5c90000 - 0x00007ff8f5e3e000 	C:\WINDOWS\System32\USER32.dll
0x00007ff8f4830000 - 0x00007ff8f4856000 	C:\WINDOWS\System32\win32u.dll
0x00007ff8f6170000 - 0x00007ff8f6199000 	C:\WINDOWS\System32\GDI32.dll
0x00007ff8e0f30000 - 0x00007ff8e11c2000 	C:\WINDOWS\WinSxS\amd64_microsoft.windows.common-controls_6595b64144ccf1df_6.0.22621.4541_none_2710d1c57384c085\COMCTL32.dll
0x00007ff8f4340000 - 0x00007ff8f445b000 	C:\WINDOWS\System32\gdi32full.dll
0x00007ff8f61b0000 - 0x00007ff8f6257000 	C:\WINDOWS\System32\msvcrt.dll
0x00007ff8f48e0000 - 0x00007ff8f497a000 	C:\WINDOWS\System32\msvcp_win.dll
0x00007ff8f6080000 - 0x00007ff8f60b1000 	C:\WINDOWS\System32\IMM32.DLL
0x00007ff8ee220000 - 0x00007ff8ee22c000 	D:\BaiduNetdiskDownload\IntelliJ IDEA 2024.3\jbr\bin\vcruntime140_1.dll
0x00007ff8ad9c0000 - 0x00007ff8ada4d000 	D:\BaiduNetdiskDownload\IntelliJ IDEA 2024.3\jbr\bin\msvcp140.dll
0x00007ff897620000 - 0x00007ff8983e1000 	D:\BaiduNetdiskDownload\IntelliJ IDEA 2024.3\jbr\bin\server\jvm.dll
0x00007ff8f4e50000 - 0x00007ff8f4f02000 	C:\WINDOWS\System32\ADVAPI32.dll
0x00007ff8f6b90000 - 0x00007ff8f6c37000 	C:\WINDOWS\System32\sechost.dll
0x00007ff8f4980000 - 0x00007ff8f49a8000 	C:\WINDOWS\System32\bcrypt.dll
0x00007ff8f55f0000 - 0x00007ff8f5704000 	C:\WINDOWS\System32\RPCRT4.dll
0x00007ff8f6b10000 - 0x00007ff8f6b81000 	C:\WINDOWS\System32\WS2_32.dll
0x00007ff8f4210000 - 0x00007ff8f425d000 	C:\WINDOWS\SYSTEM32\POWRPROF.dll
0x00007ff8f1440000 - 0x00007ff8f1474000 	C:\WINDOWS\SYSTEM32\WINMM.dll
0x00007ff8eb770000 - 0x00007ff8eb77a000 	C:\WINDOWS\SYSTEM32\VERSION.dll
0x00007ff8f41f0000 - 0x00007ff8f4203000 	C:\WINDOWS\SYSTEM32\UMPDC.dll
0x00007ff8f3300000 - 0x00007ff8f3318000 	C:\WINDOWS\SYSTEM32\kernel.appcore.dll
0x00007ff8ee1d0000 - 0x00007ff8ee1da000 	D:\BaiduNetdiskDownload\IntelliJ IDEA 2024.3\jbr\bin\jimage.dll
0x00007ff8f1e30000 - 0x00007ff8f2062000 	C:\WINDOWS\SYSTEM32\DBGHELP.DLL
0x00007ff8f6ca0000 - 0x00007ff8f702f000 	C:\WINDOWS\System32\combase.dll
0x00007ff8f4d70000 - 0x00007ff8f4e47000 	C:\WINDOWS\System32\OLEAUT32.dll
0x00007ff8e9190000 - 0x00007ff8e91c2000 	C:\WINDOWS\SYSTEM32\dbgcore.DLL
0x00007ff8f4860000 - 0x00007ff8f48db000 	C:\WINDOWS\System32\bcryptPrimitives.dll
0x00007ff8ed8e0000 - 0x00007ff8ed900000 	D:\BaiduNetdiskDownload\IntelliJ IDEA 2024.3\jbr\bin\java.dll
0x00007ff8f6280000 - 0x00007ff8f6af8000 	C:\WINDOWS\System32\SHELL32.dll
0x00007ff8f21f0000 - 0x00007ff8f2af8000 	C:\WINDOWS\SYSTEM32\windows.storage.dll
0x00007ff8f20b0000 - 0x00007ff8f21ef000 	C:\WINDOWS\SYSTEM32\wintypes.dll
0x00007ff8f5ef0000 - 0x00007ff8f5fea000 	C:\WINDOWS\System32\SHCORE.dll
0x00007ff8f5e40000 - 0x00007ff8f5e9e000 	C:\WINDOWS\System32\shlwapi.dll
0x00007ff8f4270000 - 0x00007ff8f429b000 	C:\WINDOWS\SYSTEM32\profapi.dll
0x00007ff8ed360000 - 0x00007ff8ed378000 	D:\BaiduNetdiskDownload\IntelliJ IDEA 2024.3\jbr\bin\zip.dll
0x00007ff8ecfb0000 - 0x00007ff8ecfc0000 	D:\BaiduNetdiskDownload\IntelliJ IDEA 2024.3\jbr\bin\net.dll
0x00007ff8eece0000 - 0x00007ff8eee16000 	C:\WINDOWS\SYSTEM32\WINHTTP.dll
0x00007ff8f3770000 - 0x00007ff8f37d9000 	C:\WINDOWS\system32\mswsock.dll
0x00007ff8ecf20000 - 0x00007ff8ecf36000 	D:\BaiduNetdiskDownload\IntelliJ IDEA 2024.3\jbr\bin\nio.dll
0x00007ff8f3a10000 - 0x00007ff8f3a2b000 	C:\WINDOWS\SYSTEM32\CRYPTSP.dll
0x00007ff8f3260000 - 0x00007ff8f3295000 	C:\WINDOWS\system32\rsaenh.dll
0x00007ff8f3810000 - 0x00007ff8f3838000 	C:\WINDOWS\SYSTEM32\USERENV.dll
0x00007ff8f3970000 - 0x00007ff8f397c000 	C:\WINDOWS\SYSTEM32\CRYPTBASE.dll

dbghelp: loaded successfully - version: 4.0.5 - missing functions: none
symbol engine: initialized successfully - sym options: 0x614 - pdb path: .;D:\BaiduNetdiskDownload\IntelliJ IDEA 2024.3\jbr\bin;C:\WINDOWS\SYSTEM32;C:\WINDOWS\WinSxS\amd64_microsoft.windows.common-controls_6595b64144ccf1df_6.0.22621.4541_none_2710d1c57384c085;D:\BaiduNetdiskDownload\IntelliJ IDEA 2024.3\jbr\bin\server

VM Arguments:
java_command: git4idea.http.GitAskPassApp Username for 'https://github.com': 
java_class_path (initial): D:/BaiduNetdiskDownload/IntelliJ IDEA 2024.3/plugins/vcs-git/lib/git4idea-rt.jar;D:/BaiduNetdiskDownload/IntelliJ IDEA 2024.3/lib/externalProcess-rt.jar
Launcher Type: SUN_STANDARD

[Global flags]
     intx CICompilerCount                          = 12                                        {product} {ergonomic}
     uint ConcGCThreads                            = 3                                         {product} {ergonomic}
     uint G1ConcRefinementThreads                  = 13                                        {product} {ergonomic}
   size_t G1HeapRegionSize                         = 2097152                                   {product} {ergonomic}
    uintx GCDrainStackTargetSize                   = 64                                        {product} {ergonomic}
   size_t InitialHeapSize                          = 257949696                                 {product} {ergonomic}
   size_t MarkStackSize                            = 4194304                                   {product} {ergonomic}
   size_t MaxHeapSize                              = 4123000832                                {product} {ergonomic}
   size_t MaxNewSize                               = 2472542208                                {product} {ergonomic}
   size_t MinHeapDeltaBytes                        = 2097152                                   {product} {ergonomic}
   size_t MinHeapSize                              = 8388608                                   {product} {ergonomic}
    uintx NonNMethodCodeHeapSize                   = 7602480                                {pd product} {ergonomic}
    uintx NonProfiledCodeHeapSize                  = 122027880                              {pd product} {ergonomic}
    uintx ProfiledCodeHeapSize                     = 122027880                              {pd product} {ergonomic}
    uintx ReservedCodeCacheSize                    = 251658240                              {pd product} {ergonomic}
     bool SegmentedCodeCache                       = true                                      {product} {ergonomic}
   size_t SoftMaxHeapSize                          = 4123000832                             {manageable} {ergonomic}
     bool UseCompressedOops                        = true                           {product lp64_product} {ergonomic}
     bool UseG1GC                                  = true                                      {product} {ergonomic}
     bool UseLargePagesIndividualAllocation        = false                                  {pd product} {ergonomic}

Logging:
Log output configuration:
 #0: stdout all=warning uptime,level,tags foldmultilines=false
 #1: stderr all=off uptime,level,tags foldmultilines=false

Environment Variables:
JAVA_HOME=C:\Program Files\Java\jdk-17
PATH=D:/Git/mingw64/libexec/git-core;D:/Git/mingw64/libexec/git-core;D:\Git\mingw64\bin;D:\Git\usr\bin;C:\Users\wjy\bin;C:\Program Files\Common Files\Oracle\Java\javapath;D:\BaiduNetdiskDownload\nodejs;D:\BaiduNetdiskDownload\jdk1.8\bin;D:\bin\;C:\Windows\system32;C:\Windows;C:\Windows\System32\Wbem;C:\Windows\System32\WindowsPowerShell\v1.0\;C:\Windows\System32\OpenSSH\;C:\Program Files (x86)\NVIDIA Corporation\PhysX\Common;C:\WINDOWS\system32;C:\WINDOWS;C:\WINDOWS\System32\Wbem;C:\WINDOWS\System32\WindowsPowerShell\v1.0\;C:\WINDOWS\System32\OpenSSH\;C:\Program Files\dotnet\;D:\Git\cmd;D:\BaiduNetdiskDownload\apache-maven-3.8.1\bin;C:\Program Files (x86)\Windows Kits\10\Windows Performance Toolkit\;D:\360downloads\SQL 2019\150\Tools\Binn\;D:\360downloads\SQL SERVER 2019\150\Tools\Binn\;D:\360downloads\SQL SERVER 2019\150\DTS\Binn\;D:\360downloads\SQL SERVER 2019\Client SDK\ODBC\170\Tools\Binn\;D:\360downloads\SQL 2019\150\DTS\Binn\;D:\360downloads\SQL 2019\160\DTS\Binn\;D:\360downloads\SQL SERVER 2019\130\DTS\Binn\;D:\360downloads\SQL SERVER 2019\140\DTS\Binn\;D:\360downloads\SQL SERVER 2019\160\DTS\Binn\;C:\MinGW\bin;C:\Program Files\nodejs\;C:\Program Files\Java\jdk-17\bin;C:\Program Files\Java\jdk-17\jre\bin;D:\Anaconda;D:\Anaconda\Library\mingw-w64\bin;D:\Anaconda\Library\usr\bin;D:\Anaconda\Library\bin;D:\Anaconda\Scripts;C:\Users\wjy\AppData\Local\Programs\Python\Python311\Scripts\;C:\Users\wjy\AppData\Local\Programs\Python\Python311\;C:\Users\wjy\AppData\Local\Microsoft\WindowsApps;C:\Users\wjy\.dotnet\tools;D:\Microsoft VS Code\bin;D:\SQL\Program Files\MySQL\MySQL Server 8.4\bin;C:\Users\wjy\AppData\Roaming\npm
USERNAME=wjy
DISPLAY=:0.0
LC_ALL=en_US.UTF-8
TERM=xterm-256color
TMPDIR=C:\Users\wjy\AppData\Local\Temp
OS=Windows_NT
PROCESSOR_IDENTIFIER=AMD64 Family 25 Model 80 Stepping 0, AuthenticAMD
TMP=C:\Users\wjy\AppData\Local\Temp
TEMP=C:\Users\wjy\AppData\Local\Temp




Periodic native trim disabled

JNI global refs:
JNI global refs: 17, weak refs: 0

JNI global refs memory usage: 835, weak refs: 201

Process memory usage:
Resident Set Size: 48688K (0% of 16101436K total physical memory with 2737376K free physical memory)

OOME stack traces (most recent first):
Classloader memory used:
Loader bootstrap                                                                       : 2577K
Loader jdk.internal.loader.ClassLoaders$PlatformClassLoader                            : 59496B
Loader jdk.internal.loader.ClassLoaders$AppClassLoader                                 : 16400B

---------------  S Y S T E M  ---------------

OS:
 Windows 11 , 64 bit Build 22621 (10.0.22621.4391)
OS uptime: 0 days 2:00 hours
Hyper-V role detected

CPU: total 16 (initial active 16) (16 cores per cpu, 2 threads per core) family 25 model 80 stepping 0 microcode 0x0, cx8, cmov, fxsr, ht, mmx, 3dnowpref, sse, sse2, sse3, ssse3, sse4a, sse4.1, sse4.2, popcnt, lzcnt, tsc, tscinvbit, avx, avx2, aes, erms, clmul, bmi1, bmi2, adx, sha, fma, vzeroupper, clflush, clflushopt, hv, rdtscp, rdpid, fsrm, f16c, cet_ss
Processor Information for processor 0
  Max Mhz: 3201, Current Mhz: 3201, Mhz Limit: 3201
Processor Information for processor 1
  Max Mhz: 3201, Current Mhz: 2555, Mhz Limit: 3201
Processor Information for processor 2
  Max Mhz: 3201, Current Mhz: 3201, Mhz Limit: 3201
Processor Information for processor 3
  Max Mhz: 3201, Current Mhz: 2555, Mhz Limit: 3201
Processor Information for processor 4
  Max Mhz: 3201, Current Mhz: 3201, Mhz Limit: 3201
Processor Information for processor 5
  Max Mhz: 3201, Current Mhz: 3201, Mhz Limit: 3201
Processor Information for processor 6
  Max Mhz: 3201, Current Mhz: 2555, Mhz Limit: 3201
Processor Information for processor 7
  Max Mhz: 3201, Current Mhz: 3201, Mhz Limit: 3201
Processor Information for processor 8
  Max Mhz: 3201, Current Mhz: 3201, Mhz Limit: 3201
Processor Information for processor 9
  Max Mhz: 3201, Current Mhz: 3201, Mhz Limit: 3201
Processor Information for processor 10
  Max Mhz: 3201, Current Mhz: 3201, Mhz Limit: 3201
Processor Information for processor 11
  Max Mhz: 3201, Current Mhz: 2555, Mhz Limit: 3201
Processor Information for processor 12
  Max Mhz: 3201, Current Mhz: 3201, Mhz Limit: 3201
Processor Information for processor 13
  Max Mhz: 3201, Current Mhz: 3201, Mhz Limit: 3201
Processor Information for processor 14
  Max Mhz: 3201, Current Mhz: 3201, Mhz Limit: 3201
Processor Information for processor 15
  Max Mhz: 3201, Current Mhz: 3201, Mhz Limit: 3201

Memory: 4k page, system-wide physical 15724M (2673M free)
TotalPageFile size 19820M (AvailPageFile size 1M)
current process WorkingSet (physical memory assigned to process): 47M, peak: 47M
current process commit charge ("private bytes"): 344M, peak: 345M

vm_info: OpenJDK 64-Bit Server VM (21.0.5+8-b631.16) for windows-amd64 JRE (21.0.5+8-b631.16), built on 2024-11-02 by "builduser" with MS VC++ 16.10 / 16.11 (VS2019)

END.
