#
# There is insufficient memory for the Java Runtime Environment to continue.
# Native memory allocation (malloc) failed to allocate 65552 bytes for Chunk::new
# Possible reasons:
#   The system is out of physical RAM or swap space
#   The process is running with CompressedOops enabled, and the Java Heap may be blocking the growth of the native heap
# Possible solutions:
#   Reduce memory load on the system
#   Increase physical memory or swap space
#   Check if swap backing store is full
#   Decrease Java heap size (-Xmx/-Xms)
#   Decrease number of Java threads
#   Decrease Java thread stack sizes (-Xss)
#   Set larger code cache with -XX:ReservedCodeCacheSize=
#   JVM is running with Zero Based Compressed Oops mode in which the Java heap is
#     placed in the first 32GB address space. The Java Heap base address is the
#     maximum limit for the native heap growth. Please use -XX:HeapBaseMinAddress
#     to set the Java Heap base and to place the Java Heap above 32GB virtual address.
# This output file may be truncated or incomplete.
#
#  Out of Memory Error (arena.cpp:189), pid=28460, tid=4728
#
# JRE version: Java(TM) SE Runtime Environment (17.0.12+8) (build 17.0.12+8-LTS-286)
# Java VM: Java HotSpot(TM) 64-Bit Server VM (17.0.12+8-LTS-286, mixed mode, sharing, tiered, compressed oops, compressed class ptrs, g1 gc, windows-amd64)
# No core dump will be written. Minidumps are not enabled by default on client versions of Windows
#

---------------  S U M M A R Y ------------

Command Line: -Dmaven.multiModuleProjectDirectory=C:\Users\wjy\Desktop\clone\region -Djansi.passthrough=true -Dmaven.home=D:\BaiduNetdiskDownload\IntelliJ IDEA 2024.3\plugins\maven\lib\maven3 -Dclassworlds.conf=D:\BaiduNetdiskDownload\IntelliJ IDEA 2024.3\plugins\maven\lib\maven3\bin\m2.conf -Dmaven.ext.class.path=D:\BaiduNetdiskDownload\IntelliJ IDEA 2024.3\plugins\maven\lib\maven-event-listener.jar -javaagent:D:\BaiduNetdiskDownload\IntelliJ IDEA 2024.3\lib\idea_rt.jar=64613:D:\BaiduNetdiskDownload\IntelliJ IDEA 2024.3\bin -Dfile.encoding=UTF-8 org.codehaus.classworlds.Launcher -Didea.version=2024.3 -s D:\BaiduNetdiskDownload\apache-maven-3.8.1\conf\settings.xml -Dmaven.repo.local=D:\BaiduNetdiskDownload\apache-maven-3.8.1\.m2 test

Host: AMD Ryzen 7 5800H with Radeon Graphics         , 16 cores, 15G,  Windows 11 , 64 bit Build 22621 (10.0.22621.4391)
Time: Tue Dec 24 11:22:29 2024  Windows 11 , 64 bit Build 22621 (10.0.22621.4391) elapsed time: 4.392955 seconds (0d 0h 0m 4s)

---------------  T H R E A D  ---------------

Current thread (0x00000231a9015ee0):  JavaThread "C2 CompilerThread0" daemon [_thread_in_native, id=4728, stack(0x000000d574800000,0x000000d574900000)]


Current CompileTask:
C2:   4393 3261       4       org.codehaus.plexus.util.xml.pull.MXParser::nextImpl (1203 bytes)

Stack: [0x000000d574800000,0x000000d574900000]
Native frames: (J=compiled Java code, j=interpreted, Vv=VM code, C=native code)
V  [jvm.dll+0x67a04a]
V  [jvm.dll+0x7da4ed]
V  [jvm.dll+0x7dbe33]
V  [jvm.dll+0x7dc4a3]
V  [jvm.dll+0x24508f]
V  [jvm.dll+0xab773]
V  [jvm.dll+0xabd3c]
V  [jvm.dll+0xab884]
V  [jvm.dll+0x658e4c]
V  [jvm.dll+0x60c7fd]
V  [jvm.dll+0x2166be]
V  [jvm.dll+0x215c6f]
V  [jvm.dll+0x1a2960]
V  [jvm.dll+0x22610b]
V  [jvm.dll+0x2242ab]
V  [jvm.dll+0x79075c]
V  [jvm.dll+0x78abea]
V  [jvm.dll+0x678f35]
C  [ucrtbase.dll+0x29333]
C  [KERNEL32.DLL+0x1259d]
C  [ntdll.dll+0x5af38]


---------------  P R O C E S S  ---------------

Threads class SMR info:
_java_thread_list=0x00000231a9100c80, length=23, elements={
0x0000023140919dc0, 0x0000023163ccd0d0, 0x0000023163ccdd50, 0x00000231a900b2a0,
0x00000231a900cb80, 0x00000231a900d450, 0x00000231a9011220, 0x00000231a9015ee0,
0x00000231a90208c0, 0x00000231a9031990, 0x00000231a9118680, 0x0000023163cb56a0,
0x00000231a920a7b0, 0x00000231a920ac90, 0x00000231a950e660, 0x00000231a98ab260,
0x00000231a98ad510, 0x00000231a9dbf7a0, 0x00000231a9dc1230, 0x00000231a9dc0240,
0x00000231a9dc0790, 0x00000231a9dc1cd0, 0x00000231aba218c0
}

Java Threads: ( => current thread )
  0x0000023140919dc0 JavaThread "main" [_thread_in_Java, id=26068, stack(0x000000d573b00000,0x000000d573c00000)]
  0x0000023163ccd0d0 JavaThread "Reference Handler" daemon [_thread_blocked, id=1832, stack(0x000000d574200000,0x000000d574300000)]
  0x0000023163ccdd50 JavaThread "Finalizer" daemon [_thread_blocked, id=11332, stack(0x000000d574300000,0x000000d574400000)]
  0x00000231a900b2a0 JavaThread "Signal Dispatcher" daemon [_thread_blocked, id=20624, stack(0x000000d574400000,0x000000d574500000)]
  0x00000231a900cb80 JavaThread "Attach Listener" daemon [_thread_blocked, id=18652, stack(0x000000d574500000,0x000000d574600000)]
  0x00000231a900d450 JavaThread "Service Thread" daemon [_thread_blocked, id=1060, stack(0x000000d574600000,0x000000d574700000)]
  0x00000231a9011220 JavaThread "Monitor Deflation Thread" daemon [_thread_blocked, id=28008, stack(0x000000d574700000,0x000000d574800000)]
=>0x00000231a9015ee0 JavaThread "C2 CompilerThread0" daemon [_thread_in_native, id=4728, stack(0x000000d574800000,0x000000d574900000)]
  0x00000231a90208c0 JavaThread "C1 CompilerThread0" daemon [_thread_blocked, id=6756, stack(0x000000d574900000,0x000000d574a00000)]
  0x00000231a9031990 JavaThread "Sweeper thread" daemon [_thread_blocked, id=11308, stack(0x000000d574a00000,0x000000d574b00000)]
  0x00000231a9118680 JavaThread "Common-Cleaner" daemon [_thread_blocked, id=23068, stack(0x000000d574b00000,0x000000d574c00000)]
  0x0000023163cb56a0 JavaThread "C1 CompilerThread1" daemon [_thread_in_vm, id=11396, stack(0x000000d574c00000,0x000000d574d00000)]
  0x00000231a920a7b0 JavaThread "Monitor Ctrl-Break" daemon [_thread_in_native, id=26868, stack(0x000000d575000000,0x000000d575100000)]
  0x00000231a920ac90 JavaThread "Notification Thread" daemon [_thread_blocked, id=6468, stack(0x000000d575100000,0x000000d575200000)]
  0x00000231a950e660 JavaThread "C2 CompilerThread1" daemon [_thread_blocked, id=13828, stack(0x000000d574d00000,0x000000d574e00000)]
  0x00000231a98ab260 JavaThread "C1 CompilerThread2" daemon [_thread_blocked, id=20148, stack(0x000000d574e00000,0x000000d574f00000)]
  0x00000231a98ad510 JavaThread "C1 CompilerThread3" daemon [_thread_blocked, id=4808, stack(0x000000d574f00000,0x000000d575000000)]
  0x00000231a9dbf7a0 JavaThread "C2 CompilerThread2" daemon [_thread_blocked, id=25992, stack(0x000000d575300000,0x000000d575400000)]
  0x00000231a9dc1230 JavaThread "C2 CompilerThread3" daemon [_thread_in_native, id=3136, stack(0x000000d575a00000,0x000000d575b00000)]
  0x00000231a9dc0240 JavaThread "C2 CompilerThread4" daemon [_thread_blocked, id=19728, stack(0x000000d575b00000,0x000000d575c00000)]
  0x00000231a9dc0790 JavaThread "C2 CompilerThread5" daemon [_thread_blocked, id=20200, stack(0x000000d575c00000,0x000000d575d00000)]
  0x00000231a9dc1cd0 JavaThread "C2 CompilerThread6" daemon [_thread_in_native, id=18496, stack(0x000000d575d00000,0x000000d575e00000)]
  0x00000231aba218c0 JavaThread "Thread-1" daemon [_thread_blocked, id=14708, stack(0x000000d576100000,0x000000d576200000)]

Other Threads:
  0x0000023163cc71c0 VMThread "VM Thread" [stack: 0x000000d574100000,0x000000d574200000] [id=15344]
  0x00000231a9210080 WatcherThread [stack: 0x000000d575200000,0x000000d575300000] [id=19952]
  0x000002314097f4d0 GCTaskThread "GC Thread#0" [stack: 0x000000d573c00000,0x000000d573d00000] [id=18068]
  0x00000231aa7a81f0 GCTaskThread "GC Thread#1" [stack: 0x000000d575400000,0x000000d575500000] [id=22180]
  0x00000231a9f0b8c0 GCTaskThread "GC Thread#2" [stack: 0x000000d575500000,0x000000d575600000] [id=6452]
  0x00000231aa27a8c0 GCTaskThread "GC Thread#3" [stack: 0x000000d575600000,0x000000d575700000] [id=26144]
  0x00000231aa156010 GCTaskThread "GC Thread#4" [stack: 0x000000d575700000,0x000000d575800000] [id=25784]
  0x00000231a9f0adf0 GCTaskThread "GC Thread#5" [stack: 0x000000d575800000,0x000000d575900000] [id=19712]
  0x00000231a9f0b0b0 GCTaskThread "GC Thread#6" [stack: 0x000000d575900000,0x000000d575a00000] [id=24988]
  0x00000231abcf37d0 GCTaskThread "GC Thread#7" [stack: 0x000000d575f00000,0x000000d576000000] [id=2144]
  0x00000231aa8125e0 GCTaskThread "GC Thread#8" [stack: 0x000000d576000000,0x000000d576100000] [id=24752]
  0x00000231409906a0 ConcurrentGCThread "G1 Main Marker" [stack: 0x000000d573d00000,0x000000d573e00000] [id=2880]
  0x0000023140991750 ConcurrentGCThread "G1 Conc#0" [stack: 0x000000d573e00000,0x000000d573f00000] [id=26236]
  0x00000231409deb20 ConcurrentGCThread "G1 Refine#0" [stack: 0x000000d573f00000,0x000000d574000000] [id=19816]
  0x0000023163b7f6a0 ConcurrentGCThread "G1 Service" [stack: 0x000000d574000000,0x000000d574100000] [id=25092]

Threads with active compile tasks:
C2 CompilerThread0     4428 3261       4       org.codehaus.plexus.util.xml.pull.MXParser::nextImpl (1203 bytes)
C2 CompilerThread3     4428 3296       4       java.util.HashSet::contains (9 bytes)
C2 CompilerThread6     4428 3290       4       org.apache.maven.model.io.xpp3.MavenXpp3ReaderEx::interpolatedTrimmed (16 bytes)

VM state: not at safepoint (normal execution)

VM Mutex/Monitor currently owned by a thread: None

Heap address: 0x000000070a400000, size: 3932 MB, Compressed Oops mode: Zero based, Oop shift amount: 3

CDS archive(s) mapped at: [0x0000023164000000-0x0000023164bd0000-0x0000023164bd0000), size 12386304, SharedBaseAddress: 0x0000023164000000, ArchiveRelocationMode: 1.
Compressed class space mapped at: 0x0000023165000000-0x00000231a5000000, reserved size: 1073741824
Narrow klass base: 0x0000023164000000, Narrow klass shift: 0, Narrow klass range: 0x100000000

GC Precious Log:
 CPUs: 16 total, 16 available
 Memory: 15724M
 Large Page Support: Disabled
 NUMA Support: Disabled
 Compressed Oops: Enabled (Zero based)
 Heap Region Size: 2M
 Heap Min Capacity: 8M
 Heap Initial Capacity: 246M
 Heap Max Capacity: 3932M
 Pre-touch: Disabled
 Parallel Workers: 13
 Concurrent Workers: 3
 Concurrent Refinement Workers: 13
 Periodic GC: Disabled

Heap:
 garbage-first heap   total 251904K, used 50198K [0x000000070a400000, 0x0000000800000000)
  region size 2048K, 24 young (49152K), 1 survivors (2048K)
 Metaspace       used 15349K, committed 15552K, reserved 1114112K
  class space    used 1830K, committed 1920K, reserved 1048576K

Heap Regions: E=young(eden), S=young(survivor), O=old, HS=humongous(starts), HC=humongous(continues), CS=collection set, F=free, OA=open archive, CA=closed archive, TAMS=top-at-mark-start (previous, next)
|   0|0x000000070a400000, 0x000000070a600000, 0x000000070a600000|100%| O|  |TAMS 0x000000070a400000, 0x000000070a400000| Untracked 
|   1|0x000000070a600000, 0x000000070a791e00, 0x000000070a800000| 78%| O|  |TAMS 0x000000070a600000, 0x000000070a600000| Untracked 
|   2|0x000000070a800000, 0x000000070a800000, 0x000000070aa00000|  0%| F|  |TAMS 0x000000070a800000, 0x000000070a800000| Untracked 
|   3|0x000000070aa00000, 0x000000070aa00000, 0x000000070ac00000|  0%| F|  |TAMS 0x000000070aa00000, 0x000000070aa00000| Untracked 
|   4|0x000000070ac00000, 0x000000070ac00000, 0x000000070ae00000|  0%| F|  |TAMS 0x000000070ac00000, 0x000000070ac00000| Untracked 
|   5|0x000000070ae00000, 0x000000070ae00000, 0x000000070b000000|  0%| F|  |TAMS 0x000000070ae00000, 0x000000070ae00000| Untracked 
|   6|0x000000070b000000, 0x000000070b000000, 0x000000070b200000|  0%| F|  |TAMS 0x000000070b000000, 0x000000070b000000| Untracked 
|   7|0x000000070b200000, 0x000000070b200000, 0x000000070b400000|  0%| F|  |TAMS 0x000000070b200000, 0x000000070b200000| Untracked 
|   8|0x000000070b400000, 0x000000070b400000, 0x000000070b600000|  0%| F|  |TAMS 0x000000070b400000, 0x000000070b400000| Untracked 
|   9|0x000000070b600000, 0x000000070b600000, 0x000000070b800000|  0%| F|  |TAMS 0x000000070b600000, 0x000000070b600000| Untracked 
|  10|0x000000070b800000, 0x000000070b800000, 0x000000070ba00000|  0%| F|  |TAMS 0x000000070b800000, 0x000000070b800000| Untracked 
|  11|0x000000070ba00000, 0x000000070ba00000, 0x000000070bc00000|  0%| F|  |TAMS 0x000000070ba00000, 0x000000070ba00000| Untracked 
|  12|0x000000070bc00000, 0x000000070bc00000, 0x000000070be00000|  0%| F|  |TAMS 0x000000070bc00000, 0x000000070bc00000| Untracked 
|  13|0x000000070be00000, 0x000000070be00000, 0x000000070c000000|  0%| F|  |TAMS 0x000000070be00000, 0x000000070be00000| Untracked 
|  14|0x000000070c000000, 0x000000070c000000, 0x000000070c200000|  0%| F|  |TAMS 0x000000070c000000, 0x000000070c000000| Untracked 
|  15|0x000000070c200000, 0x000000070c200000, 0x000000070c400000|  0%| F|  |TAMS 0x000000070c200000, 0x000000070c200000| Untracked 
|  16|0x000000070c400000, 0x000000070c400000, 0x000000070c600000|  0%| F|  |TAMS 0x000000070c400000, 0x000000070c400000| Untracked 
|  17|0x000000070c600000, 0x000000070c600000, 0x000000070c800000|  0%| F|  |TAMS 0x000000070c600000, 0x000000070c600000| Untracked 
|  18|0x000000070c800000, 0x000000070c800000, 0x000000070ca00000|  0%| F|  |TAMS 0x000000070c800000, 0x000000070c800000| Untracked 
|  19|0x000000070ca00000, 0x000000070ca00000, 0x000000070cc00000|  0%| F|  |TAMS 0x000000070ca00000, 0x000000070ca00000| Untracked 
|  20|0x000000070cc00000, 0x000000070cc00000, 0x000000070ce00000|  0%| F|  |TAMS 0x000000070cc00000, 0x000000070cc00000| Untracked 
|  21|0x000000070ce00000, 0x000000070ce00000, 0x000000070d000000|  0%| F|  |TAMS 0x000000070ce00000, 0x000000070ce00000| Untracked 
|  22|0x000000070d000000, 0x000000070d000000, 0x000000070d200000|  0%| F|  |TAMS 0x000000070d000000, 0x000000070d000000| Untracked 
|  23|0x000000070d200000, 0x000000070d200000, 0x000000070d400000|  0%| F|  |TAMS 0x000000070d200000, 0x000000070d200000| Untracked 
|  24|0x000000070d400000, 0x000000070d400000, 0x000000070d600000|  0%| F|  |TAMS 0x000000070d400000, 0x000000070d400000| Untracked 
|  25|0x000000070d600000, 0x000000070d600000, 0x000000070d800000|  0%| F|  |TAMS 0x000000070d600000, 0x000000070d600000| Untracked 
|  26|0x000000070d800000, 0x000000070d800000, 0x000000070da00000|  0%| F|  |TAMS 0x000000070d800000, 0x000000070d800000| Untracked 
|  27|0x000000070da00000, 0x000000070da00000, 0x000000070dc00000|  0%| F|  |TAMS 0x000000070da00000, 0x000000070da00000| Untracked 
|  28|0x000000070dc00000, 0x000000070dc00000, 0x000000070de00000|  0%| F|  |TAMS 0x000000070dc00000, 0x000000070dc00000| Untracked 
|  29|0x000000070de00000, 0x000000070de00000, 0x000000070e000000|  0%| F|  |TAMS 0x000000070de00000, 0x000000070de00000| Untracked 
|  30|0x000000070e000000, 0x000000070e000000, 0x000000070e200000|  0%| F|  |TAMS 0x000000070e000000, 0x000000070e000000| Untracked 
|  31|0x000000070e200000, 0x000000070e200000, 0x000000070e400000|  0%| F|  |TAMS 0x000000070e200000, 0x000000070e200000| Untracked 
|  32|0x000000070e400000, 0x000000070e400000, 0x000000070e600000|  0%| F|  |TAMS 0x000000070e400000, 0x000000070e400000| Untracked 
|  33|0x000000070e600000, 0x000000070e600000, 0x000000070e800000|  0%| F|  |TAMS 0x000000070e600000, 0x000000070e600000| Untracked 
|  34|0x000000070e800000, 0x000000070e800000, 0x000000070ea00000|  0%| F|  |TAMS 0x000000070e800000, 0x000000070e800000| Untracked 
|  35|0x000000070ea00000, 0x000000070ea00000, 0x000000070ec00000|  0%| F|  |TAMS 0x000000070ea00000, 0x000000070ea00000| Untracked 
|  36|0x000000070ec00000, 0x000000070ec00000, 0x000000070ee00000|  0%| F|  |TAMS 0x000000070ec00000, 0x000000070ec00000| Untracked 
|  37|0x000000070ee00000, 0x000000070ee00000, 0x000000070f000000|  0%| F|  |TAMS 0x000000070ee00000, 0x000000070ee00000| Untracked 
|  38|0x000000070f000000, 0x000000070f000000, 0x000000070f200000|  0%| F|  |TAMS 0x000000070f000000, 0x000000070f000000| Untracked 
|  39|0x000000070f200000, 0x000000070f200000, 0x000000070f400000|  0%| F|  |TAMS 0x000000070f200000, 0x000000070f200000| Untracked 
|  40|0x000000070f400000, 0x000000070f400000, 0x000000070f600000|  0%| F|  |TAMS 0x000000070f400000, 0x000000070f400000| Untracked 
|  41|0x000000070f600000, 0x000000070f600000, 0x000000070f800000|  0%| F|  |TAMS 0x000000070f600000, 0x000000070f600000| Untracked 
|  42|0x000000070f800000, 0x000000070f800000, 0x000000070fa00000|  0%| F|  |TAMS 0x000000070f800000, 0x000000070f800000| Untracked 
|  43|0x000000070fa00000, 0x000000070fa00000, 0x000000070fc00000|  0%| F|  |TAMS 0x000000070fa00000, 0x000000070fa00000| Untracked 
|  44|0x000000070fc00000, 0x000000070fc00000, 0x000000070fe00000|  0%| F|  |TAMS 0x000000070fc00000, 0x000000070fc00000| Untracked 
|  45|0x000000070fe00000, 0x000000070fe00000, 0x0000000710000000|  0%| F|  |TAMS 0x000000070fe00000, 0x000000070fe00000| Untracked 
|  46|0x0000000710000000, 0x0000000710000000, 0x0000000710200000|  0%| F|  |TAMS 0x0000000710000000, 0x0000000710000000| Untracked 
|  47|0x0000000710200000, 0x0000000710200000, 0x0000000710400000|  0%| F|  |TAMS 0x0000000710200000, 0x0000000710200000| Untracked 
|  48|0x0000000710400000, 0x0000000710400000, 0x0000000710600000|  0%| F|  |TAMS 0x0000000710400000, 0x0000000710400000| Untracked 
|  49|0x0000000710600000, 0x0000000710600000, 0x0000000710800000|  0%| F|  |TAMS 0x0000000710600000, 0x0000000710600000| Untracked 
|  50|0x0000000710800000, 0x0000000710800000, 0x0000000710a00000|  0%| F|  |TAMS 0x0000000710800000, 0x0000000710800000| Untracked 
|  51|0x0000000710a00000, 0x0000000710a00000, 0x0000000710c00000|  0%| F|  |TAMS 0x0000000710a00000, 0x0000000710a00000| Untracked 
|  52|0x0000000710c00000, 0x0000000710c00000, 0x0000000710e00000|  0%| F|  |TAMS 0x0000000710c00000, 0x0000000710c00000| Untracked 
|  53|0x0000000710e00000, 0x0000000710e00000, 0x0000000711000000|  0%| F|  |TAMS 0x0000000710e00000, 0x0000000710e00000| Untracked 
|  54|0x0000000711000000, 0x0000000711000000, 0x0000000711200000|  0%| F|  |TAMS 0x0000000711000000, 0x0000000711000000| Untracked 
|  55|0x0000000711200000, 0x0000000711200000, 0x0000000711400000|  0%| F|  |TAMS 0x0000000711200000, 0x0000000711200000| Untracked 
|  56|0x0000000711400000, 0x0000000711400000, 0x0000000711600000|  0%| F|  |TAMS 0x0000000711400000, 0x0000000711400000| Untracked 
|  57|0x0000000711600000, 0x0000000711600000, 0x0000000711800000|  0%| F|  |TAMS 0x0000000711600000, 0x0000000711600000| Untracked 
|  58|0x0000000711800000, 0x0000000711800000, 0x0000000711a00000|  0%| F|  |TAMS 0x0000000711800000, 0x0000000711800000| Untracked 
|  59|0x0000000711a00000, 0x0000000711a00000, 0x0000000711c00000|  0%| F|  |TAMS 0x0000000711a00000, 0x0000000711a00000| Untracked 
|  60|0x0000000711c00000, 0x0000000711c00000, 0x0000000711e00000|  0%| F|  |TAMS 0x0000000711c00000, 0x0000000711c00000| Untracked 
|  61|0x0000000711e00000, 0x0000000711e00000, 0x0000000712000000|  0%| F|  |TAMS 0x0000000711e00000, 0x0000000711e00000| Untracked 
|  62|0x0000000712000000, 0x0000000712000000, 0x0000000712200000|  0%| F|  |TAMS 0x0000000712000000, 0x0000000712000000| Untracked 
|  63|0x0000000712200000, 0x0000000712200000, 0x0000000712400000|  0%| F|  |TAMS 0x0000000712200000, 0x0000000712200000| Untracked 
|  64|0x0000000712400000, 0x0000000712400000, 0x0000000712600000|  0%| F|  |TAMS 0x0000000712400000, 0x0000000712400000| Untracked 
|  65|0x0000000712600000, 0x0000000712600000, 0x0000000712800000|  0%| F|  |TAMS 0x0000000712600000, 0x0000000712600000| Untracked 
|  66|0x0000000712800000, 0x0000000712800000, 0x0000000712a00000|  0%| F|  |TAMS 0x0000000712800000, 0x0000000712800000| Untracked 
|  67|0x0000000712a00000, 0x0000000712a00000, 0x0000000712c00000|  0%| F|  |TAMS 0x0000000712a00000, 0x0000000712a00000| Untracked 
|  68|0x0000000712c00000, 0x0000000712c00000, 0x0000000712e00000|  0%| F|  |TAMS 0x0000000712c00000, 0x0000000712c00000| Untracked 
|  69|0x0000000712e00000, 0x0000000712e00000, 0x0000000713000000|  0%| F|  |TAMS 0x0000000712e00000, 0x0000000712e00000| Untracked 
|  70|0x0000000713000000, 0x0000000713000000, 0x0000000713200000|  0%| F|  |TAMS 0x0000000713000000, 0x0000000713000000| Untracked 
|  71|0x0000000713200000, 0x0000000713200000, 0x0000000713400000|  0%| F|  |TAMS 0x0000000713200000, 0x0000000713200000| Untracked 
|  72|0x0000000713400000, 0x0000000713400000, 0x0000000713600000|  0%| F|  |TAMS 0x0000000713400000, 0x0000000713400000| Untracked 
|  73|0x0000000713600000, 0x0000000713600000, 0x0000000713800000|  0%| F|  |TAMS 0x0000000713600000, 0x0000000713600000| Untracked 
|  74|0x0000000713800000, 0x0000000713800000, 0x0000000713a00000|  0%| F|  |TAMS 0x0000000713800000, 0x0000000713800000| Untracked 
|  75|0x0000000713a00000, 0x0000000713a00000, 0x0000000713c00000|  0%| F|  |TAMS 0x0000000713a00000, 0x0000000713a00000| Untracked 
|  76|0x0000000713c00000, 0x0000000713c00000, 0x0000000713e00000|  0%| F|  |TAMS 0x0000000713c00000, 0x0000000713c00000| Untracked 
|  77|0x0000000713e00000, 0x0000000713e00000, 0x0000000714000000|  0%| F|  |TAMS 0x0000000713e00000, 0x0000000713e00000| Untracked 
|  78|0x0000000714000000, 0x0000000714000000, 0x0000000714200000|  0%| F|  |TAMS 0x0000000714000000, 0x0000000714000000| Untracked 
|  79|0x0000000714200000, 0x0000000714200000, 0x0000000714400000|  0%| F|  |TAMS 0x0000000714200000, 0x0000000714200000| Untracked 
|  80|0x0000000714400000, 0x0000000714400000, 0x0000000714600000|  0%| F|  |TAMS 0x0000000714400000, 0x0000000714400000| Untracked 
|  81|0x0000000714600000, 0x0000000714600000, 0x0000000714800000|  0%| F|  |TAMS 0x0000000714600000, 0x0000000714600000| Untracked 
|  82|0x0000000714800000, 0x0000000714800000, 0x0000000714a00000|  0%| F|  |TAMS 0x0000000714800000, 0x0000000714800000| Untracked 
|  83|0x0000000714a00000, 0x0000000714a00000, 0x0000000714c00000|  0%| F|  |TAMS 0x0000000714a00000, 0x0000000714a00000| Untracked 
|  84|0x0000000714c00000, 0x0000000714c00000, 0x0000000714e00000|  0%| F|  |TAMS 0x0000000714c00000, 0x0000000714c00000| Untracked 
|  85|0x0000000714e00000, 0x0000000714e00000, 0x0000000715000000|  0%| F|  |TAMS 0x0000000714e00000, 0x0000000714e00000| Untracked 
|  86|0x0000000715000000, 0x0000000715000000, 0x0000000715200000|  0%| F|  |TAMS 0x0000000715000000, 0x0000000715000000| Untracked 
|  87|0x0000000715200000, 0x0000000715200000, 0x0000000715400000|  0%| F|  |TAMS 0x0000000715200000, 0x0000000715200000| Untracked 
|  88|0x0000000715400000, 0x0000000715400000, 0x0000000715600000|  0%| F|  |TAMS 0x0000000715400000, 0x0000000715400000| Untracked 
|  89|0x0000000715600000, 0x0000000715600000, 0x0000000715800000|  0%| F|  |TAMS 0x0000000715600000, 0x0000000715600000| Untracked 
|  90|0x0000000715800000, 0x0000000715800000, 0x0000000715a00000|  0%| F|  |TAMS 0x0000000715800000, 0x0000000715800000| Untracked 
|  91|0x0000000715a00000, 0x0000000715a00000, 0x0000000715c00000|  0%| F|  |TAMS 0x0000000715a00000, 0x0000000715a00000| Untracked 
|  92|0x0000000715c00000, 0x0000000715c00000, 0x0000000715e00000|  0%| F|  |TAMS 0x0000000715c00000, 0x0000000715c00000| Untracked 
|  93|0x0000000715e00000, 0x0000000715e00000, 0x0000000716000000|  0%| F|  |TAMS 0x0000000715e00000, 0x0000000715e00000| Untracked 
|  94|0x0000000716000000, 0x0000000716000000, 0x0000000716200000|  0%| F|  |TAMS 0x0000000716000000, 0x0000000716000000| Untracked 
|  95|0x0000000716200000, 0x0000000716200000, 0x0000000716400000|  0%| F|  |TAMS 0x0000000716200000, 0x0000000716200000| Untracked 
|  96|0x0000000716400000, 0x0000000716400000, 0x0000000716600000|  0%| F|  |TAMS 0x0000000716400000, 0x0000000716400000| Untracked 
|  97|0x0000000716600000, 0x0000000716600000, 0x0000000716800000|  0%| F|  |TAMS 0x0000000716600000, 0x0000000716600000| Untracked 
|  98|0x0000000716800000, 0x0000000716800000, 0x0000000716a00000|  0%| F|  |TAMS 0x0000000716800000, 0x0000000716800000| Untracked 
|  99|0x0000000716a00000, 0x0000000716c00000, 0x0000000716c00000|100%| E|  |TAMS 0x0000000716a00000, 0x0000000716a00000| Complete 
| 100|0x0000000716c00000, 0x0000000716e00000, 0x0000000716e00000|100%| E|CS|TAMS 0x0000000716c00000, 0x0000000716c00000| Complete 
| 101|0x0000000716e00000, 0x0000000717000000, 0x0000000717000000|100%| E|CS|TAMS 0x0000000716e00000, 0x0000000716e00000| Complete 
| 102|0x0000000717000000, 0x0000000717200000, 0x0000000717200000|100%| E|CS|TAMS 0x0000000717000000, 0x0000000717000000| Complete 
| 103|0x0000000717200000, 0x0000000717400000, 0x0000000717400000|100%| E|CS|TAMS 0x0000000717200000, 0x0000000717200000| Complete 
| 104|0x0000000717400000, 0x0000000717600000, 0x0000000717600000|100%| E|CS|TAMS 0x0000000717400000, 0x0000000717400000| Complete 
| 105|0x0000000717600000, 0x0000000717800000, 0x0000000717800000|100%| E|CS|TAMS 0x0000000717600000, 0x0000000717600000| Complete 
| 106|0x0000000717800000, 0x0000000717973a60, 0x0000000717a00000| 72%| S|CS|TAMS 0x0000000717800000, 0x0000000717800000| Complete 
| 107|0x0000000717a00000, 0x0000000717c00000, 0x0000000717c00000|100%| E|CS|TAMS 0x0000000717a00000, 0x0000000717a00000| Complete 
| 108|0x0000000717c00000, 0x0000000717e00000, 0x0000000717e00000|100%| E|CS|TAMS 0x0000000717c00000, 0x0000000717c00000| Complete 
| 109|0x0000000717e00000, 0x0000000718000000, 0x0000000718000000|100%| E|CS|TAMS 0x0000000717e00000, 0x0000000717e00000| Complete 
| 110|0x0000000718000000, 0x0000000718200000, 0x0000000718200000|100%| E|CS|TAMS 0x0000000718000000, 0x0000000718000000| Complete 
| 111|0x0000000718200000, 0x0000000718400000, 0x0000000718400000|100%| E|CS|TAMS 0x0000000718200000, 0x0000000718200000| Complete 
| 112|0x0000000718400000, 0x0000000718600000, 0x0000000718600000|100%| E|CS|TAMS 0x0000000718400000, 0x0000000718400000| Complete 
| 113|0x0000000718600000, 0x0000000718800000, 0x0000000718800000|100%| E|CS|TAMS 0x0000000718600000, 0x0000000718600000| Complete 
| 114|0x0000000718800000, 0x0000000718a00000, 0x0000000718a00000|100%| E|CS|TAMS 0x0000000718800000, 0x0000000718800000| Complete 
| 115|0x0000000718a00000, 0x0000000718c00000, 0x0000000718c00000|100%| E|CS|TAMS 0x0000000718a00000, 0x0000000718a00000| Complete 
| 116|0x0000000718c00000, 0x0000000718e00000, 0x0000000718e00000|100%| E|CS|TAMS 0x0000000718c00000, 0x0000000718c00000| Complete 
| 117|0x0000000718e00000, 0x0000000719000000, 0x0000000719000000|100%| E|CS|TAMS 0x0000000718e00000, 0x0000000718e00000| Complete 
| 118|0x0000000719000000, 0x0000000719200000, 0x0000000719200000|100%| E|CS|TAMS 0x0000000719000000, 0x0000000719000000| Complete 
| 119|0x0000000719200000, 0x0000000719400000, 0x0000000719400000|100%| E|CS|TAMS 0x0000000719200000, 0x0000000719200000| Complete 
| 120|0x0000000719400000, 0x0000000719600000, 0x0000000719600000|100%| E|CS|TAMS 0x0000000719400000, 0x0000000719400000| Complete 
| 121|0x0000000719600000, 0x0000000719800000, 0x0000000719800000|100%| E|CS|TAMS 0x0000000719600000, 0x0000000719600000| Complete 
| 122|0x0000000719800000, 0x0000000719a00000, 0x0000000719a00000|100%| E|CS|TAMS 0x0000000719800000, 0x0000000719800000| Complete 

Card table byte_map: [0x0000023158200000,0x00000231589b0000] _byte_map_base: 0x00000231549ae000

Marking Bits (Prev, Next): (CMBitMap*) 0x00000231409807b0, (CMBitMap*) 0x00000231409807f0
 Prev Bits: [0x0000023159160000, 0x000002315ced0000)
 Next Bits: [0x000002315ced0000, 0x0000023160c40000)

Polling page: 0x000002313e640000

Metaspace:

Usage:
  Non-class:     13.20 MB used.
      Class:      1.79 MB used.
       Both:     14.99 MB used.

Virtual space:
  Non-class space:       64.00 MB reserved,      13.31 MB ( 21%) committed,  1 nodes.
      Class space:        1.00 GB reserved,       1.88 MB ( <1%) committed,  1 nodes.
             Both:        1.06 GB reserved,      15.19 MB (  1%) committed. 

Chunk freelists:
   Non-Class:  2.33 MB
       Class:  14.13 MB
        Both:  16.46 MB

MaxMetaspaceSize: unlimited
CompressedClassSpaceSize: 1.00 GB
Initial GC threshold: 21.00 MB
Current GC threshold: 21.00 MB
CDS: on
MetaspaceReclaimPolicy: balanced
 - commit_granule_bytes: 65536.
 - commit_granule_words: 8192.
 - virtual_space_node_default_size: 8388608.
 - enlarge_chunks_in_place: 1.
 - new_chunks_are_fully_committed: 0.
 - uncommit_free_chunks: 1.
 - use_allocation_guard: 0.
 - handle_deallocations: 1.


Internal statistics:

num_allocs_failed_limit: 0.
num_arena_births: 90.
num_arena_deaths: 0.
num_vsnodes_births: 2.
num_vsnodes_deaths: 0.
num_space_committed: 243.
num_space_uncommitted: 0.
num_chunks_returned_to_freelist: 0.
num_chunks_taken_from_freelist: 629.
num_chunk_merges: 0.
num_chunk_splits: 413.
num_chunks_enlarged: 330.
num_inconsistent_stats: 0.

CodeHeap 'non-profiled nmethods': size=119168Kb used=1491Kb max_used=1491Kb free=117676Kb
 bounds [0x000002314fd70000, 0x000002314ffe0000, 0x00000231571d0000]
CodeHeap 'profiled nmethods': size=119104Kb used=6795Kb max_used=6795Kb free=112308Kb
 bounds [0x00000231481d0000, 0x0000023148880000, 0x000002314f620000]
CodeHeap 'non-nmethods': size=7488Kb used=2870Kb max_used=2932Kb free=4617Kb
 bounds [0x000002314f620000, 0x000002314f910000, 0x000002314fd70000]
 total_blobs=3772 nmethods=3297 adapters=384
 compilation: enabled
              stopped_count=0, restarted_count=0
 full_count=0

Compilation events (20 events):
Event: 4.360 Thread 0x00000231a9dbf7a0 nmethod 3255 0x000002314fede710 code [0x000002314fede880, 0x000002314fede958]
Event: 4.361 Thread 0x00000231a9dc1230 nmethod 3256 0x000002314fedea10 code [0x000002314fedeba0, 0x000002314feded18]
Event: 4.369 Thread 0x0000023163cb56a0 3257       3       java.util.regex.Pattern$CharProperty::study (29 bytes)
Event: 4.369 Thread 0x00000231a98ab260 3258       1       org.apache.maven.model.ModelBase::getReporting (5 bytes)
Event: 4.369 Thread 0x0000023163cb56a0 nmethod 3257 0x0000023148865890 code [0x0000023148865a40, 0x0000023148865c28]
Event: 4.369 Thread 0x00000231a98ab260 nmethod 3258 0x000002314fedee90 code [0x000002314fedf020, 0x000002314fedf0f8]
Event: 4.370 Thread 0x00000231a98ab260 3259       3       java.util.regex.Matcher::matches (10 bytes)
Event: 4.370 Thread 0x00000231a90208c0 3260       3       java.util.regex.Pattern$Curly::match (91 bytes)
Event: 4.370 Thread 0x00000231a98ab260 nmethod 3259 0x0000023148865d10 code [0x0000023148865ea0, 0x0000023148865fe8]
Event: 4.370 Thread 0x00000231a90208c0 nmethod 3260 0x0000023148866090 code [0x0000023148866280, 0x0000023148866738]
Event: 4.379 Thread 0x00000231a9015ee0 3261       4       org.codehaus.plexus.util.xml.pull.MXParser::nextImpl (1203 bytes)
Event: 4.380 Thread 0x0000023163cb56a0 3262       1       org.apache.maven.model.ModelBase::getDistributionManagement (5 bytes)
Event: 4.380 Thread 0x00000231a9dc1cd0 3263   !   4       org.apache.maven.model.interpolation.StringVisitorModelInterpolator$1::interpolate (97 bytes)
Event: 4.380 Thread 0x0000023163cb56a0 nmethod 3262 0x000002314fedf190 code [0x000002314fedf320, 0x000002314fedf3f8]
Event: 4.380 Thread 0x00000231a98ad510 3264       3       jdk.internal.reflect.DelegatingMethodAccessorImpl::invoke (10 bytes)
Event: 4.380 Thread 0x00000231a98ad510 nmethod 3264 0x0000023148866890 code [0x0000023148866a40, 0x0000023148866c28]
Event: 4.380 Thread 0x0000023163cb56a0 3265       3       org.slf4j.impl.SimpleLogger::isLevelEnabled (14 bytes)
Event: 4.380 Thread 0x0000023163cb56a0 nmethod 3265 0x0000023148866d10 code [0x0000023148866ea0, 0x0000023148867018]
Event: 4.380 Thread 0x00000231a90208c0 3266       3       org.eclipse.aether.repository.RemoteRepository::hashCode (127 bytes)
Event: 4.381 Thread 0x00000231a90208c0 nmethod 3266 0x0000023148867090 code [0x0000023148867300, 0x0000023148867e38]

GC Heap History (4 events):
Event: 2.881 GC heap before
{Heap before GC invocations=0 (full 0):
 garbage-first heap   total 251904K, used 22528K [0x000000070a400000, 0x0000000800000000)
  region size 2048K, 11 young (22528K), 0 survivors (0K)
 Metaspace       used 5703K, committed 5888K, reserved 1114112K
  class space    used 672K, committed 768K, reserved 1048576K
}
Event: 2.888 GC heap after
{Heap after GC invocations=1 (full 0):
 garbage-first heap   total 251904K, used 4079K [0x000000070a400000, 0x0000000800000000)
  region size 2048K, 2 young (4096K), 2 survivors (4096K)
 Metaspace       used 5703K, committed 5888K, reserved 1114112K
  class space    used 672K, committed 768K, reserved 1048576K
}
Event: 3.365 GC heap before
{Heap before GC invocations=1 (full 0):
 garbage-first heap   total 251904K, used 32751K [0x000000070a400000, 0x0000000800000000)
  region size 2048K, 16 young (32768K), 2 survivors (4096K)
 Metaspace       used 8436K, committed 8640K, reserved 1114112K
  class space    used 993K, committed 1088K, reserved 1048576K
}
Event: 3.369 GC heap after
{Heap after GC invocations=2 (full 0):
 garbage-first heap   total 251904K, used 5142K [0x000000070a400000, 0x0000000800000000)
  region size 2048K, 1 young (2048K), 1 survivors (2048K)
 Metaspace       used 8436K, committed 8640K, reserved 1114112K
  class space    used 993K, committed 1088K, reserved 1048576K
}

Deoptimization events (20 events):
Event: 4.157 Thread 0x0000023140919dc0 DEOPT PACKING pc=0x000002314fecf12c sp=0x000000d573bfd5d0
Event: 4.157 Thread 0x0000023140919dc0 DEOPT UNPACKING pc=0x000002314f6723a3 sp=0x000000d573bfd498 mode 2
Event: 4.157 Thread 0x0000023140919dc0 Uncommon trap: trap_request=0xffffff45 fr.pc=0x000002314fea9ba8 relative=0x0000000000000488
Event: 4.157 Thread 0x0000023140919dc0 Uncommon trap: reason=unstable_if action=reinterpret pc=0x000002314fea9ba8 method=java.lang.String.trim()Ljava/lang/String; @ 4 c2
Event: 4.157 Thread 0x0000023140919dc0 DEOPT PACKING pc=0x000002314fea9ba8 sp=0x000000d573bfd6a0
Event: 4.157 Thread 0x0000023140919dc0 DEOPT UNPACKING pc=0x000002314f6723a3 sp=0x000000d573bfd670 mode 2
Event: 4.158 Thread 0x0000023140919dc0 Uncommon trap: trap_request=0xffffff45 fr.pc=0x000002314fed0bf4 relative=0x00000000000009f4
Event: 4.158 Thread 0x0000023140919dc0 Uncommon trap: reason=unstable_if action=reinterpret pc=0x000002314fed0bf4 method=java.lang.String.indexOf(Ljava/lang/String;)I @ 10 c2
Event: 4.158 Thread 0x0000023140919dc0 DEOPT PACKING pc=0x000002314fed0bf4 sp=0x000000d573bfd850
Event: 4.158 Thread 0x0000023140919dc0 DEOPT UNPACKING pc=0x000002314f6723a3 sp=0x000000d573bfd6e8 mode 2
Event: 4.341 Thread 0x0000023140919dc0 Uncommon trap: trap_request=0xffffff45 fr.pc=0x000002314feb916c relative=0x0000000000001dac
Event: 4.341 Thread 0x0000023140919dc0 Uncommon trap: reason=unstable_if action=reinterpret pc=0x000002314feb916c method=org.codehaus.plexus.util.xml.pull.MXParser.nextImpl()I @ 880 c2
Event: 4.341 Thread 0x0000023140919dc0 DEOPT PACKING pc=0x000002314feb916c sp=0x000000d573bfd8d0
Event: 4.341 Thread 0x0000023140919dc0 DEOPT UNPACKING pc=0x000002314f6723a3 sp=0x000000d573bfd8a8 mode 2
Event: 4.342 Thread 0x0000023140919dc0 DEOPT PACKING pc=0x000002314876507d sp=0x000000d573bfd9e0
Event: 4.342 Thread 0x0000023140919dc0 DEOPT UNPACKING pc=0x000002314f672b43 sp=0x000000d573bfcf08 mode 0
Event: 4.368 Thread 0x0000023140919dc0 Uncommon trap: trap_request=0xffffff45 fr.pc=0x000002314fe28d44 relative=0x0000000000001704
Event: 4.368 Thread 0x0000023140919dc0 Uncommon trap: reason=unstable_if action=reinterpret pc=0x000002314fe28d44 method=java.lang.String.<init>([BIILjava/nio/charset/Charset;)V @ 110 c2
Event: 4.368 Thread 0x0000023140919dc0 DEOPT PACKING pc=0x000002314fe28d44 sp=0x000000d573bfdb50
Event: 4.368 Thread 0x0000023140919dc0 DEOPT UNPACKING pc=0x000002314f6723a3 sp=0x000000d573bfdb28 mode 2

Classes unloaded (0 events):
No events

Classes redefined (0 events):
No events

Internal exceptions (20 events):
Event: 2.762 Thread 0x0000023140919dc0 Exception <a 'java/lang/NoSuchMethodError'{0x00000007188b20e8}: 'void java.lang.invoke.DirectMethodHandle$Holder.invokeSpecial(java.lang.Object, java.lang.Object, java.lang.Object)'> (0x00000007188b20e8) 
thrown [s\open\src\hotspot\share\interpreter\linkResolver.cpp, line 759]
Event: 2.794 Thread 0x0000023140919dc0 Exception <a 'java/lang/NoSuchMethodError'{0x000000071861ae00}: 'java.lang.Object java.lang.invoke.DirectMethodHandle$Holder.invokeInterface(java.lang.Object, java.lang.Object)'> (0x000000071861ae00) 
thrown [s\open\src\hotspot\share\interpreter\linkResolver.cpp, line 759]
Event: 2.808 Thread 0x0000023140919dc0 Exception <a 'java/lang/NoSuchMethodError'{0x00000007186c8118}: 'java.lang.Object java.lang.invoke.Invokers$Holder.invokeExact_MT(java.lang.Object, java.lang.Object, java.lang.Object, java.lang.Object, java.lang.Object, java.lang.Object)'> (0x00000007186c8118) 
thrown [s\open\src\hotspot\share\interpreter\linkResolver.cpp, line 759]
Event: 2.810 Thread 0x0000023140919dc0 Exception <a 'java/lang/NoSuchMethodError'{0x00000007186d9578}: 'int java.lang.invoke.DirectMethodHandle$Holder.invokeSpecialIFC(java.lang.Object, java.lang.Object, java.lang.Object, java.lang.Object, java.lang.Object)'> (0x00000007186d9578) 
thrown [s\open\src\hotspot\share\interpreter\linkResolver.cpp, line 759]
Event: 2.847 Thread 0x0000023140919dc0 Exception <a 'java/lang/NoSuchMethodError'{0x000000071848a858}: 'java.lang.Object java.lang.invoke.DirectMethodHandle$Holder.newInvokeSpecial(java.lang.Object, java.lang.Object, java.lang.Object, java.lang.Object, java.lang.Object)'> (0x000000071848a858) 
thrown [s\open\src\hotspot\share\interpreter\linkResolver.cpp, line 759]
Event: 2.869 Thread 0x0000023140919dc0 Exception <a 'java/lang/NoSuchMethodError'{0x0000000718596130}: 'int java.lang.invoke.DirectMethodHandle$Holder.invokeStaticInit(java.lang.Object, java.lang.Object)'> (0x0000000718596130) 
thrown [s\open\src\hotspot\share\interpreter\linkResolver.cpp, line 759]
Event: 2.876 Thread 0x0000023140919dc0 Exception <a 'java/lang/NoClassDefFoundError'{0x00000007185d1918}: javax/enterprise/inject/Typed> (0x00000007185d1918) 
thrown [s\open\src\hotspot\share\classfile\systemDictionary.cpp, line 245]
Event: 3.556 Thread 0x0000023140919dc0 Exception <a 'java/lang/NoSuchMethodError'{0x0000000718a70990}: 'void java.lang.invoke.DirectMethodHandle$Holder.invokeStaticInit(java.lang.Object, java.lang.Object, java.lang.Object)'> (0x0000000718a70990) 
thrown [s\open\src\hotspot\share\interpreter\linkResolver.cpp, line 759]
Event: 3.559 Thread 0x0000023140919dc0 Exception <a 'java/lang/ExceptionInInitializerError'{0x0000000718a9c840}> (0x0000000718a9c840) 
thrown [s\open\src\hotspot\share\oops\instanceKlass.cpp, line 1216]
Event: 3.579 Thread 0x0000023140919dc0 Implicit null exception at 0x000002314fdfdc2f to 0x000002314fdfdd90
Event: 3.581 Thread 0x0000023140919dc0 Exception <a 'java/lang/NoSuchMethodError'{0x0000000718bb0058}: 'java.lang.Object java.lang.invoke.Invokers$Holder.invokeExact_MT(java.lang.Object, int, java.lang.Object)'> (0x0000000718bb0058) 
thrown [s\open\src\hotspot\share\interpreter\linkResolver.cpp, line 759]
Event: 3.591 Thread 0x0000023140919dc0 Exception <a 'java/lang/NoSuchMethodError'{0x000000071882b360}: 'int java.lang.invoke.DirectMethodHandle$Holder.invokeSpecial(java.lang.Object, java.lang.Object, java.lang.Object, java.lang.Object)'> (0x000000071882b360) 
thrown [s\open\src\hotspot\share\interpreter\linkResolver.cpp, line 759]
Event: 3.779 Thread 0x0000023140919dc0 Exception <a 'java/lang/NoClassDefFoundError'{0x0000000718087158}: com/google/inject/servlet/ServletModuleTargetVisitor> (0x0000000718087158) 
thrown [s\open\src\hotspot\share\classfile\systemDictionary.cpp, line 245]
Event: 3.822 Thread 0x0000023140919dc0 Exception <a 'java/lang/NoSuchMethodError'{0x0000000717f0e2d0}: 'void java.lang.invoke.DirectMethodHandle$Holder.invokeVirtual(java.lang.Object, java.lang.Object)'> (0x0000000717f0e2d0) 
thrown [s\open\src\hotspot\share\interpreter\linkResolver.cpp, line 759]
Event: 3.837 Thread 0x0000023140919dc0 Exception <a 'java/lang/NoSuchMethodError'{0x0000000717f95ca0}: 'java.lang.Object java.lang.invoke.DirectMethodHandle$Holder.invokeStaticInit(java.lang.Object, int, int, int, int)'> (0x0000000717f95ca0) 
thrown [s\open\src\hotspot\share\interpreter\linkResolver.cpp, line 759]
Event: 3.919 Thread 0x0000023140919dc0 Implicit null exception at 0x000002314fda8bf2 to 0x000002314fda91cc
Event: 3.919 Thread 0x0000023140919dc0 Implicit null exception at 0x000002314fd9e9f2 to 0x000002314fd9efe0
Event: 3.963 Thread 0x0000023140919dc0 Exception <a 'java/lang/NoSuchMethodError'{0x0000000717456190}: 'void java.lang.invoke.DirectMethodHandle$Holder.invokeSpecial(java.lang.Object, java.lang.Object, java.lang.Object, java.lang.Object, java.lang.Object)'> (0x0000000717456190) 
thrown [s\open\src\hotspot\share\interpreter\linkResolver.cpp, line 759]
Event: 3.965 Thread 0x0000023140919dc0 Exception <a 'java/lang/NoSuchMethodError'{0x000000071746f2c0}: 'void java.lang.invoke.DirectMethodHandle$Holder.invokeSpecial(java.lang.Object, java.lang.Object, java.lang.Object, java.lang.Object, java.lang.Object, java.lang.Object)'> (0x000000071746f2c0) 
thrown [s\open\src\hotspot\share\interpreter\linkResolver.cpp, line 759]
Event: 3.988 Thread 0x0000023140919dc0 Exception <a 'java/lang/NoSuchMethodError'{0x0000000717566d78}: 'java.lang.Object java.lang.invoke.DirectMethodHandle$Holder.invokeVirtual(java.lang.Object, java.lang.Object, java.lang.Object)'> (0x0000000717566d78) 
thrown [s\open\src\hotspot\share\interpreter\linkResolver.cpp, line 759]

VM Operations (20 events):
Event: 3.611 Executing VM operation: HandshakeAllThreads
Event: 3.611 Executing VM operation: HandshakeAllThreads done
Event: 3.612 Executing VM operation: HandshakeAllThreads
Event: 3.612 Executing VM operation: HandshakeAllThreads done
Event: 3.629 Executing VM operation: ICBufferFull
Event: 3.630 Executing VM operation: ICBufferFull done
Event: 3.655 Executing VM operation: HandshakeAllThreads
Event: 3.655 Executing VM operation: HandshakeAllThreads done
Event: 3.759 Executing VM operation: HandshakeAllThreads
Event: 3.760 Executing VM operation: HandshakeAllThreads done
Event: 3.829 Executing VM operation: HandshakeAllThreads
Event: 3.829 Executing VM operation: HandshakeAllThreads done
Event: 3.846 Executing VM operation: HandshakeAllThreads
Event: 3.846 Executing VM operation: HandshakeAllThreads done
Event: 3.855 Executing VM operation: ICBufferFull
Event: 3.855 Executing VM operation: ICBufferFull done
Event: 4.246 Executing VM operation: ICBufferFull
Event: 4.246 Executing VM operation: ICBufferFull done
Event: 4.341 Executing VM operation: HandshakeAllThreads
Event: 4.342 Executing VM operation: HandshakeAllThreads done

Events (20 events):
Event: 3.954 loading class sun/nio/ch/FileLockTable$FileLockReference done
Event: 3.954 loading class java/nio/channels/spi/AbstractInterruptibleChannel$1
Event: 3.955 loading class sun/nio/ch/Interruptible
Event: 3.955 loading class sun/nio/ch/Interruptible done
Event: 3.955 loading class java/nio/channels/spi/AbstractInterruptibleChannel$1 done
Event: 3.955 loading class java/util/AbstractMap$2
Event: 3.955 loading class java/util/AbstractMap$2 done
Event: 3.955 loading class java/util/AbstractMap$2$1
Event: 3.955 loading class java/util/AbstractMap$2$1 done
Event: 4.009 loading class sun/util/resources/LocaleData$CommonResourceBundleProvider
Event: 4.009 loading class sun/util/resources/LocaleData$LocaleDataResourceBundleProvider
Event: 4.009 loading class java/util/spi/ResourceBundleProvider
Event: 4.009 loading class java/util/spi/ResourceBundleProvider done
Event: 4.009 loading class sun/util/resources/LocaleData$LocaleDataResourceBundleProvider done
Event: 4.009 loading class sun/util/resources/LocaleData$CommonResourceBundleProvider done
Event: 4.009 loading class sun/util/resources/Bundles$2
Event: 4.010 loading class sun/util/resources/Bundles$2 done
Event: 4.089 loading class java/util/stream/Streams$RangeIntSpliterator
Event: 4.089 loading class java/util/stream/Streams$RangeIntSpliterator done
Event: 4.222 Thread 0x00000231a9dc0ce0 Thread exited: 0x00000231a9dc0ce0


Dynamic libraries:
0x00007ff65c840000 - 0x00007ff65c850000 	C:\Program Files\Java\jdk-17\bin\java.exe
0x00007ffb9b470000 - 0x00007ffb9b687000 	C:\WINDOWS\SYSTEM32\ntdll.dll
0x00007ffb9a340000 - 0x00007ffb9a404000 	C:\WINDOWS\System32\KERNEL32.DLL
0x00007ffb98c40000 - 0x00007ffb98ffa000 	C:\WINDOWS\System32\KERNELBASE.dll
0x00007ffb98770000 - 0x00007ffb98881000 	C:\WINDOWS\System32\ucrtbase.dll
0x00007ffb90dc0000 - 0x00007ffb90dd9000 	C:\Program Files\Java\jdk-17\bin\jli.dll
0x00007ffb90da0000 - 0x00007ffb90dbb000 	C:\Program Files\Java\jdk-17\bin\VCRUNTIME140.dll
0x00007ffb99da0000 - 0x00007ffb99e52000 	C:\WINDOWS\System32\ADVAPI32.dll
0x00007ffb9ab10000 - 0x00007ffb9abb7000 	C:\WINDOWS\System32\msvcrt.dll
0x00007ffb9a0a0000 - 0x00007ffb9a147000 	C:\WINDOWS\System32\sechost.dll
0x00007ffb98740000 - 0x00007ffb98768000 	C:\WINDOWS\System32\bcrypt.dll
0x00007ffb99c80000 - 0x00007ffb99d94000 	C:\WINDOWS\System32\RPCRT4.dll
0x00007ffb9a7f0000 - 0x00007ffb9a99e000 	C:\WINDOWS\System32\USER32.dll
0x00007ffb98950000 - 0x00007ffb98976000 	C:\WINDOWS\System32\win32u.dll
0x00007ffb85370000 - 0x00007ffb85602000 	C:\WINDOWS\WinSxS\amd64_microsoft.windows.common-controls_6595b64144ccf1df_6.0.22621.4541_none_2710d1c57384c085\COMCTL32.dll
0x00007ffb99180000 - 0x00007ffb991a9000 	C:\WINDOWS\System32\GDI32.dll
0x00007ffb98b20000 - 0x00007ffb98c3b000 	C:\WINDOWS\System32\gdi32full.dll
0x00007ffb98a80000 - 0x00007ffb98b1a000 	C:\WINDOWS\System32\msvcp_win.dll
0x00007ffb90fc0000 - 0x00007ffb90fca000 	C:\WINDOWS\SYSTEM32\VERSION.dll
0x00007ffb9a410000 - 0x00007ffb9a441000 	C:\WINDOWS\System32\IMM32.DLL
0x00007ffb90ce0000 - 0x00007ffb90cec000 	C:\Program Files\Java\jdk-17\bin\vcruntime140_1.dll
0x00007ffb63170000 - 0x00007ffb631fe000 	C:\Program Files\Java\jdk-17\bin\msvcp140.dll
0x00007ffaebb60000 - 0x00007ffaec740000 	C:\Program Files\Java\jdk-17\bin\server\jvm.dll
0x00007ffb9a090000 - 0x00007ffb9a098000 	C:\WINDOWS\System32\PSAPI.DLL
0x00007ffb95680000 - 0x00007ffb956b4000 	C:\WINDOWS\SYSTEM32\WINMM.dll
0x00007ffb742e0000 - 0x00007ffb742e9000 	C:\WINDOWS\SYSTEM32\WSOCK32.dll
0x00007ffb9a2c0000 - 0x00007ffb9a331000 	C:\WINDOWS\System32\WS2_32.dll
0x00007ffb97700000 - 0x00007ffb97718000 	C:\WINDOWS\SYSTEM32\kernel.appcore.dll
0x00007ffb90cd0000 - 0x00007ffb90cda000 	C:\Program Files\Java\jdk-17\bin\jimage.dll
0x00007ffb96070000 - 0x00007ffb962a2000 	C:\WINDOWS\SYSTEM32\DBGHELP.DLL
0x00007ffb9a460000 - 0x00007ffb9a7ef000 	C:\WINDOWS\System32\combase.dll
0x00007ffb9b330000 - 0x00007ffb9b407000 	C:\WINDOWS\System32\OLEAUT32.dll
0x00007ffb8ea60000 - 0x00007ffb8ea92000 	C:\WINDOWS\SYSTEM32\dbgcore.DLL
0x00007ffb98a00000 - 0x00007ffb98a7b000 	C:\WINDOWS\System32\bcryptPrimitives.dll
0x00007ffb8edf0000 - 0x00007ffb8edfe000 	C:\Program Files\Java\jdk-17\bin\instrument.dll
0x00007ffb88c20000 - 0x00007ffb88c45000 	C:\Program Files\Java\jdk-17\bin\java.dll
0x00007ffb2dc60000 - 0x00007ffb2dd37000 	C:\Program Files\Java\jdk-17\bin\jsvml.dll
0x00007ffb99400000 - 0x00007ffb99c78000 	C:\WINDOWS\System32\SHELL32.dll
0x00007ffb965f0000 - 0x00007ffb96ef8000 	C:\WINDOWS\SYSTEM32\windows.storage.dll
0x00007ffb964b0000 - 0x00007ffb965ef000 	C:\WINDOWS\SYSTEM32\wintypes.dll
0x00007ffb9abc0000 - 0x00007ffb9acba000 	C:\WINDOWS\System32\SHCORE.dll
0x00007ffb9a160000 - 0x00007ffb9a1be000 	C:\WINDOWS\System32\shlwapi.dll
0x00007ffb98670000 - 0x00007ffb9869b000 	C:\WINDOWS\SYSTEM32\profapi.dll
0x00007ffb82210000 - 0x00007ffb82228000 	C:\Program Files\Java\jdk-17\bin\zip.dll
0x00007ffb80070000 - 0x00007ffb80089000 	C:\Program Files\Java\jdk-17\bin\net.dll
0x00007ffb930c0000 - 0x00007ffb931f6000 	C:\WINDOWS\SYSTEM32\WINHTTP.dll
0x00007ffb97b70000 - 0x00007ffb97bd9000 	C:\WINDOWS\system32\mswsock.dll
0x00007ffb7aa50000 - 0x00007ffb7aa66000 	C:\Program Files\Java\jdk-17\bin\nio.dll
0x00007ffb7aa30000 - 0x00007ffb7aa4a000 	D:\BaiduNetdiskDownload\IntelliJ IDEA 2024.3\bin\breakgen64.dll
0x00007ffb6dbf0000 - 0x00007ffb6dc14000 	C:\Users\wjy\AppData\Local\Temp\jansi-2.4.1-b3c18658a4cd8697-jansi.dll
0x00007ffb8ede0000 - 0x00007ffb8edf0000 	C:\Program Files\Java\jdk-17\bin\verify.dll

dbghelp: loaded successfully - version: 4.0.5 - missing functions: none
symbol engine: initialized successfully - sym options: 0x614 - pdb path: .;C:\Program Files\Java\jdk-17\bin;C:\WINDOWS\SYSTEM32;C:\WINDOWS\WinSxS\amd64_microsoft.windows.common-controls_6595b64144ccf1df_6.0.22621.4541_none_2710d1c57384c085;C:\Program Files\Java\jdk-17\bin\server;D:\BaiduNetdiskDownload\IntelliJ IDEA 2024.3\bin;C:\Users\wjy\AppData\Local\Temp

VM Arguments:
jvm_args: -Dmaven.multiModuleProjectDirectory=C:\Users\wjy\Desktop\clone\region -Djansi.passthrough=true -Dmaven.home=D:\BaiduNetdiskDownload\IntelliJ IDEA 2024.3\plugins\maven\lib\maven3 -Dclassworlds.conf=D:\BaiduNetdiskDownload\IntelliJ IDEA 2024.3\plugins\maven\lib\maven3\bin\m2.conf -Dmaven.ext.class.path=D:\BaiduNetdiskDownload\IntelliJ IDEA 2024.3\plugins\maven\lib\maven-event-listener.jar -javaagent:D:\BaiduNetdiskDownload\IntelliJ IDEA 2024.3\lib\idea_rt.jar=64613:D:\BaiduNetdiskDownload\IntelliJ IDEA 2024.3\bin -Dfile.encoding=UTF-8 
java_command: org.codehaus.classworlds.Launcher -Didea.version=2024.3 -s D:\BaiduNetdiskDownload\apache-maven-3.8.1\conf\settings.xml -Dmaven.repo.local=D:\BaiduNetdiskDownload\apache-maven-3.8.1\.m2 test
java_class_path (initial): D:\BaiduNetdiskDownload\IntelliJ IDEA 2024.3\plugins\maven\lib\maven3\boot\plexus-classworlds-2.8.0.jar;D:\BaiduNetdiskDownload\IntelliJ IDEA 2024.3\plugins\maven\lib\maven3\boot\plexus-classworlds.license
Launcher Type: SUN_STANDARD

[Global flags]
     intx CICompilerCount                          = 12                                        {product} {ergonomic}
     uint ConcGCThreads                            = 3                                         {product} {ergonomic}
     uint G1ConcRefinementThreads                  = 13                                        {product} {ergonomic}
   size_t G1HeapRegionSize                         = 2097152                                   {product} {ergonomic}
    uintx GCDrainStackTargetSize                   = 64                                        {product} {ergonomic}
   size_t InitialHeapSize                          = 257949696                                 {product} {ergonomic}
   size_t MarkStackSize                            = 4194304                                   {product} {ergonomic}
   size_t MaxHeapSize                              = 4123000832                                {product} {ergonomic}
   size_t MaxNewSize                               = 2472542208                                {product} {ergonomic}
   size_t MinHeapDeltaBytes                        = 2097152                                   {product} {ergonomic}
   size_t MinHeapSize                              = 8388608                                   {product} {ergonomic}
    uintx NonNMethodCodeHeapSize                   = 7602480                                {pd product} {ergonomic}
    uintx NonProfiledCodeHeapSize                  = 122027880                              {pd product} {ergonomic}
    uintx ProfiledCodeHeapSize                     = 122027880                              {pd product} {ergonomic}
    uintx ReservedCodeCacheSize                    = 251658240                              {pd product} {ergonomic}
     bool SegmentedCodeCache                       = true                                      {product} {ergonomic}
   size_t SoftMaxHeapSize                          = 4123000832                             {manageable} {ergonomic}
     bool UseCompressedClassPointers               = true                           {product lp64_product} {ergonomic}
     bool UseCompressedOops                        = true                           {product lp64_product} {ergonomic}
     bool UseG1GC                                  = true                                      {product} {ergonomic}
     bool UseLargePagesIndividualAllocation        = false                                  {pd product} {ergonomic}

Logging:
Log output configuration:
 #0: stdout all=warning uptime,level,tags
 #1: stderr all=off uptime,level,tags

Environment Variables:
JAVA_HOME=C:\Program Files\Java\jdk-17
PATH=C:\Program Files\Common Files\Oracle\Java\javapath;D:\BaiduNetdiskDownload\nodejs;D:\BaiduNetdiskDownload\jdk1.8\bin;D:\bin\;C:\Windows\system32;C:\Windows;C:\Windows\System32\Wbem;C:\Windows\System32\WindowsPowerShell\v1.0\;C:\Windows\System32\OpenSSH\;C:\Program Files (x86)\NVIDIA Corporation\PhysX\Common;C:\WINDOWS\system32;C:\WINDOWS;C:\WINDOWS\System32\Wbem;C:\WINDOWS\System32\WindowsPowerShell\v1.0\;C:\WINDOWS\System32\OpenSSH\;C:\Program Files\dotnet\;D:\Git\cmd;D:\360downloads\apache-maven-3.9.9\bin;C:\Program Files (x86)\Windows Kits\10\Windows Performance Toolkit\;D:\360downloads\SQL 2019\150\Tools\Binn\;D:\360downloads\SQL SERVER 2019\150\Tools\Binn\;D:\360downloads\SQL SERVER 2019\150\DTS\Binn\;D:\360downloads\SQL SERVER 2019\Client SDK\ODBC\170\Tools\Binn\;D:\360downloads\SQL 2019\150\DTS\Binn\;D:\360downloads\SQL 2019\160\DTS\Binn\;D:\360downloads\SQL SERVER 2019\130\DTS\Binn\;D:\360downloads\SQL SERVER 2019\140\DTS\Binn\;D:\360downloads\SQL SERVER 2019\160\DTS\Binn\;C:\MinGW\bin;C:\Program Files\nodejs\;C:\Program Files\Java\jdk-17\bin;C:\Program Files\Java\jdk-17\jre\bin;D:\Anaconda;D:\Anaconda\Library\mingw-w64\bin;D:\Anaconda\Library\usr\bin;D:\Anaconda\Library\bin;D:\Anaconda\Scripts;C:\Users\wjy\AppData\Local\Programs\Python\Python311\Scripts\;C:\Users\wjy\AppData\Local\Programs\Python\Python311\;C:\Users\wjy\AppData\Local\Microsoft\WindowsApps;C:\Users\wjy\.dotnet\tools;D:\Microsoft VS Code\bin;D:\SQL\Program Files\MySQL\MySQL Server 8.4\bin;C:\Users\wjy\AppData\Roaming\npm
USERNAME=wjy
OS=Windows_NT
PROCESSOR_IDENTIFIER=AMD64 Family 25 Model 80 Stepping 0, AuthenticAMD



---------------  S Y S T E M  ---------------

OS:
 Windows 11 , 64 bit Build 22621 (10.0.22621.4391)
OS uptime: 0 days 11:11 hours
Hyper-V role detected

CPU: total 16 (initial active 16) (16 cores per cpu, 2 threads per core) family 25 model 80 stepping 0 microcode 0x0, cx8, cmov, fxsr, ht, mmx, 3dnowpref, sse, sse2, sse3, ssse3, sse4a, sse4.1, sse4.2, popcnt, lzcnt, tsc, tscinvbit, avx, avx2, aes, erms, clmul, bmi1, bmi2, adx, sha, fma, vzeroupper, clflush, clflushopt, hv

Memory: 4k page, system-wide physical 15724M (3809M free)
TotalPageFile size 19820M (AvailPageFile size 0M)
current process WorkingSet (physical memory assigned to process): 150M, peak: 150M
current process commit charge ("private bytes"): 406M, peak: 406M

vm_info: Java HotSpot(TM) 64-Bit Server VM (17.0.12+8-LTS-286) for windows-amd64 JRE (17.0.12+8-LTS-286), built on Jun  5 2024 06:46:59 by "mach5one" with MS VC++ 17.6 (VS2022)

END.
