#
# There is insufficient memory for the Java Runtime Environment to continue.
# Native memory allocation (mmap) failed to map 257949696 bytes for G1 virtual space
# Possible reasons:
#   The system is out of physical RAM or swap space
#   The process is running with CompressedOops enabled, and the Java Heap may be blocking the growth of the native heap
# Possible solutions:
#   Reduce memory load on the system
#   Increase physical memory or swap space
#   Check if swap backing store is full
#   Decrease Java heap size (-Xmx/-Xms)
#   Decrease number of Java threads
#   Decrease Java thread stack sizes (-Xss)
#   Set larger code cache with -XX:ReservedCodeCacheSize=
#   JVM is running with Zero Based Compressed Oops mode in which the Java heap is
#     placed in the first 32GB address space. The Java Heap base address is the
#     maximum limit for the native heap growth. Please use -XX:HeapBaseMinAddress
#     to set the Java Heap base and to place the Java Heap above 32GB virtual address.
# This output file may be truncated or incomplete.
#
#  Out of Memory Error (os_windows.cpp:3548), pid=28024, tid=20168
#
# JRE version:  (17.0.12+8) (build )
# Java VM: Java HotSpot(TM) 64-Bit Server VM (17.0.12+8-LTS-286, mixed mode, sharing, tiered, compressed oops, compressed class ptrs, g1 gc, windows-amd64)
# No core dump will be written. Minidumps are not enabled by default on client versions of Windows
#

---------------  S U M M A R Y ------------

Command Line: -Dmaven.multiModuleProjectDirectory=C:\Users\wjy\Desktop\clone\region -Djansi.passthrough=true -Dmaven.home=D:\BaiduNetdiskDownload\IntelliJ IDEA 2024.3\plugins\maven\lib\maven3 -Dclassworlds.conf=D:\BaiduNetdiskDownload\IntelliJ IDEA 2024.3\plugins\maven\lib\maven3\bin\m2.conf -Dmaven.ext.class.path=D:\BaiduNetdiskDownload\IntelliJ IDEA 2024.3\plugins\maven\lib\maven-event-listener.jar -javaagent:D:\BaiduNetdiskDownload\IntelliJ IDEA 2024.3\lib\idea_rt.jar=64647:D:\BaiduNetdiskDownload\IntelliJ IDEA 2024.3\bin -Dfile.encoding=UTF-8 org.codehaus.classworlds.Launcher -Didea.version=2024.3 -s D:\BaiduNetdiskDownload\apache-maven-3.8.1\conf\settings.xml -Dmaven.repo.local=D:\BaiduNetdiskDownload\apache-maven-3.8.1\.m2 test

Host: AMD Ryzen 7 5800H with Radeon Graphics         , 16 cores, 15G,  Windows 11 , 64 bit Build 22621 (10.0.22621.4391)
Time: Tue Dec 24 11:23:04 2024  Windows 11 , 64 bit Build 22621 (10.0.22621.4391) elapsed time: 0.014221 seconds (0d 0h 0m 0s)

---------------  T H R E A D  ---------------

Current thread (0x0000025a5536ad10):  JavaThread "Unknown thread" [_thread_in_vm, id=20168, stack(0x000000a44b500000,0x000000a44b600000)]

Stack: [0x000000a44b500000,0x000000a44b600000]
Native frames: (J=compiled Java code, j=interpreted, Vv=VM code, C=native code)
V  [jvm.dll+0x67a04a]
V  [jvm.dll+0x7da4ed]
V  [jvm.dll+0x7dbe33]
V  [jvm.dll+0x7dc4a3]
V  [jvm.dll+0x24508f]
V  [jvm.dll+0x677089]
V  [jvm.dll+0x66bd32]
V  [jvm.dll+0x301fa6]
V  [jvm.dll+0x309546]
V  [jvm.dll+0x359d2e]
V  [jvm.dll+0x359f5f]
V  [jvm.dll+0x2d9078]
V  [jvm.dll+0x2d9fe4]
V  [jvm.dll+0x7aca21]
V  [jvm.dll+0x367591]
V  [jvm.dll+0x78b999]
V  [jvm.dll+0x3ec83f]
V  [jvm.dll+0x3ee471]
C  [jli.dll+0x5297]
C  [ucrtbase.dll+0x29333]
C  [KERNEL32.DLL+0x1259d]
C  [ntdll.dll+0x5af38]


---------------  P R O C E S S  ---------------

Threads class SMR info:
_java_thread_list=0x00007ffaec467a18, length=0, elements={
}

Java Threads: ( => current thread )

Other Threads:
  0x0000025a553ced40 GCTaskThread "GC Thread#0" [stack: 0x000000a44b600000,0x000000a44b700000] [id=24876]
  0x0000025a553e0170 ConcurrentGCThread "G1 Main Marker" [stack: 0x000000a44b700000,0x000000a44b800000] [id=12088]
  0x0000025a553e4150 ConcurrentGCThread "G1 Conc#0" [stack: 0x000000a44b800000,0x000000a44b900000] [id=21880]

[error occurred during error reporting (printing all threads), id 0xc0000005, EXCEPTION_ACCESS_VIOLATION (0xc0000005) at pc=0x00007ffaebc99b67]

VM state: not at safepoint (not fully initialized)

VM Mutex/Monitor currently owned by a thread:  ([mutex/lock_event])
[0x0000025a55367730] Heap_lock - owner thread: 0x0000025a5536ad10

Heap address: 0x000000070a400000, size: 3932 MB, Compressed Oops mode: Zero based, Oop shift amount: 3

CDS archive(s) mapped at: [0x0000000000000000-0x0000000000000000-0x0000000000000000), size 0, SharedBaseAddress: 0x0000000800000000, ArchiveRelocationMode: 1.
Narrow klass base: 0x0000000000000000, Narrow klass shift: 0, Narrow klass range: 0x0

GC Precious Log:
<Empty>

Heap:
 garbage-first heap   total 0K, used 0K [0x000000070a400000, 0x0000000800000000)
  region size 2048K, 0 young (0K), 0 survivors (0K)

[error occurred during error reporting (printing heap information), id 0xc0000005, EXCEPTION_ACCESS_VIOLATION (0xc0000005) at pc=0x00007ffaec083859]

GC Heap History (0 events):
No events

Deoptimization events (0 events):
No events

Classes unloaded (0 events):
No events

Classes redefined (0 events):
No events

Internal exceptions (0 events):
No events

VM Operations (0 events):
No events

Events (1 events):
Event: 0.009 Loaded shared library C:\Program Files\Java\jdk-17\bin\java.dll


Dynamic libraries:
0x00007ff65c840000 - 0x00007ff65c850000 	C:\Program Files\Java\jdk-17\bin\java.exe
0x00007ffb9b470000 - 0x00007ffb9b687000 	C:\WINDOWS\SYSTEM32\ntdll.dll
0x00007ffb9a340000 - 0x00007ffb9a404000 	C:\WINDOWS\System32\KERNEL32.DLL
0x00007ffb98c40000 - 0x00007ffb98ffa000 	C:\WINDOWS\System32\KERNELBASE.dll
0x00007ffb98770000 - 0x00007ffb98881000 	C:\WINDOWS\System32\ucrtbase.dll
0x00007ffb90cd0000 - 0x00007ffb90ce9000 	C:\Program Files\Java\jdk-17\bin\jli.dll
0x00007ffb8ede0000 - 0x00007ffb8edfb000 	C:\Program Files\Java\jdk-17\bin\VCRUNTIME140.dll
0x00007ffb99da0000 - 0x00007ffb99e52000 	C:\WINDOWS\System32\ADVAPI32.dll
0x00007ffb9ab10000 - 0x00007ffb9abb7000 	C:\WINDOWS\System32\msvcrt.dll
0x00007ffb9a0a0000 - 0x00007ffb9a147000 	C:\WINDOWS\System32\sechost.dll
0x00007ffb98740000 - 0x00007ffb98768000 	C:\WINDOWS\System32\bcrypt.dll
0x00007ffb99c80000 - 0x00007ffb99d94000 	C:\WINDOWS\System32\RPCRT4.dll
0x00007ffb9a7f0000 - 0x00007ffb9a99e000 	C:\WINDOWS\System32\USER32.dll
0x00007ffb98950000 - 0x00007ffb98976000 	C:\WINDOWS\System32\win32u.dll
0x00007ffb99180000 - 0x00007ffb991a9000 	C:\WINDOWS\System32\GDI32.dll
0x00007ffb98b20000 - 0x00007ffb98c3b000 	C:\WINDOWS\System32\gdi32full.dll
0x00007ffb85370000 - 0x00007ffb85602000 	C:\WINDOWS\WinSxS\amd64_microsoft.windows.common-controls_6595b64144ccf1df_6.0.22621.4541_none_2710d1c57384c085\COMCTL32.dll
0x00007ffb98a80000 - 0x00007ffb98b1a000 	C:\WINDOWS\System32\msvcp_win.dll
0x00007ffb90fc0000 - 0x00007ffb90fca000 	C:\WINDOWS\SYSTEM32\VERSION.dll
0x00007ffb9a410000 - 0x00007ffb9a441000 	C:\WINDOWS\System32\IMM32.DLL
0x00007ffb8ea20000 - 0x00007ffb8ea2c000 	C:\Program Files\Java\jdk-17\bin\vcruntime140_1.dll
0x00007ffb63170000 - 0x00007ffb631fe000 	C:\Program Files\Java\jdk-17\bin\msvcp140.dll
0x00007ffaeb9b0000 - 0x00007ffaec590000 	C:\Program Files\Java\jdk-17\bin\server\jvm.dll
0x00007ffb9a090000 - 0x00007ffb9a098000 	C:\WINDOWS\System32\PSAPI.DLL
0x00007ffb742e0000 - 0x00007ffb742e9000 	C:\WINDOWS\SYSTEM32\WSOCK32.dll
0x00007ffb95680000 - 0x00007ffb956b4000 	C:\WINDOWS\SYSTEM32\WINMM.dll
0x00007ffb9a2c0000 - 0x00007ffb9a331000 	C:\WINDOWS\System32\WS2_32.dll
0x00007ffb97700000 - 0x00007ffb97718000 	C:\WINDOWS\SYSTEM32\kernel.appcore.dll
0x00007ffb88c40000 - 0x00007ffb88c4a000 	C:\Program Files\Java\jdk-17\bin\jimage.dll
0x00007ffb96070000 - 0x00007ffb962a2000 	C:\WINDOWS\SYSTEM32\DBGHELP.DLL
0x00007ffb9a460000 - 0x00007ffb9a7ef000 	C:\WINDOWS\System32\combase.dll
0x00007ffb9b330000 - 0x00007ffb9b407000 	C:\WINDOWS\System32\OLEAUT32.dll
0x00007ffb8ea60000 - 0x00007ffb8ea92000 	C:\WINDOWS\SYSTEM32\dbgcore.DLL
0x00007ffb98a00000 - 0x00007ffb98a7b000 	C:\WINDOWS\System32\bcryptPrimitives.dll
0x00007ffb88c30000 - 0x00007ffb88c3e000 	C:\Program Files\Java\jdk-17\bin\instrument.dll
0x00007ffb7aa40000 - 0x00007ffb7aa65000 	C:\Program Files\Java\jdk-17\bin\java.dll

dbghelp: loaded successfully - version: 4.0.5 - missing functions: none
symbol engine: initialized successfully - sym options: 0x614 - pdb path: .;C:\Program Files\Java\jdk-17\bin;C:\WINDOWS\SYSTEM32;C:\WINDOWS\WinSxS\amd64_microsoft.windows.common-controls_6595b64144ccf1df_6.0.22621.4541_none_2710d1c57384c085;C:\Program Files\Java\jdk-17\bin\server

VM Arguments:
jvm_args: -Dmaven.multiModuleProjectDirectory=C:\Users\wjy\Desktop\clone\region -Djansi.passthrough=true -Dmaven.home=D:\BaiduNetdiskDownload\IntelliJ IDEA 2024.3\plugins\maven\lib\maven3 -Dclassworlds.conf=D:\BaiduNetdiskDownload\IntelliJ IDEA 2024.3\plugins\maven\lib\maven3\bin\m2.conf -Dmaven.ext.class.path=D:\BaiduNetdiskDownload\IntelliJ IDEA 2024.3\plugins\maven\lib\maven-event-listener.jar -javaagent:D:\BaiduNetdiskDownload\IntelliJ IDEA 2024.3\lib\idea_rt.jar=64647:D:\BaiduNetdiskDownload\IntelliJ IDEA 2024.3\bin -Dfile.encoding=UTF-8 
java_command: org.codehaus.classworlds.Launcher -Didea.version=2024.3 -s D:\BaiduNetdiskDownload\apache-maven-3.8.1\conf\settings.xml -Dmaven.repo.local=D:\BaiduNetdiskDownload\apache-maven-3.8.1\.m2 test
java_class_path (initial): D:\BaiduNetdiskDownload\IntelliJ IDEA 2024.3\plugins\maven\lib\maven3\boot\plexus-classworlds-2.8.0.jar;D:\BaiduNetdiskDownload\IntelliJ IDEA 2024.3\plugins\maven\lib\maven3\boot\plexus-classworlds.license
Launcher Type: SUN_STANDARD

[Global flags]
     intx CICompilerCount                          = 12                                        {product} {ergonomic}
     uint ConcGCThreads                            = 3                                         {product} {ergonomic}
     uint G1ConcRefinementThreads                  = 13                                        {product} {ergonomic}
   size_t G1HeapRegionSize                         = 2097152                                   {product} {ergonomic}
    uintx GCDrainStackTargetSize                   = 64                                        {product} {ergonomic}
   size_t InitialHeapSize                          = 257949696                                 {product} {ergonomic}
   size_t MarkStackSize                            = 4194304                                   {product} {ergonomic}
   size_t MaxHeapSize                              = 4123000832                                {product} {ergonomic}
   size_t MinHeapDeltaBytes                        = 2097152                                   {product} {ergonomic}
   size_t MinHeapSize                              = 8388608                                   {product} {ergonomic}
    uintx NonNMethodCodeHeapSize                   = 7602480                                {pd product} {ergonomic}
    uintx NonProfiledCodeHeapSize                  = 122027880                              {pd product} {ergonomic}
    uintx ProfiledCodeHeapSize                     = 122027880                              {pd product} {ergonomic}
    uintx ReservedCodeCacheSize                    = 251658240                              {pd product} {ergonomic}
     bool SegmentedCodeCache                       = true                                      {product} {ergonomic}
   size_t SoftMaxHeapSize                          = 4123000832                             {manageable} {ergonomic}
     bool UseCompressedClassPointers               = true                           {product lp64_product} {ergonomic}
     bool UseCompressedOops                        = true                           {product lp64_product} {ergonomic}
     bool UseG1GC                                  = true                                      {product} {ergonomic}
     bool UseLargePagesIndividualAllocation        = false                                  {pd product} {ergonomic}

Logging:
Log output configuration:
 #0: stdout all=warning uptime,level,tags
 #1: stderr all=off uptime,level,tags

Environment Variables:
JAVA_HOME=C:\Program Files\Java\jdk-17
PATH=C:\Program Files\Common Files\Oracle\Java\javapath;D:\BaiduNetdiskDownload\nodejs;D:\BaiduNetdiskDownload\jdk1.8\bin;D:\bin\;C:\Windows\system32;C:\Windows;C:\Windows\System32\Wbem;C:\Windows\System32\WindowsPowerShell\v1.0\;C:\Windows\System32\OpenSSH\;C:\Program Files (x86)\NVIDIA Corporation\PhysX\Common;C:\WINDOWS\system32;C:\WINDOWS;C:\WINDOWS\System32\Wbem;C:\WINDOWS\System32\WindowsPowerShell\v1.0\;C:\WINDOWS\System32\OpenSSH\;C:\Program Files\dotnet\;D:\Git\cmd;D:\360downloads\apache-maven-3.9.9\bin;C:\Program Files (x86)\Windows Kits\10\Windows Performance Toolkit\;D:\360downloads\SQL 2019\150\Tools\Binn\;D:\360downloads\SQL SERVER 2019\150\Tools\Binn\;D:\360downloads\SQL SERVER 2019\150\DTS\Binn\;D:\360downloads\SQL SERVER 2019\Client SDK\ODBC\170\Tools\Binn\;D:\360downloads\SQL 2019\150\DTS\Binn\;D:\360downloads\SQL 2019\160\DTS\Binn\;D:\360downloads\SQL SERVER 2019\130\DTS\Binn\;D:\360downloads\SQL SERVER 2019\140\DTS\Binn\;D:\360downloads\SQL SERVER 2019\160\DTS\Binn\;C:\MinGW\bin;C:\Program Files\nodejs\;C:\Program Files\Java\jdk-17\bin;C:\Program Files\Java\jdk-17\jre\bin;D:\Anaconda;D:\Anaconda\Library\mingw-w64\bin;D:\Anaconda\Library\usr\bin;D:\Anaconda\Library\bin;D:\Anaconda\Scripts;C:\Users\wjy\AppData\Local\Programs\Python\Python311\Scripts\;C:\Users\wjy\AppData\Local\Programs\Python\Python311\;C:\Users\wjy\AppData\Local\Microsoft\WindowsApps;C:\Users\wjy\.dotnet\tools;D:\Microsoft VS Code\bin;D:\SQL\Program Files\MySQL\MySQL Server 8.4\bin;C:\Users\wjy\AppData\Roaming\npm
USERNAME=wjy
OS=Windows_NT
PROCESSOR_IDENTIFIER=AMD64 Family 25 Model 80 Stepping 0, AuthenticAMD



---------------  S Y S T E M  ---------------

OS:
 Windows 11 , 64 bit Build 22621 (10.0.22621.4391)
OS uptime: 0 days 11:11 hours
Hyper-V role detected

CPU: total 16 (initial active 16) (16 cores per cpu, 2 threads per core) family 25 model 80 stepping 0 microcode 0x0, cx8, cmov, fxsr, ht, mmx, 3dnowpref, sse, sse2, sse3, ssse3, sse4a, sse4.1, sse4.2, popcnt, lzcnt, tsc, tscinvbit, avx, avx2, aes, erms, clmul, bmi1, bmi2, adx, sha, fma, vzeroupper, clflush, clflushopt, hv

Memory: 4k page, system-wide physical 15724M (3649M free)
TotalPageFile size 19820M (AvailPageFile size 147M)
current process WorkingSet (physical memory assigned to process): 11M, peak: 11M
current process commit charge ("private bytes"): 70M, peak: 316M

vm_info: Java HotSpot(TM) 64-Bit Server VM (17.0.12+8-LTS-286) for windows-amd64 JRE (17.0.12+8-LTS-286), built on Jun  5 2024 06:46:59 by "mach5one" with MS VC++ 17.6 (VS2022)

END.
